#
# There is insufficient memory for the Java Runtime Environment to continue.
# Native memory allocation (malloc) failed to allocate 1387696 bytes for Chunk::new
# Possible reasons:
#   The system is out of physical RAM or swap space
#   The process is running with CompressedOops enabled, and the Java Heap may be blocking the growth of the native heap
# Possible solutions:
#   Reduce memory load on the system
#   Increase physical memory or swap space
#   Check if swap backing store is full
#   Decrease Java heap size (-Xmx/-Xms)
#   Decrease number of Java threads
#   Decrease Java thread stack sizes (-Xss)
#   Set larger code cache with -XX:ReservedCodeCacheSize=
#   JVM is running with Unscaled Compressed Oops mode in which the Java heap is
#     placed in the first 4GB address space. The Java Heap base address is the
#     maximum limit for the native heap growth. Please use -XX:HeapBaseMinAddress
#     to set the Java Heap base and to place the Java Heap above 4GB virtual address.
# This output file may be truncated or incomplete.
#
#  Out of Memory Error (arena.cpp:168), pid=9132, tid=9924
#
# JRE version: Java(TM) SE Runtime Environment (21.0.10+8) (build 21.0.10+8-LTS-217)
# Java VM: Java HotSpot(TM) 64-Bit Server VM (21.0.10+8-LTS-217, mixed mode, sharing, tiered, compressed oops, compressed class ptrs, g1 gc, windows-amd64)
# No core dump will be written. Minidumps are not enabled by default on client versions of Windows
#

---------------  S U M M A R Y ------------

Command Line: --add-opens=java.base/java.lang=ALL-UNNAMED --add-opens=java.base/java.lang.invoke=ALL-UNNAMED --add-opens=java.base/java.util=ALL-UNNAMED --add-opens=java.prefs/java.util.prefs=ALL-UNNAMED --add-exports=jdk.compiler/com.sun.tools.javac.api=ALL-UNNAMED --add-exports=jdk.compiler/com.sun.tools.javac.util=ALL-UNNAMED --add-opens=java.base/java.util=ALL-UNNAMED --add-opens=java.prefs/java.util.prefs=ALL-UNNAMED --add-opens=java.base/java.nio.charset=ALL-UNNAMED --add-opens=java.base/java.net=ALL-UNNAMED --add-opens=java.base/java.util.concurrent=ALL-UNNAMED --add-opens=java.base/java.util.concurrent.atomic=ALL-UNNAMED --add-opens=java.xml/javax.xml.namespace=ALL-UNNAMED --add-opens=java.base/java.time=ALL-UNNAMED -XX:MaxMetaspaceSize=384m -XX:+HeapDumpOnOutOfMemoryError -Xms256m -Xmx512m -Dfile.encoding=UTF-8 -Duser.country=ID -Duser.language=id -Duser.variant -javaagent:C:\Users\ASUS\.gradle\wrapper\dists\gradle-9.2.0-bin\11i5gvueggl8a5cioxuftxrik\gradle-9.2.0\lib\agents\gradle-instrumentation-agent-9.2.0.jar org.gradle.launcher.daemon.bootstrap.GradleDaemon 9.2.0

Host: AMD Ryzen 5 7520U with Radeon Graphics         , 8 cores, 7G,  Windows 11 , 64 bit Build 26100 (10.0.26100.8328)
Time: Fri May 29 16:03:17 2026 W. Australia Standard Time elapsed time: 14.466951 seconds (0d 0h 0m 14s)

---------------  T H R E A D  ---------------

Current thread (0x0000025e928e83d0):  JavaThread "C2 CompilerThread0" daemon [_thread_in_native, id=9924, stack(0x0000008af4500000,0x0000008af4600000) (1024K)]


Current CompileTask:
C2:  14467 3719  s    4       java.util.jar.JarFile::getInputStream (88 bytes)

Stack: [0x0000008af4500000,0x0000008af4600000]
Native frames: (J=compiled Java code, j=interpreted, Vv=VM code, C=native code)
V  [jvm.dll+0x6d0b59]
V  [jvm.dll+0x85fd56]
V  [jvm.dll+0x86224e]
V  [jvm.dll+0x862923]
V  [jvm.dll+0x282a16]
V  [jvm.dll+0xc662d]
V  [jvm.dll+0xc6b71]
V  [jvm.dll+0x3bbb21]
V  [jvm.dll+0x387fd2]
V  [jvm.dll+0x38741a]
V  [jvm.dll+0x24b370]
V  [jvm.dll+0x24a94f]
V  [jvm.dll+0x1cacfe]
V  [jvm.dll+0x25a629]
V  [jvm.dll+0x258bb5]
V  [jvm.dll+0x3f4da1]
V  [jvm.dll+0x80a83d]
V  [jvm.dll+0x6cf3fd]
C  [ucrtbase.dll+0x37b0]
C  [KERNEL32.DLL+0x2e957]
C  [ntdll.dll+0x427c]


---------------  P R O C E S S  ---------------

Threads class SMR info:
_java_thread_list=0x0000025eade1f370, length=36, elements={
0x0000025ef59660b0, 0x0000025e927aaca0, 0x0000025e927ae280, 0x0000025e927bcf10,
0x0000025e927bdcd0, 0x0000025e927be8e0, 0x0000025e928e1d00, 0x0000025e928e83d0,
0x0000025e9290caf0, 0x0000025e92b7d8b0, 0x0000025e92b97db0, 0x0000025ead79ed60,
0x0000025ead756900, 0x0000025eacd55fd0, 0x0000025ead8471f0, 0x0000025ead8360d0,
0x0000025e92a3f4b0, 0x0000025e92a3fb20, 0x0000025eacc3f5a0, 0x0000025eacc33e60,
0x0000025eacc32ab0, 0x0000025eacc35f30, 0x0000025eacc358a0, 0x0000025eacc33140,
0x0000025eaece0020, 0x0000025eaece1a60, 0x0000025eaece06b0, 0x0000025eaece20f0,
0x0000025eaece2e10, 0x0000025ead0e63f0, 0x0000025eaecdf990, 0x0000025eaece3b30,
0x0000025eaece4850, 0x0000025ead0e48b0, 0x0000025eaece4ee0, 0x0000025eaece5570
}

Java Threads: ( => current thread )
  0x0000025ef59660b0 JavaThread "main"                              [_thread_blocked, id=26480, stack(0x0000008af3700000,0x0000008af3800000) (1024K)]
  0x0000025e927aaca0 JavaThread "Reference Handler"          daemon [_thread_blocked, id=30860, stack(0x0000008af3f00000,0x0000008af4000000) (1024K)]
  0x0000025e927ae280 JavaThread "Finalizer"                  daemon [_thread_blocked, id=31236, stack(0x0000008af4000000,0x0000008af4100000) (1024K)]
  0x0000025e927bcf10 JavaThread "Signal Dispatcher"          daemon [_thread_blocked, id=9604, stack(0x0000008af4100000,0x0000008af4200000) (1024K)]
  0x0000025e927bdcd0 JavaThread "Attach Listener"            daemon [_thread_blocked, id=25592, stack(0x0000008af4200000,0x0000008af4300000) (1024K)]
  0x0000025e927be8e0 JavaThread "Service Thread"             daemon [_thread_blocked, id=30236, stack(0x0000008af4300000,0x0000008af4400000) (1024K)]
  0x0000025e928e1d00 JavaThread "Monitor Deflation Thread"   daemon [_thread_blocked, id=18720, stack(0x0000008af4400000,0x0000008af4500000) (1024K)]
=>0x0000025e928e83d0 JavaThread "C2 CompilerThread0"         daemon [_thread_in_native, id=9924, stack(0x0000008af4500000,0x0000008af4600000) (1024K)]
  0x0000025e9290caf0 JavaThread "C1 CompilerThread0"         daemon [_thread_blocked, id=6072, stack(0x0000008af4600000,0x0000008af4700000) (1024K)]
  0x0000025e92b7d8b0 JavaThread "Common-Cleaner"             daemon [_thread_blocked, id=3736, stack(0x0000008af4700000,0x0000008af4800000) (1024K)]
  0x0000025e92b97db0 JavaThread "Notification Thread"        daemon [_thread_blocked, id=20072, stack(0x0000008af4800000,0x0000008af4900000) (1024K)]
  0x0000025ead79ed60 JavaThread "Daemon health stats"               [_thread_blocked, id=13996, stack(0x0000008af4e00000,0x0000008af4f00000) (1024K)]
  0x0000025ead756900 JavaThread "Incoming local TCP Connector on port 49379"        [_thread_in_native, id=21816, stack(0x0000008af4f00000,0x0000008af5000000) (1024K)]
  0x0000025eacd55fd0 JavaThread "Daemon periodic checks"            [_thread_blocked, id=10416, stack(0x0000008af5100000,0x0000008af5200000) (1024K)]
  0x0000025ead8471f0 JavaThread "Daemon"                            [_thread_blocked, id=10588, stack(0x0000008af5000000,0x0000008af5100000) (1024K)]
  0x0000025ead8360d0 JavaThread "Handler for socket connection from /127.0.0.1:49379 to /127.0.0.1:49380"        [_thread_in_native, id=28988, stack(0x0000008af5200000,0x0000008af5300000) (1024K)]
  0x0000025e92a3f4b0 JavaThread "Cancel handler"                    [_thread_blocked, id=23768, stack(0x0000008af5300000,0x0000008af5400000) (1024K)]
  0x0000025e92a3fb20 JavaThread "Daemon worker"                     [_thread_in_vm, id=22912, stack(0x0000008af5400000,0x0000008af5500000) (1024K)]
  0x0000025eacc3f5a0 JavaThread "Asynchronous log dispatcher for DefaultDaemonConnection: socket connection from /127.0.0.1:49379 to /127.0.0.1:49380"        [_thread_blocked, id=20764, stack(0x0000008af5600000,0x0000008af5700000) (1024K)]
  0x0000025eacc33e60 JavaThread "Stdin handler"                     [_thread_blocked, id=14328, stack(0x0000008af5700000,0x0000008af5800000) (1024K)]
  0x0000025eacc32ab0 JavaThread "Daemon client event forwarder"        [_thread_blocked, id=28228, stack(0x0000008af5800000,0x0000008af5900000) (1024K)]
  0x0000025eacc35f30 JavaThread "Cache worker for journal cache (C:\Users\ASUS\.gradle\caches\journal-1)"        [_thread_blocked, id=15868, stack(0x0000008af5500000,0x0000008af5600000) (1024K)]
  0x0000025eacc358a0 JavaThread "File lock request listener"        [_thread_in_native, id=30188, stack(0x0000008af5900000,0x0000008af5a00000) (1024K)]
  0x0000025eacc33140 JavaThread "Cache worker for file hash cache (C:\Users\ASUS\.gradle\caches\9.2.0\fileHashes)"        [_thread_blocked, id=23808, stack(0x0000008af5b00000,0x0000008af5c00000) (1024K)]
  0x0000025eaece0020 JavaThread "Cache worker for file hash cache (C:\CozyTheHotel\.gradle\9.2.0\fileHashes)"        [_thread_blocked, id=17696, stack(0x0000008af5f00000,0x0000008af6000000) (1024K)]
  0x0000025eaece1a60 JavaThread "Cache worker for Build Output Cleanup Cache (C:\CozyTheHotel\.gradle\buildOutputCleanup)"        [_thread_blocked, id=23080, stack(0x0000008af6000000,0x0000008af6100000) (1024K)]
  0x0000025eaece06b0 JavaThread "File lock release action executor"        [_thread_blocked, id=23428, stack(0x0000008af5a00000,0x0000008af5b00000) (1024K)]
  0x0000025eaece20f0 JavaThread "File watcher server"        daemon [_thread_in_native, id=31332, stack(0x0000008af6100000,0x0000008af6200000) (1024K)]
  0x0000025eaece2e10 JavaThread "File watcher consumer"      daemon [_thread_blocked, id=30964, stack(0x0000008af6200000,0x0000008af6300000) (1024K)]
  0x0000025ead0e63f0 JavaThread "C2 CompilerThread1"         daemon [_thread_blocked, id=30332, stack(0x0000008af6300000,0x0000008af6400000) (1024K)]
  0x0000025eaecdf990 JavaThread "jar transforms"                    [_thread_blocked, id=10516, stack(0x0000008af6400000,0x0000008af6500000) (1024K)]
  0x0000025eaece3b30 JavaThread "jar transforms Thread 2"           [_thread_blocked, id=15492, stack(0x0000008af6500000,0x0000008af6600000) (1024K)]
  0x0000025eaece4850 JavaThread "jar transforms Thread 3"           [_thread_blocked, id=25836, stack(0x0000008af6600000,0x0000008af6700000) (1024K)]
  0x0000025ead0e48b0 JavaThread "C2 CompilerThread2"         daemon [_thread_in_native, id=29760, stack(0x0000008af6700000,0x0000008af6800000) (1024K)]
  0x0000025eaece4ee0 JavaThread "Cache worker for checksums cache (C:\CozyTheHotel\.gradle\9.2.0\checksums)"        [_thread_blocked, id=4284, stack(0x0000008af6800000,0x0000008af6900000) (1024K)]
  0x0000025eaece5570 JavaThread "Cache worker for file content cache (C:\Users\ASUS\.gradle\caches\9.2.0\fileContent)"        [_thread_blocked, id=22892, stack(0x0000008af6900000,0x0000008af6a00000) (1024K)]
Total: 36

Other Threads:
  0x0000025e92791080 VMThread "VM Thread"                           [id=24048, stack(0x0000008af3e00000,0x0000008af3f00000) (1024K)]
  0x0000025e92781dc0 WatcherThread "VM Periodic Task Thread"        [id=30340, stack(0x0000008af3d00000,0x0000008af3e00000) (1024K)]
  0x0000025ef5c2a8c0 WorkerThread "GC Thread#0"                     [id=31636, stack(0x0000008af3800000,0x0000008af3900000) (1024K)]
  0x0000025e92cc7cc0 WorkerThread "GC Thread#1"                     [id=30256, stack(0x0000008af4900000,0x0000008af4a00000) (1024K)]
  0x0000025e92cc8070 WorkerThread "GC Thread#2"                     [id=19524, stack(0x0000008af4a00000,0x0000008af4b00000) (1024K)]
  0x0000025e92cc8420 WorkerThread "GC Thread#3"                     [id=26004, stack(0x0000008af4b00000,0x0000008af4c00000) (1024K)]
  0x0000025e92cc87d0 WorkerThread "GC Thread#4"                     [id=30932, stack(0x0000008af4c00000,0x0000008af4d00000) (1024K)]
  0x0000025e92cd4ba0 WorkerThread "GC Thread#5"                     [id=30856, stack(0x0000008af4d00000,0x0000008af4e00000) (1024K)]
  0x0000025eacbc5440 WorkerThread "GC Thread#6"                     [id=12400, stack(0x0000008af5c00000,0x0000008af5d00000) (1024K)]
  0x0000025eacbc5ba0 WorkerThread "GC Thread#7"                     [id=28948, stack(0x0000008af5d00000,0x0000008af5e00000) (1024K)]
  0x0000025ef5c2ffd0 ConcurrentGCThread "G1 Main Marker"            [id=25696, stack(0x0000008af3900000,0x0000008af3a00000) (1024K)]
  0x0000025ef5a2aad0 WorkerThread "G1 Conc#0"                       [id=22672, stack(0x0000008af3a00000,0x0000008af3b00000) (1024K)]
  0x0000025eacbc5f50 WorkerThread "G1 Conc#1"                       [id=26300, stack(0x0000008af5e00000,0x0000008af5f00000) (1024K)]
  0x0000025e926551f0 ConcurrentGCThread "G1 Refine#0"               [id=31156, stack(0x0000008af3b00000,0x0000008af3c00000) (1024K)]
  0x0000025e92656a30 ConcurrentGCThread "G1 Service"                [id=14080, stack(0x0000008af3c00000,0x0000008af3d00000) (1024K)]
Total: 15

Threads with active compile tasks:
C2 CompilerThread0    14522 3719  s    4       java.util.jar.JarFile::getInputStream (88 bytes)
Total: 1

VM state: not at safepoint (normal execution)

VM Mutex/Monitor currently owned by a thread: None

Heap address: 0x00000000e0000000, size: 512 MB, Compressed Oops mode: 32-bit

CDS archive(s) mapped at: [0x0000025e93000000-0x0000025e93c90000-0x0000025e93c90000), size 13172736, SharedBaseAddress: 0x0000025e93000000, ArchiveRelocationMode: 1.
Compressed class space mapped at: 0x0000025e94000000-0x0000025ea8000000, reserved size: 335544320
Narrow klass base: 0x0000025e93000000, Narrow klass shift: 0, Narrow klass range: 0x100000000

GC Precious Log:
 CardTable entry size: 512
 Card Set container configuration: InlinePtr #cards 5 size 8 Array Of Cards #cards 12 size 40 Howl #buckets 4 coarsen threshold 1843 Howl Bitmap #cards 512 size 80 coarsen threshold 460 Card regions per heap region 1 cards per card region 2048
 CPUs: 8 total, 8 available
 Memory: 7455M
 Large Page Support: Disabled
 NUMA Support: Disabled
 Compressed Oops: Enabled (32-bit)
 Heap Region Size: 1M
 Heap Min Capacity: 256M
 Heap Initial Capacity: 256M
 Heap Max Capacity: 512M
 Pre-touch: Disabled
 Parallel Workers: 8
 Concurrent Workers: 2
 Concurrent Refinement Workers: 8
 Periodic GC: Disabled

Heap:
 garbage-first heap   total 262144K, used 117312K [0x00000000e0000000, 0x0000000100000000)
  region size 1024K, 104 young (106496K), 11 survivors (11264K)
 Metaspace       used 32521K, committed 33728K, reserved 393216K
  class space    used 4584K, committed 5184K, reserved 327680K

Heap Regions: E=young(eden), S=young(survivor), O=old, HS=humongous(starts), HC=humongous(continues), CS=collection set, F=free, TAMS=top-at-mark-start, PB=parsable bottom
|   0|0x00000000e0000000, 0x00000000e0100000, 0x00000000e0100000|100%|HS|  |TAMS 0x00000000e0000000| PB 0x00000000e0000000| Complete 
|   1|0x00000000e0100000, 0x00000000e0200000, 0x00000000e0200000|100%|HC|  |TAMS 0x00000000e0100000| PB 0x00000000e0100000| Complete 
|   2|0x00000000e0200000, 0x00000000e0300000, 0x00000000e0300000|100%|HC|  |TAMS 0x00000000e0200000| PB 0x00000000e0200000| Complete 
|   3|0x00000000e0300000, 0x00000000e0400000, 0x00000000e0400000|100%|HC|  |TAMS 0x00000000e0300000| PB 0x00000000e0300000| Complete 
|   4|0x00000000e0400000, 0x00000000e0500000, 0x00000000e0500000|100%| O|  |TAMS 0x00000000e0400000| PB 0x00000000e0400000| Untracked 
|   5|0x00000000e0500000, 0x00000000e0600000, 0x00000000e0600000|100%| O|  |TAMS 0x00000000e0500000| PB 0x00000000e0500000| Untracked 
|   6|0x00000000e0600000, 0x00000000e0700000, 0x00000000e0700000|100%| O|  |TAMS 0x00000000e0600000| PB 0x00000000e0600000| Untracked 
|   7|0x00000000e0700000, 0x00000000e0800000, 0x00000000e0800000|100%|HS|  |TAMS 0x00000000e0700000| PB 0x00000000e0700000| Complete 
|   8|0x00000000e0800000, 0x00000000e0800000, 0x00000000e0900000|  0%| F|  |TAMS 0x00000000e0800000| PB 0x00000000e0800000| Untracked 
|   9|0x00000000e0900000, 0x00000000e0900000, 0x00000000e0a00000|  0%| F|  |TAMS 0x00000000e0900000| PB 0x00000000e0900000| Untracked 
|  10|0x00000000e0a00000, 0x00000000e0b00000, 0x00000000e0b00000|100%| O|  |TAMS 0x00000000e0a00000| PB 0x00000000e0a00000| Untracked 
|  11|0x00000000e0b00000, 0x00000000e0c00000, 0x00000000e0c00000|100%| O|  |TAMS 0x00000000e0b00000| PB 0x00000000e0b00000| Untracked 
|  12|0x00000000e0c00000, 0x00000000e0d00000, 0x00000000e0d00000|100%| O|  |TAMS 0x00000000e0c00000| PB 0x00000000e0c00000| Untracked 
|  13|0x00000000e0d00000, 0x00000000e0e00000, 0x00000000e0e00000|100%| O|  |TAMS 0x00000000e0d00000| PB 0x00000000e0d00000| Untracked 
|  14|0x00000000e0e00000, 0x00000000e0e90188, 0x00000000e0f00000| 56%| O|  |TAMS 0x00000000e0e00000| PB 0x00000000e0e00000| Untracked 
|  15|0x00000000e0f00000, 0x00000000e0f00000, 0x00000000e1000000|  0%| F|  |TAMS 0x00000000e0f00000| PB 0x00000000e0f00000| Untracked 
|  16|0x00000000e1000000, 0x00000000e1000000, 0x00000000e1100000|  0%| F|  |TAMS 0x00000000e1000000| PB 0x00000000e1000000| Untracked 
|  17|0x00000000e1100000, 0x00000000e1100000, 0x00000000e1200000|  0%| F|  |TAMS 0x00000000e1100000| PB 0x00000000e1100000| Untracked 
|  18|0x00000000e1200000, 0x00000000e1200000, 0x00000000e1300000|  0%| F|  |TAMS 0x00000000e1200000| PB 0x00000000e1200000| Untracked 
|  19|0x00000000e1300000, 0x00000000e1300000, 0x00000000e1400000|  0%| F|  |TAMS 0x00000000e1300000| PB 0x00000000e1300000| Untracked 
|  20|0x00000000e1400000, 0x00000000e1400000, 0x00000000e1500000|  0%| F|  |TAMS 0x00000000e1400000| PB 0x00000000e1400000| Untracked 
|  21|0x00000000e1500000, 0x00000000e1500000, 0x00000000e1600000|  0%| F|  |TAMS 0x00000000e1500000| PB 0x00000000e1500000| Untracked 
|  22|0x00000000e1600000, 0x00000000e1600000, 0x00000000e1700000|  0%| F|  |TAMS 0x00000000e1600000| PB 0x00000000e1600000| Untracked 
|  23|0x00000000e1700000, 0x00000000e1700000, 0x00000000e1800000|  0%| F|  |TAMS 0x00000000e1700000| PB 0x00000000e1700000| Untracked 
|  24|0x00000000e1800000, 0x00000000e1800000, 0x00000000e1900000|  0%| F|  |TAMS 0x00000000e1800000| PB 0x00000000e1800000| Untracked 
|  25|0x00000000e1900000, 0x00000000e1900000, 0x00000000e1a00000|  0%| F|  |TAMS 0x00000000e1900000| PB 0x00000000e1900000| Untracked 
|  26|0x00000000e1a00000, 0x00000000e1a00000, 0x00000000e1b00000|  0%| F|  |TAMS 0x00000000e1a00000| PB 0x00000000e1a00000| Untracked 
|  27|0x00000000e1b00000, 0x00000000e1b00000, 0x00000000e1c00000|  0%| F|  |TAMS 0x00000000e1b00000| PB 0x00000000e1b00000| Untracked 
|  28|0x00000000e1c00000, 0x00000000e1c00000, 0x00000000e1d00000|  0%| F|  |TAMS 0x00000000e1c00000| PB 0x00000000e1c00000| Untracked 
|  29|0x00000000e1d00000, 0x00000000e1d00000, 0x00000000e1e00000|  0%| F|  |TAMS 0x00000000e1d00000| PB 0x00000000e1d00000| Untracked 
|  30|0x00000000e1e00000, 0x00000000e1e00000, 0x00000000e1f00000|  0%| F|  |TAMS 0x00000000e1e00000| PB 0x00000000e1e00000| Untracked 
|  31|0x00000000e1f00000, 0x00000000e1f00000, 0x00000000e2000000|  0%| F|  |TAMS 0x00000000e1f00000| PB 0x00000000e1f00000| Untracked 
|  32|0x00000000e2000000, 0x00000000e2000000, 0x00000000e2100000|  0%| F|  |TAMS 0x00000000e2000000| PB 0x00000000e2000000| Untracked 
|  33|0x00000000e2100000, 0x00000000e2100000, 0x00000000e2200000|  0%| F|  |TAMS 0x00000000e2100000| PB 0x00000000e2100000| Untracked 
|  34|0x00000000e2200000, 0x00000000e2200000, 0x00000000e2300000|  0%| F|  |TAMS 0x00000000e2200000| PB 0x00000000e2200000| Untracked 
|  35|0x00000000e2300000, 0x00000000e2300000, 0x00000000e2400000|  0%| F|  |TAMS 0x00000000e2300000| PB 0x00000000e2300000| Untracked 
|  36|0x00000000e2400000, 0x00000000e2400000, 0x00000000e2500000|  0%| F|  |TAMS 0x00000000e2400000| PB 0x00000000e2400000| Untracked 
|  37|0x00000000e2500000, 0x00000000e2500000, 0x00000000e2600000|  0%| F|  |TAMS 0x00000000e2500000| PB 0x00000000e2500000| Untracked 
|  38|0x00000000e2600000, 0x00000000e2600000, 0x00000000e2700000|  0%| F|  |TAMS 0x00000000e2600000| PB 0x00000000e2600000| Untracked 
|  39|0x00000000e2700000, 0x00000000e2700000, 0x00000000e2800000|  0%| F|  |TAMS 0x00000000e2700000| PB 0x00000000e2700000| Untracked 
|  40|0x00000000e2800000, 0x00000000e2800000, 0x00000000e2900000|  0%| F|  |TAMS 0x00000000e2800000| PB 0x00000000e2800000| Untracked 
|  41|0x00000000e2900000, 0x00000000e2900000, 0x00000000e2a00000|  0%| F|  |TAMS 0x00000000e2900000| PB 0x00000000e2900000| Untracked 
|  42|0x00000000e2a00000, 0x00000000e2a00000, 0x00000000e2b00000|  0%| F|  |TAMS 0x00000000e2a00000| PB 0x00000000e2a00000| Untracked 
|  43|0x00000000e2b00000, 0x00000000e2b00000, 0x00000000e2c00000|  0%| F|  |TAMS 0x00000000e2b00000| PB 0x00000000e2b00000| Untracked 
|  44|0x00000000e2c00000, 0x00000000e2c00000, 0x00000000e2d00000|  0%| F|  |TAMS 0x00000000e2c00000| PB 0x00000000e2c00000| Untracked 
|  45|0x00000000e2d00000, 0x00000000e2d00000, 0x00000000e2e00000|  0%| F|  |TAMS 0x00000000e2d00000| PB 0x00000000e2d00000| Untracked 
|  46|0x00000000e2e00000, 0x00000000e2e00000, 0x00000000e2f00000|  0%| F|  |TAMS 0x00000000e2e00000| PB 0x00000000e2e00000| Untracked 
|  47|0x00000000e2f00000, 0x00000000e2f00000, 0x00000000e3000000|  0%| F|  |TAMS 0x00000000e2f00000| PB 0x00000000e2f00000| Untracked 
|  48|0x00000000e3000000, 0x00000000e3000000, 0x00000000e3100000|  0%| F|  |TAMS 0x00000000e3000000| PB 0x00000000e3000000| Untracked 
|  49|0x00000000e3100000, 0x00000000e3100000, 0x00000000e3200000|  0%| F|  |TAMS 0x00000000e3100000| PB 0x00000000e3100000| Untracked 
|  50|0x00000000e3200000, 0x00000000e3200000, 0x00000000e3300000|  0%| F|  |TAMS 0x00000000e3200000| PB 0x00000000e3200000| Untracked 
|  51|0x00000000e3300000, 0x00000000e3300000, 0x00000000e3400000|  0%| F|  |TAMS 0x00000000e3300000| PB 0x00000000e3300000| Untracked 
|  52|0x00000000e3400000, 0x00000000e3400000, 0x00000000e3500000|  0%| F|  |TAMS 0x00000000e3400000| PB 0x00000000e3400000| Untracked 
|  53|0x00000000e3500000, 0x00000000e3500000, 0x00000000e3600000|  0%| F|  |TAMS 0x00000000e3500000| PB 0x00000000e3500000| Untracked 
|  54|0x00000000e3600000, 0x00000000e3600000, 0x00000000e3700000|  0%| F|  |TAMS 0x00000000e3600000| PB 0x00000000e3600000| Untracked 
|  55|0x00000000e3700000, 0x00000000e3700000, 0x00000000e3800000|  0%| F|  |TAMS 0x00000000e3700000| PB 0x00000000e3700000| Untracked 
|  56|0x00000000e3800000, 0x00000000e3800000, 0x00000000e3900000|  0%| F|  |TAMS 0x00000000e3800000| PB 0x00000000e3800000| Untracked 
|  57|0x00000000e3900000, 0x00000000e3900000, 0x00000000e3a00000|  0%| F|  |TAMS 0x00000000e3900000| PB 0x00000000e3900000| Untracked 
|  58|0x00000000e3a00000, 0x00000000e3a00000, 0x00000000e3b00000|  0%| F|  |TAMS 0x00000000e3a00000| PB 0x00000000e3a00000| Untracked 
|  59|0x00000000e3b00000, 0x00000000e3b00000, 0x00000000e3c00000|  0%| F|  |TAMS 0x00000000e3b00000| PB 0x00000000e3b00000| Untracked 
|  60|0x00000000e3c00000, 0x00000000e3c00000, 0x00000000e3d00000|  0%| F|  |TAMS 0x00000000e3c00000| PB 0x00000000e3c00000| Untracked 
|  61|0x00000000e3d00000, 0x00000000e3d00000, 0x00000000e3e00000|  0%| F|  |TAMS 0x00000000e3d00000| PB 0x00000000e3d00000| Untracked 
|  62|0x00000000e3e00000, 0x00000000e3e00000, 0x00000000e3f00000|  0%| F|  |TAMS 0x00000000e3e00000| PB 0x00000000e3e00000| Untracked 
|  63|0x00000000e3f00000, 0x00000000e3f00000, 0x00000000e4000000|  0%| F|  |TAMS 0x00000000e3f00000| PB 0x00000000e3f00000| Untracked 
|  64|0x00000000e4000000, 0x00000000e4000000, 0x00000000e4100000|  0%| F|  |TAMS 0x00000000e4000000| PB 0x00000000e4000000| Untracked 
|  65|0x00000000e4100000, 0x00000000e4100000, 0x00000000e4200000|  0%| F|  |TAMS 0x00000000e4100000| PB 0x00000000e4100000| Untracked 
|  66|0x00000000e4200000, 0x00000000e4200000, 0x00000000e4300000|  0%| F|  |TAMS 0x00000000e4200000| PB 0x00000000e4200000| Untracked 
|  67|0x00000000e4300000, 0x00000000e4300000, 0x00000000e4400000|  0%| F|  |TAMS 0x00000000e4300000| PB 0x00000000e4300000| Untracked 
|  68|0x00000000e4400000, 0x00000000e4400000, 0x00000000e4500000|  0%| F|  |TAMS 0x00000000e4400000| PB 0x00000000e4400000| Untracked 
|  69|0x00000000e4500000, 0x00000000e4500000, 0x00000000e4600000|  0%| F|  |TAMS 0x00000000e4500000| PB 0x00000000e4500000| Untracked 
|  70|0x00000000e4600000, 0x00000000e4600000, 0x00000000e4700000|  0%| F|  |TAMS 0x00000000e4600000| PB 0x00000000e4600000| Untracked 
|  71|0x00000000e4700000, 0x00000000e4700000, 0x00000000e4800000|  0%| F|  |TAMS 0x00000000e4700000| PB 0x00000000e4700000| Untracked 
|  72|0x00000000e4800000, 0x00000000e4800000, 0x00000000e4900000|  0%| F|  |TAMS 0x00000000e4800000| PB 0x00000000e4800000| Untracked 
|  73|0x00000000e4900000, 0x00000000e4900000, 0x00000000e4a00000|  0%| F|  |TAMS 0x00000000e4900000| PB 0x00000000e4900000| Untracked 
|  74|0x00000000e4a00000, 0x00000000e4a00000, 0x00000000e4b00000|  0%| F|  |TAMS 0x00000000e4a00000| PB 0x00000000e4a00000| Untracked 
|  75|0x00000000e4b00000, 0x00000000e4b00000, 0x00000000e4c00000|  0%| F|  |TAMS 0x00000000e4b00000| PB 0x00000000e4b00000| Untracked 
|  76|0x00000000e4c00000, 0x00000000e4c00000, 0x00000000e4d00000|  0%| F|  |TAMS 0x00000000e4c00000| PB 0x00000000e4c00000| Untracked 
|  77|0x00000000e4d00000, 0x00000000e4d00000, 0x00000000e4e00000|  0%| F|  |TAMS 0x00000000e4d00000| PB 0x00000000e4d00000| Untracked 
|  78|0x00000000e4e00000, 0x00000000e4e00000, 0x00000000e4f00000|  0%| F|  |TAMS 0x00000000e4e00000| PB 0x00000000e4e00000| Untracked 
|  79|0x00000000e4f00000, 0x00000000e4f00000, 0x00000000e5000000|  0%| F|  |TAMS 0x00000000e4f00000| PB 0x00000000e4f00000| Untracked 
|  80|0x00000000e5000000, 0x00000000e5000000, 0x00000000e5100000|  0%| F|  |TAMS 0x00000000e5000000| PB 0x00000000e5000000| Untracked 
|  81|0x00000000e5100000, 0x00000000e5100000, 0x00000000e5200000|  0%| F|  |TAMS 0x00000000e5100000| PB 0x00000000e5100000| Untracked 
|  82|0x00000000e5200000, 0x00000000e5200000, 0x00000000e5300000|  0%| F|  |TAMS 0x00000000e5200000| PB 0x00000000e5200000| Untracked 
|  83|0x00000000e5300000, 0x00000000e5300000, 0x00000000e5400000|  0%| F|  |TAMS 0x00000000e5300000| PB 0x00000000e5300000| Untracked 
|  84|0x00000000e5400000, 0x00000000e5400000, 0x00000000e5500000|  0%| F|  |TAMS 0x00000000e5400000| PB 0x00000000e5400000| Untracked 
|  85|0x00000000e5500000, 0x00000000e5500000, 0x00000000e5600000|  0%| F|  |TAMS 0x00000000e5500000| PB 0x00000000e5500000| Untracked 
|  86|0x00000000e5600000, 0x00000000e5600000, 0x00000000e5700000|  0%| F|  |TAMS 0x00000000e5600000| PB 0x00000000e5600000| Untracked 
|  87|0x00000000e5700000, 0x00000000e5700000, 0x00000000e5800000|  0%| F|  |TAMS 0x00000000e5700000| PB 0x00000000e5700000| Untracked 
|  88|0x00000000e5800000, 0x00000000e5800000, 0x00000000e5900000|  0%| F|  |TAMS 0x00000000e5800000| PB 0x00000000e5800000| Untracked 
|  89|0x00000000e5900000, 0x00000000e5900000, 0x00000000e5a00000|  0%| F|  |TAMS 0x00000000e5900000| PB 0x00000000e5900000| Untracked 
|  90|0x00000000e5a00000, 0x00000000e5a00000, 0x00000000e5b00000|  0%| F|  |TAMS 0x00000000e5a00000| PB 0x00000000e5a00000| Untracked 
|  91|0x00000000e5b00000, 0x00000000e5b00000, 0x00000000e5c00000|  0%| F|  |TAMS 0x00000000e5b00000| PB 0x00000000e5b00000| Untracked 
|  92|0x00000000e5c00000, 0x00000000e5c00000, 0x00000000e5d00000|  0%| F|  |TAMS 0x00000000e5c00000| PB 0x00000000e5c00000| Untracked 
|  93|0x00000000e5d00000, 0x00000000e5d00000, 0x00000000e5e00000|  0%| F|  |TAMS 0x00000000e5d00000| PB 0x00000000e5d00000| Untracked 
|  94|0x00000000e5e00000, 0x00000000e5e00000, 0x00000000e5f00000|  0%| F|  |TAMS 0x00000000e5e00000| PB 0x00000000e5e00000| Untracked 
|  95|0x00000000e5f00000, 0x00000000e5f00000, 0x00000000e6000000|  0%| F|  |TAMS 0x00000000e5f00000| PB 0x00000000e5f00000| Untracked 
|  96|0x00000000e6000000, 0x00000000e6000000, 0x00000000e6100000|  0%| F|  |TAMS 0x00000000e6000000| PB 0x00000000e6000000| Untracked 
|  97|0x00000000e6100000, 0x00000000e6100000, 0x00000000e6200000|  0%| F|  |TAMS 0x00000000e6100000| PB 0x00000000e6100000| Untracked 
|  98|0x00000000e6200000, 0x00000000e6200000, 0x00000000e6300000|  0%| F|  |TAMS 0x00000000e6200000| PB 0x00000000e6200000| Untracked 
|  99|0x00000000e6300000, 0x00000000e6300000, 0x00000000e6400000|  0%| F|  |TAMS 0x00000000e6300000| PB 0x00000000e6300000| Untracked 
| 100|0x00000000e6400000, 0x00000000e6400000, 0x00000000e6500000|  0%| F|  |TAMS 0x00000000e6400000| PB 0x00000000e6400000| Untracked 
| 101|0x00000000e6500000, 0x00000000e6500000, 0x00000000e6600000|  0%| F|  |TAMS 0x00000000e6500000| PB 0x00000000e6500000| Untracked 
| 102|0x00000000e6600000, 0x00000000e6600000, 0x00000000e6700000|  0%| F|  |TAMS 0x00000000e6600000| PB 0x00000000e6600000| Untracked 
| 103|0x00000000e6700000, 0x00000000e6700000, 0x00000000e6800000|  0%| F|  |TAMS 0x00000000e6700000| PB 0x00000000e6700000| Untracked 
| 104|0x00000000e6800000, 0x00000000e6800000, 0x00000000e6900000|  0%| F|  |TAMS 0x00000000e6800000| PB 0x00000000e6800000| Untracked 
| 105|0x00000000e6900000, 0x00000000e6900000, 0x00000000e6a00000|  0%| F|  |TAMS 0x00000000e6900000| PB 0x00000000e6900000| Untracked 
| 106|0x00000000e6a00000, 0x00000000e6a00000, 0x00000000e6b00000|  0%| F|  |TAMS 0x00000000e6a00000| PB 0x00000000e6a00000| Untracked 
| 107|0x00000000e6b00000, 0x00000000e6b00000, 0x00000000e6c00000|  0%| F|  |TAMS 0x00000000e6b00000| PB 0x00000000e6b00000| Untracked 
| 108|0x00000000e6c00000, 0x00000000e6c00000, 0x00000000e6d00000|  0%| F|  |TAMS 0x00000000e6c00000| PB 0x00000000e6c00000| Untracked 
| 109|0x00000000e6d00000, 0x00000000e6d00000, 0x00000000e6e00000|  0%| F|  |TAMS 0x00000000e6d00000| PB 0x00000000e6d00000| Untracked 
| 110|0x00000000e6e00000, 0x00000000e6e00000, 0x00000000e6f00000|  0%| F|  |TAMS 0x00000000e6e00000| PB 0x00000000e6e00000| Untracked 
| 111|0x00000000e6f00000, 0x00000000e6f00000, 0x00000000e7000000|  0%| F|  |TAMS 0x00000000e6f00000| PB 0x00000000e6f00000| Untracked 
| 112|0x00000000e7000000, 0x00000000e7000000, 0x00000000e7100000|  0%| F|  |TAMS 0x00000000e7000000| PB 0x00000000e7000000| Untracked 
| 113|0x00000000e7100000, 0x00000000e7100000, 0x00000000e7200000|  0%| F|  |TAMS 0x00000000e7100000| PB 0x00000000e7100000| Untracked 
| 114|0x00000000e7200000, 0x00000000e7200000, 0x00000000e7300000|  0%| F|  |TAMS 0x00000000e7200000| PB 0x00000000e7200000| Untracked 
| 115|0x00000000e7300000, 0x00000000e7300000, 0x00000000e7400000|  0%| F|  |TAMS 0x00000000e7300000| PB 0x00000000e7300000| Untracked 
| 116|0x00000000e7400000, 0x00000000e7400000, 0x00000000e7500000|  0%| F|  |TAMS 0x00000000e7400000| PB 0x00000000e7400000| Untracked 
| 117|0x00000000e7500000, 0x00000000e7500000, 0x00000000e7600000|  0%| F|  |TAMS 0x00000000e7500000| PB 0x00000000e7500000| Untracked 
| 118|0x00000000e7600000, 0x00000000e7600000, 0x00000000e7700000|  0%| F|  |TAMS 0x00000000e7600000| PB 0x00000000e7600000| Untracked 
| 119|0x00000000e7700000, 0x00000000e7700000, 0x00000000e7800000|  0%| F|  |TAMS 0x00000000e7700000| PB 0x00000000e7700000| Untracked 
| 120|0x00000000e7800000, 0x00000000e7800000, 0x00000000e7900000|  0%| F|  |TAMS 0x00000000e7800000| PB 0x00000000e7800000| Untracked 
| 121|0x00000000e7900000, 0x00000000e7900000, 0x00000000e7a00000|  0%| F|  |TAMS 0x00000000e7900000| PB 0x00000000e7900000| Untracked 
| 122|0x00000000e7a00000, 0x00000000e7a00000, 0x00000000e7b00000|  0%| F|  |TAMS 0x00000000e7a00000| PB 0x00000000e7a00000| Untracked 
| 123|0x00000000e7b00000, 0x00000000e7b00000, 0x00000000e7c00000|  0%| F|  |TAMS 0x00000000e7b00000| PB 0x00000000e7b00000| Untracked 
| 124|0x00000000e7c00000, 0x00000000e7c00000, 0x00000000e7d00000|  0%| F|  |TAMS 0x00000000e7c00000| PB 0x00000000e7c00000| Untracked 
| 125|0x00000000e7d00000, 0x00000000e7d00000, 0x00000000e7e00000|  0%| F|  |TAMS 0x00000000e7d00000| PB 0x00000000e7d00000| Untracked 
| 126|0x00000000e7e00000, 0x00000000e7e00000, 0x00000000e7f00000|  0%| F|  |TAMS 0x00000000e7e00000| PB 0x00000000e7e00000| Untracked 
| 127|0x00000000e7f00000, 0x00000000e7f00000, 0x00000000e8000000|  0%| F|  |TAMS 0x00000000e7f00000| PB 0x00000000e7f00000| Untracked 
| 128|0x00000000e8000000, 0x00000000e8000000, 0x00000000e8100000|  0%| F|  |TAMS 0x00000000e8000000| PB 0x00000000e8000000| Untracked 
| 129|0x00000000e8100000, 0x00000000e8100000, 0x00000000e8200000|  0%| F|  |TAMS 0x00000000e8100000| PB 0x00000000e8100000| Untracked 
| 130|0x00000000e8200000, 0x00000000e8200000, 0x00000000e8300000|  0%| F|  |TAMS 0x00000000e8200000| PB 0x00000000e8200000| Untracked 
| 131|0x00000000e8300000, 0x00000000e8300000, 0x00000000e8400000|  0%| F|  |TAMS 0x00000000e8300000| PB 0x00000000e8300000| Untracked 
| 132|0x00000000e8400000, 0x00000000e8400000, 0x00000000e8500000|  0%| F|  |TAMS 0x00000000e8400000| PB 0x00000000e8400000| Untracked 
| 133|0x00000000e8500000, 0x00000000e8500000, 0x00000000e8600000|  0%| F|  |TAMS 0x00000000e8500000| PB 0x00000000e8500000| Untracked 
| 134|0x00000000e8600000, 0x00000000e8600000, 0x00000000e8700000|  0%| F|  |TAMS 0x00000000e8600000| PB 0x00000000e8600000| Untracked 
| 135|0x00000000e8700000, 0x00000000e8700000, 0x00000000e8800000|  0%| F|  |TAMS 0x00000000e8700000| PB 0x00000000e8700000| Untracked 
| 136|0x00000000e8800000, 0x00000000e8800000, 0x00000000e8900000|  0%| F|  |TAMS 0x00000000e8800000| PB 0x00000000e8800000| Untracked 
| 137|0x00000000e8900000, 0x00000000e8900000, 0x00000000e8a00000|  0%| F|  |TAMS 0x00000000e8900000| PB 0x00000000e8900000| Untracked 
| 138|0x00000000e8a00000, 0x00000000e8a00000, 0x00000000e8b00000|  0%| F|  |TAMS 0x00000000e8a00000| PB 0x00000000e8a00000| Untracked 
| 139|0x00000000e8b00000, 0x00000000e8b00000, 0x00000000e8c00000|  0%| F|  |TAMS 0x00000000e8b00000| PB 0x00000000e8b00000| Untracked 
| 140|0x00000000e8c00000, 0x00000000e8c00000, 0x00000000e8d00000|  0%| F|  |TAMS 0x00000000e8c00000| PB 0x00000000e8c00000| Untracked 
| 141|0x00000000e8d00000, 0x00000000e8d00000, 0x00000000e8e00000|  0%| F|  |TAMS 0x00000000e8d00000| PB 0x00000000e8d00000| Untracked 
| 142|0x00000000e8e00000, 0x00000000e8e00000, 0x00000000e8f00000|  0%| F|  |TAMS 0x00000000e8e00000| PB 0x00000000e8e00000| Untracked 
| 143|0x00000000e8f00000, 0x00000000e8f00000, 0x00000000e9000000|  0%| F|  |TAMS 0x00000000e8f00000| PB 0x00000000e8f00000| Untracked 
| 144|0x00000000e9000000, 0x00000000e9000000, 0x00000000e9100000|  0%| F|  |TAMS 0x00000000e9000000| PB 0x00000000e9000000| Untracked 
| 145|0x00000000e9100000, 0x00000000e9100000, 0x00000000e9200000|  0%| F|  |TAMS 0x00000000e9100000| PB 0x00000000e9100000| Untracked 
| 146|0x00000000e9200000, 0x00000000e9200000, 0x00000000e9300000|  0%| F|  |TAMS 0x00000000e9200000| PB 0x00000000e9200000| Untracked 
| 147|0x00000000e9300000, 0x00000000e9300000, 0x00000000e9400000|  0%| F|  |TAMS 0x00000000e9300000| PB 0x00000000e9300000| Untracked 
| 148|0x00000000e9400000, 0x00000000e9400000, 0x00000000e9500000|  0%| F|  |TAMS 0x00000000e9400000| PB 0x00000000e9400000| Untracked 
| 149|0x00000000e9500000, 0x00000000e9500000, 0x00000000e9600000|  0%| F|  |TAMS 0x00000000e9500000| PB 0x00000000e9500000| Untracked 
| 150|0x00000000e9600000, 0x00000000e9600000, 0x00000000e9700000|  0%| F|  |TAMS 0x00000000e9600000| PB 0x00000000e9600000| Untracked 
| 151|0x00000000e9700000, 0x00000000e9780000, 0x00000000e9800000| 50%| E|  |TAMS 0x00000000e9700000| PB 0x00000000e9700000| Complete 
| 152|0x00000000e9800000, 0x00000000e9900000, 0x00000000e9900000|100%| E|CS|TAMS 0x00000000e9800000| PB 0x00000000e9800000| Complete 
| 153|0x00000000e9900000, 0x00000000e9a00000, 0x00000000e9a00000|100%| E|CS|TAMS 0x00000000e9900000| PB 0x00000000e9900000| Complete 
| 154|0x00000000e9a00000, 0x00000000e9b00000, 0x00000000e9b00000|100%| E|CS|TAMS 0x00000000e9a00000| PB 0x00000000e9a00000| Complete 
| 155|0x00000000e9b00000, 0x00000000e9c00000, 0x00000000e9c00000|100%| E|CS|TAMS 0x00000000e9b00000| PB 0x00000000e9b00000| Complete 
| 156|0x00000000e9c00000, 0x00000000e9d00000, 0x00000000e9d00000|100%| E|CS|TAMS 0x00000000e9c00000| PB 0x00000000e9c00000| Complete 
| 157|0x00000000e9d00000, 0x00000000e9e00000, 0x00000000e9e00000|100%| E|CS|TAMS 0x00000000e9d00000| PB 0x00000000e9d00000| Complete 
| 158|0x00000000e9e00000, 0x00000000e9f00000, 0x00000000e9f00000|100%| E|CS|TAMS 0x00000000e9e00000| PB 0x00000000e9e00000| Complete 
| 159|0x00000000e9f00000, 0x00000000ea000000, 0x00000000ea000000|100%| E|CS|TAMS 0x00000000e9f00000| PB 0x00000000e9f00000| Complete 
| 160|0x00000000ea000000, 0x00000000ea100000, 0x00000000ea100000|100%| E|CS|TAMS 0x00000000ea000000| PB 0x00000000ea000000| Complete 
| 161|0x00000000ea100000, 0x00000000ea200000, 0x00000000ea200000|100%| E|CS|TAMS 0x00000000ea100000| PB 0x00000000ea100000| Complete 
| 162|0x00000000ea200000, 0x00000000ea300000, 0x00000000ea300000|100%| E|CS|TAMS 0x00000000ea200000| PB 0x00000000ea200000| Complete 
| 163|0x00000000ea300000, 0x00000000ea400000, 0x00000000ea400000|100%| E|CS|TAMS 0x00000000ea300000| PB 0x00000000ea300000| Complete 
| 164|0x00000000ea400000, 0x00000000ea500000, 0x00000000ea500000|100%| E|CS|TAMS 0x00000000ea400000| PB 0x00000000ea400000| Complete 
| 165|0x00000000ea500000, 0x00000000ea600000, 0x00000000ea600000|100%| E|CS|TAMS 0x00000000ea500000| PB 0x00000000ea500000| Complete 
| 166|0x00000000ea600000, 0x00000000ea700000, 0x00000000ea700000|100%| E|CS|TAMS 0x00000000ea600000| PB 0x00000000ea600000| Complete 
| 167|0x00000000ea700000, 0x00000000ea800000, 0x00000000ea800000|100%| E|CS|TAMS 0x00000000ea700000| PB 0x00000000ea700000| Complete 
| 168|0x00000000ea800000, 0x00000000ea900000, 0x00000000ea900000|100%| E|CS|TAMS 0x00000000ea800000| PB 0x00000000ea800000| Complete 
| 169|0x00000000ea900000, 0x00000000eaa00000, 0x00000000eaa00000|100%| E|CS|TAMS 0x00000000ea900000| PB 0x00000000ea900000| Complete 
| 170|0x00000000eaa00000, 0x00000000eab00000, 0x00000000eab00000|100%| E|CS|TAMS 0x00000000eaa00000| PB 0x00000000eaa00000| Complete 
| 171|0x00000000eab00000, 0x00000000eac00000, 0x00000000eac00000|100%| E|CS|TAMS 0x00000000eab00000| PB 0x00000000eab00000| Complete 
| 172|0x00000000eac00000, 0x00000000ead00000, 0x00000000ead00000|100%| E|CS|TAMS 0x00000000eac00000| PB 0x00000000eac00000| Complete 
| 173|0x00000000ead00000, 0x00000000eae00000, 0x00000000eae00000|100%| E|CS|TAMS 0x00000000ead00000| PB 0x00000000ead00000| Complete 
| 174|0x00000000eae00000, 0x00000000eaf00000, 0x00000000eaf00000|100%| E|CS|TAMS 0x00000000eae00000| PB 0x00000000eae00000| Complete 
| 175|0x00000000eaf00000, 0x00000000eb000000, 0x00000000eb000000|100%| E|CS|TAMS 0x00000000eaf00000| PB 0x00000000eaf00000| Complete 
| 176|0x00000000eb000000, 0x00000000eb100000, 0x00000000eb100000|100%| E|CS|TAMS 0x00000000eb000000| PB 0x00000000eb000000| Complete 
| 177|0x00000000eb100000, 0x00000000eb200000, 0x00000000eb200000|100%| E|CS|TAMS 0x00000000eb100000| PB 0x00000000eb100000| Complete 
| 178|0x00000000eb200000, 0x00000000eb300000, 0x00000000eb300000|100%| E|CS|TAMS 0x00000000eb200000| PB 0x00000000eb200000| Complete 
| 179|0x00000000eb300000, 0x00000000eb400000, 0x00000000eb400000|100%| E|CS|TAMS 0x00000000eb300000| PB 0x00000000eb300000| Complete 
| 180|0x00000000eb400000, 0x00000000eb500000, 0x00000000eb500000|100%| E|CS|TAMS 0x00000000eb400000| PB 0x00000000eb400000| Complete 
| 181|0x00000000eb500000, 0x00000000eb600000, 0x00000000eb600000|100%| E|CS|TAMS 0x00000000eb500000| PB 0x00000000eb500000| Complete 
| 182|0x00000000eb600000, 0x00000000eb700000, 0x00000000eb700000|100%| E|CS|TAMS 0x00000000eb600000| PB 0x00000000eb600000| Complete 
| 183|0x00000000eb700000, 0x00000000eb800000, 0x00000000eb800000|100%| E|CS|TAMS 0x00000000eb700000| PB 0x00000000eb700000| Complete 
| 184|0x00000000eb800000, 0x00000000eb900000, 0x00000000eb900000|100%| E|CS|TAMS 0x00000000eb800000| PB 0x00000000eb800000| Complete 
| 185|0x00000000eb900000, 0x00000000eba00000, 0x00000000eba00000|100%| E|CS|TAMS 0x00000000eb900000| PB 0x00000000eb900000| Complete 
| 186|0x00000000eba00000, 0x00000000ebb00000, 0x00000000ebb00000|100%| E|CS|TAMS 0x00000000eba00000| PB 0x00000000eba00000| Complete 
| 187|0x00000000ebb00000, 0x00000000ebc00000, 0x00000000ebc00000|100%| E|CS|TAMS 0x00000000ebb00000| PB 0x00000000ebb00000| Complete 
| 188|0x00000000ebc00000, 0x00000000ebd00000, 0x00000000ebd00000|100%| E|  |TAMS 0x00000000ebc00000| PB 0x00000000ebc00000| Complete 
| 189|0x00000000ebd00000, 0x00000000ebe00000, 0x00000000ebe00000|100%| E|CS|TAMS 0x00000000ebd00000| PB 0x00000000ebd00000| Complete 
| 190|0x00000000ebe00000, 0x00000000ebf00000, 0x00000000ebf00000|100%| E|CS|TAMS 0x00000000ebe00000| PB 0x00000000ebe00000| Complete 
| 191|0x00000000ebf00000, 0x00000000ec000000, 0x00000000ec000000|100%| E|CS|TAMS 0x00000000ebf00000| PB 0x00000000ebf00000| Complete 
| 192|0x00000000ec000000, 0x00000000ec100000, 0x00000000ec100000|100%| E|CS|TAMS 0x00000000ec000000| PB 0x00000000ec000000| Complete 
| 193|0x00000000ec100000, 0x00000000ec200000, 0x00000000ec200000|100%| E|CS|TAMS 0x00000000ec100000| PB 0x00000000ec100000| Complete 
| 194|0x00000000ec200000, 0x00000000ec300000, 0x00000000ec300000|100%| E|CS|TAMS 0x00000000ec200000| PB 0x00000000ec200000| Complete 
| 195|0x00000000ec300000, 0x00000000ec400000, 0x00000000ec400000|100%| E|CS|TAMS 0x00000000ec300000| PB 0x00000000ec300000| Complete 
| 196|0x00000000ec400000, 0x00000000ec500000, 0x00000000ec500000|100%| E|CS|TAMS 0x00000000ec400000| PB 0x00000000ec400000| Complete 
| 197|0x00000000ec500000, 0x00000000ec600000, 0x00000000ec600000|100%| E|CS|TAMS 0x00000000ec500000| PB 0x00000000ec500000| Complete 
| 198|0x00000000ec600000, 0x00000000ec700000, 0x00000000ec700000|100%| E|CS|TAMS 0x00000000ec600000| PB 0x00000000ec600000| Complete 
| 199|0x00000000ec700000, 0x00000000ec800000, 0x00000000ec800000|100%| E|CS|TAMS 0x00000000ec700000| PB 0x00000000ec700000| Complete 
| 200|0x00000000ec800000, 0x00000000ec900000, 0x00000000ec900000|100%| E|CS|TAMS 0x00000000ec800000| PB 0x00000000ec800000| Complete 
| 201|0x00000000ec900000, 0x00000000eca00000, 0x00000000eca00000|100%| E|CS|TAMS 0x00000000ec900000| PB 0x00000000ec900000| Complete 
| 202|0x00000000eca00000, 0x00000000ecb00000, 0x00000000ecb00000|100%| E|CS|TAMS 0x00000000eca00000| PB 0x00000000eca00000| Complete 
| 203|0x00000000ecb00000, 0x00000000ecc00000, 0x00000000ecc00000|100%| E|CS|TAMS 0x00000000ecb00000| PB 0x00000000ecb00000| Complete 
| 204|0x00000000ecc00000, 0x00000000ecd00000, 0x00000000ecd00000|100%| E|CS|TAMS 0x00000000ecc00000| PB 0x00000000ecc00000| Complete 
| 205|0x00000000ecd00000, 0x00000000ece00000, 0x00000000ece00000|100%| E|CS|TAMS 0x00000000ecd00000| PB 0x00000000ecd00000| Complete 
| 206|0x00000000ece00000, 0x00000000ecf00000, 0x00000000ecf00000|100%| E|CS|TAMS 0x00000000ece00000| PB 0x00000000ece00000| Complete 
| 207|0x00000000ecf00000, 0x00000000ed000000, 0x00000000ed000000|100%| E|CS|TAMS 0x00000000ecf00000| PB 0x00000000ecf00000| Complete 
| 208|0x00000000ed000000, 0x00000000ed100000, 0x00000000ed100000|100%| E|CS|TAMS 0x00000000ed000000| PB 0x00000000ed000000| Complete 
| 209|0x00000000ed100000, 0x00000000ed200000, 0x00000000ed200000|100%| E|CS|TAMS 0x00000000ed100000| PB 0x00000000ed100000| Complete 
| 210|0x00000000ed200000, 0x00000000ed300000, 0x00000000ed300000|100%| E|CS|TAMS 0x00000000ed200000| PB 0x00000000ed200000| Complete 
| 211|0x00000000ed300000, 0x00000000ed400000, 0x00000000ed400000|100%| E|CS|TAMS 0x00000000ed300000| PB 0x00000000ed300000| Complete 
| 212|0x00000000ed400000, 0x00000000ed500000, 0x00000000ed500000|100%| E|CS|TAMS 0x00000000ed400000| PB 0x00000000ed400000| Complete 
| 213|0x00000000ed500000, 0x00000000ed600000, 0x00000000ed600000|100%| E|CS|TAMS 0x00000000ed500000| PB 0x00000000ed500000| Complete 
| 214|0x00000000ed600000, 0x00000000ed700000, 0x00000000ed700000|100%| E|CS|TAMS 0x00000000ed600000| PB 0x00000000ed600000| Complete 
| 215|0x00000000ed700000, 0x00000000ed800000, 0x00000000ed800000|100%| S|CS|TAMS 0x00000000ed700000| PB 0x00000000ed700000| Complete 
| 216|0x00000000ed800000, 0x00000000ed900000, 0x00000000ed900000|100%| S|CS|TAMS 0x00000000ed800000| PB 0x00000000ed800000| Complete 
| 217|0x00000000ed900000, 0x00000000eda00000, 0x00000000eda00000|100%| S|CS|TAMS 0x00000000ed900000| PB 0x00000000ed900000| Complete 
| 218|0x00000000eda00000, 0x00000000edb00000, 0x00000000edb00000|100%| S|CS|TAMS 0x00000000eda00000| PB 0x00000000eda00000| Complete 
| 219|0x00000000edb00000, 0x00000000edc00000, 0x00000000edc00000|100%| S|CS|TAMS 0x00000000edb00000| PB 0x00000000edb00000| Complete 
| 220|0x00000000edc00000, 0x00000000edd00000, 0x00000000edd00000|100%| S|CS|TAMS 0x00000000edc00000| PB 0x00000000edc00000| Complete 
| 221|0x00000000edd00000, 0x00000000ede00000, 0x00000000ede00000|100%| S|CS|TAMS 0x00000000edd00000| PB 0x00000000edd00000| Complete 
| 222|0x00000000ede00000, 0x00000000edf00000, 0x00000000edf00000|100%| S|CS|TAMS 0x00000000ede00000| PB 0x00000000ede00000| Complete 
| 223|0x00000000edf00000, 0x00000000ee000000, 0x00000000ee000000|100%| S|CS|TAMS 0x00000000edf00000| PB 0x00000000edf00000| Complete 
| 224|0x00000000ee000000, 0x00000000ee100000, 0x00000000ee100000|100%| S|CS|TAMS 0x00000000ee000000| PB 0x00000000ee000000| Complete 
| 225|0x00000000ee100000, 0x00000000ee200000, 0x00000000ee200000|100%| S|CS|TAMS 0x00000000ee100000| PB 0x00000000ee100000| Complete 
| 226|0x00000000ee200000, 0x00000000ee300000, 0x00000000ee300000|100%| E|CS|TAMS 0x00000000ee200000| PB 0x00000000ee200000| Complete 
| 227|0x00000000ee300000, 0x00000000ee400000, 0x00000000ee400000|100%| E|CS|TAMS 0x00000000ee300000| PB 0x00000000ee300000| Complete 
| 228|0x00000000ee400000, 0x00000000ee500000, 0x00000000ee500000|100%| E|CS|TAMS 0x00000000ee400000| PB 0x00000000ee400000| Complete 
| 229|0x00000000ee500000, 0x00000000ee600000, 0x00000000ee600000|100%| E|CS|TAMS 0x00000000ee500000| PB 0x00000000ee500000| Complete 
| 230|0x00000000ee600000, 0x00000000ee700000, 0x00000000ee700000|100%| E|CS|TAMS 0x00000000ee600000| PB 0x00000000ee600000| Complete 
| 231|0x00000000ee700000, 0x00000000ee800000, 0x00000000ee800000|100%| E|CS|TAMS 0x00000000ee700000| PB 0x00000000ee700000| Complete 
| 232|0x00000000ee800000, 0x00000000ee900000, 0x00000000ee900000|100%| E|CS|TAMS 0x00000000ee800000| PB 0x00000000ee800000| Complete 
| 233|0x00000000ee900000, 0x00000000eea00000, 0x00000000eea00000|100%| E|CS|TAMS 0x00000000ee900000| PB 0x00000000ee900000| Complete 
| 234|0x00000000eea00000, 0x00000000eeb00000, 0x00000000eeb00000|100%| E|CS|TAMS 0x00000000eea00000| PB 0x00000000eea00000| Complete 
| 235|0x00000000eeb00000, 0x00000000eec00000, 0x00000000eec00000|100%| E|CS|TAMS 0x00000000eeb00000| PB 0x00000000eeb00000| Complete 
| 236|0x00000000eec00000, 0x00000000eed00000, 0x00000000eed00000|100%| E|CS|TAMS 0x00000000eec00000| PB 0x00000000eec00000| Complete 
| 237|0x00000000eed00000, 0x00000000eee00000, 0x00000000eee00000|100%| E|CS|TAMS 0x00000000eed00000| PB 0x00000000eed00000| Complete 
| 238|0x00000000eee00000, 0x00000000eef00000, 0x00000000eef00000|100%| E|CS|TAMS 0x00000000eee00000| PB 0x00000000eee00000| Complete 
| 239|0x00000000eef00000, 0x00000000ef000000, 0x00000000ef000000|100%| E|CS|TAMS 0x00000000eef00000| PB 0x00000000eef00000| Complete 
| 240|0x00000000ef000000, 0x00000000ef100000, 0x00000000ef100000|100%| E|CS|TAMS 0x00000000ef000000| PB 0x00000000ef000000| Complete 
| 241|0x00000000ef100000, 0x00000000ef200000, 0x00000000ef200000|100%| E|CS|TAMS 0x00000000ef100000| PB 0x00000000ef100000| Complete 
| 242|0x00000000ef200000, 0x00000000ef300000, 0x00000000ef300000|100%| E|CS|TAMS 0x00000000ef200000| PB 0x00000000ef200000| Complete 
| 243|0x00000000ef300000, 0x00000000ef400000, 0x00000000ef400000|100%| E|CS|TAMS 0x00000000ef300000| PB 0x00000000ef300000| Complete 
| 244|0x00000000ef400000, 0x00000000ef500000, 0x00000000ef500000|100%| E|CS|TAMS 0x00000000ef400000| PB 0x00000000ef400000| Complete 
| 245|0x00000000ef500000, 0x00000000ef600000, 0x00000000ef600000|100%| E|CS|TAMS 0x00000000ef500000| PB 0x00000000ef500000| Complete 
| 246|0x00000000ef600000, 0x00000000ef700000, 0x00000000ef700000|100%| E|CS|TAMS 0x00000000ef600000| PB 0x00000000ef600000| Complete 
| 247|0x00000000ef700000, 0x00000000ef800000, 0x00000000ef800000|100%| E|CS|TAMS 0x00000000ef700000| PB 0x00000000ef700000| Complete 
| 248|0x00000000ef800000, 0x00000000ef900000, 0x00000000ef900000|100%| E|CS|TAMS 0x00000000ef800000| PB 0x00000000ef800000| Complete 
| 249|0x00000000ef900000, 0x00000000efa00000, 0x00000000efa00000|100%| E|CS|TAMS 0x00000000ef900000| PB 0x00000000ef900000| Complete 
| 250|0x00000000efa00000, 0x00000000efb00000, 0x00000000efb00000|100%| E|CS|TAMS 0x00000000efa00000| PB 0x00000000efa00000| Complete 
| 251|0x00000000efb00000, 0x00000000efc00000, 0x00000000efc00000|100%| E|CS|TAMS 0x00000000efb00000| PB 0x00000000efb00000| Complete 
| 252|0x00000000efc00000, 0x00000000efd00000, 0x00000000efd00000|100%| E|CS|TAMS 0x00000000efc00000| PB 0x00000000efc00000| Complete 
| 253|0x00000000efd00000, 0x00000000efe00000, 0x00000000efe00000|100%| E|CS|TAMS 0x00000000efd00000| PB 0x00000000efd00000| Complete 
| 254|0x00000000efe00000, 0x00000000eff00000, 0x00000000eff00000|100%| E|CS|TAMS 0x00000000efe00000| PB 0x00000000efe00000| Complete 
| 255|0x00000000eff00000, 0x00000000f0000000, 0x00000000f0000000|100%| E|CS|TAMS 0x00000000eff00000| PB 0x00000000eff00000| Complete 

Card table byte_map: [0x0000025e8f430000,0x0000025e8f530000] _byte_map_base: 0x0000025e8ed30000

Marking Bits: (CMBitMap*) 0x0000025ef5c2aee0
 Bits: [0x0000025e8f530000, 0x0000025e8fd30000)

Polling page: 0x0000025ef5b90000

Metaspace:

Usage:
  Non-class:     27.33 MB used.
      Class:      4.48 MB used.
       Both:     31.81 MB used.

Virtual space:
  Non-class space:       64.00 MB reserved,      27.94 MB ( 44%) committed,  1 nodes.
      Class space:      320.00 MB reserved,       5.06 MB (  2%) committed,  1 nodes.
             Both:      384.00 MB reserved,      33.00 MB (  9%) committed. 

Chunk freelists:
   Non-Class:  3.89 MB
       Class:  10.89 MB
        Both:  14.78 MB

MaxMetaspaceSize: 384.00 MB
CompressedClassSpaceSize: 320.00 MB
Initial GC threshold: 21.00 MB
Current GC threshold: 35.25 MB
CDS: on
 - commit_granule_bytes: 65536.
 - commit_granule_words: 8192.
 - virtual_space_node_default_size: 8388608.
 - enlarge_chunks_in_place: 1.
 - use_allocation_guard: 0.


Internal statistics:

num_allocs_failed_limit: 3.
num_arena_births: 1962.
num_arena_deaths: 0.
num_vsnodes_births: 2.
num_vsnodes_deaths: 0.
num_space_committed: 528.
num_space_uncommitted: 0.
num_chunks_returned_to_freelist: 3.
num_chunks_taken_from_freelist: 3477.
num_chunk_merges: 3.
num_chunk_splits: 2191.
num_chunks_enlarged: 1312.
num_inconsistent_stats: 0.

CodeHeap 'non-profiled nmethods': size=120000Kb used=2284Kb max_used=2284Kb free=117715Kb
 bounds [0x0000025e87ad0000, 0x0000025e87d40000, 0x0000025e8f000000]
CodeHeap 'profiled nmethods': size=120000Kb used=7679Kb max_used=7679Kb free=112320Kb
 bounds [0x0000025e80000000, 0x0000025e80780000, 0x0000025e87530000]
CodeHeap 'non-nmethods': size=5760Kb used=1536Kb max_used=1595Kb free=4223Kb
 bounds [0x0000025e87530000, 0x0000025e877a0000, 0x0000025e87ad0000]
 total_blobs=4411 nmethods=3809 adapters=506
 compilation: enabled
              stopped_count=0, restarted_count=0
 full_count=0

Compilation events (20 events):
Event: 13.452 Thread 0x0000025e9290caf0 nmethod 3769 0x0000025e8076dd90 code [0x0000025e8076dfe0, 0x0000025e8076e860]
Event: 13.452 Thread 0x0000025e9290caf0 3770       3       org.gradle.internal.instantiation.generator.AbstractClassGenerator$PropertyMetadata::lambda$findAnnotation$1 (6 bytes)
Event: 13.452 Thread 0x0000025ead0e48b0 3774       4       org.objectweb.asm.SymbolTable::addConstantUtf8 (98 bytes)
Event: 13.453 Thread 0x0000025e9290caf0 nmethod 3770 0x0000025e8076eb90 code [0x0000025e8076ede0, 0x0000025e8076f5f0]
Event: 13.453 Thread 0x0000025e9290caf0 3771       3       org.gradle.internal.instantiation.generator.AbstractClassGenerator$PropertyMetadata::getterAnnotationOf (12 bytes)
Event: 13.454 Thread 0x0000025e9290caf0 nmethod 3771 0x0000025e8076f910 code [0x0000025e8076fb40, 0x0000025e807702e0]
Event: 13.454 Thread 0x0000025e9290caf0 3767       3       org.gradle.internal.instantiation.generator.AbstractClassGenerator$ClassGenerationHandler::visitProperty (1 bytes)
Event: 13.454 Thread 0x0000025e9290caf0 nmethod 3767 0x0000025e80770590 code [0x0000025e80770720, 0x0000025e80770828]
Event: 13.454 Thread 0x0000025e9290caf0 3773       3       java.util.stream.MatchOps$1MatchSink::accept (44 bytes)
Event: 13.454 Thread 0x0000025e9290caf0 nmethod 3773 0x0000025e80770890 code [0x0000025e80770a40, 0x0000025e80770ca8]
Event: 13.454 Thread 0x0000025e9290caf0 3768       3       org.gradle.internal.instantiation.generator.AbstractClassGenerator$PropertyMetadata::isReadOnly (20 bytes)
Event: 13.455 Thread 0x0000025e9290caf0 nmethod 3768 0x0000025e80770d90 code [0x0000025e80770f60, 0x0000025e80771348]
Event: 13.455 Thread 0x0000025e9290caf0 3776       3       org.objectweb.asm.SymbolTable::addTypeInternal (85 bytes)
Event: 13.455 Thread 0x0000025e9290caf0 nmethod 3776 0x0000025e80771490 code [0x0000025e80771680, 0x0000025e80771ca8]
Event: 13.455 Thread 0x0000025e9290caf0 3775       1       org.gradle.internal.instantiation.generator.AsmBackedClassGenerator$ClassBuilderImpl::access$4100 (5 bytes)
Event: 13.456 Thread 0x0000025e9290caf0 nmethod 3775 0x0000025e87d06a10 code [0x0000025e87d06ba0, 0x0000025e87d06c50]
Event: 13.647 Thread 0x0000025e9290caf0 3777       3       java.util.Collections$SingletonSet::contains (9 bytes)
Event: 13.647 Thread 0x0000025e9290caf0 nmethod 3777 0x0000025e80771e90 code [0x0000025e80772040, 0x0000025e80772320]
Event: 13.647 Thread 0x0000025e9290caf0 3778       3       java.util.Collections::eq (22 bytes)
Event: 13.648 Thread 0x0000025e9290caf0 nmethod 3778 0x0000025e80772410 code [0x0000025e807725c0, 0x0000025e80772820]

GC Heap History (8 events):
Event: 0.791 GC heap before
{Heap before GC invocations=0 (full 0):
 garbage-first heap   total 262144K, used 22528K [0x00000000e0000000, 0x0000000100000000)
  region size 1024K, 23 young (23552K), 0 survivors (0K)
 Metaspace       used 876K, committed 1024K, reserved 393216K
  class space    used 67K, committed 128K, reserved 327680K
}
Event: 0.798 GC heap after
{Heap after GC invocations=1 (full 0):
 garbage-first heap   total 262144K, used 1535K [0x00000000e0000000, 0x0000000100000000)
  region size 1024K, 2 young (2048K), 2 survivors (2048K)
 Metaspace       used 876K, committed 1024K, reserved 393216K
  class space    used 67K, committed 128K, reserved 327680K
}
Event: 2.454 GC heap before
{Heap before GC invocations=1 (full 0):
 garbage-first heap   total 262144K, used 41471K [0x00000000e0000000, 0x0000000100000000)
  region size 1024K, 38 young (38912K), 2 survivors (2048K)
 Metaspace       used 4615K, committed 4800K, reserved 393216K
  class space    used 568K, committed 640K, reserved 327680K
}
Event: 2.466 GC heap after
{Heap after GC invocations=2 (full 0):
 garbage-first heap   total 262144K, used 11826K [0x00000000e0000000, 0x0000000100000000)
  region size 1024K, 5 young (5120K), 5 survivors (5120K)
 Metaspace       used 4615K, committed 4800K, reserved 393216K
  class space    used 568K, committed 640K, reserved 327680K
}
Event: 7.453 GC heap before
{Heap before GC invocations=2 (full 0):
 garbage-first heap   total 262144K, used 118322K [0x00000000e0000000, 0x0000000100000000)
  region size 1024K, 107 young (109568K), 5 survivors (5120K)
 Metaspace       used 16337K, committed 16832K, reserved 393216K
  class space    used 2142K, committed 2368K, reserved 327680K
}
Event: 7.470 GC heap after
{Heap after GC invocations=3 (full 0):
 garbage-first heap   total 262144K, used 22520K [0x00000000e0000000, 0x0000000100000000)
  region size 1024K, 14 young (14336K), 14 survivors (14336K)
 Metaspace       used 16337K, committed 16832K, reserved 393216K
  class space    used 2142K, committed 2368K, reserved 327680K
}
Event: 8.984 GC heap before
{Heap before GC invocations=3 (full 0):
 garbage-first heap   total 262144K, used 53240K [0x00000000e0000000, 0x0000000100000000)
  region size 1024K, 44 young (45056K), 14 survivors (14336K)
 Metaspace       used 20966K, committed 21504K, reserved 393216K
  class space    used 2797K, committed 3072K, reserved 327680K
}
Event: 8.995 GC heap after
{Heap after GC invocations=4 (full 0):
 garbage-first heap   total 262144K, used 24128K [0x00000000e0000000, 0x0000000100000000)
  region size 1024K, 11 young (11264K), 11 survivors (11264K)
 Metaspace       used 20966K, committed 21504K, reserved 393216K
  class space    used 2797K, committed 3072K, reserved 327680K
}

Dll operation events (15 events):
Event: 0.018 Loaded shared library C:\Program Files\Java\jdk-21.0.10\bin\java.dll
Event: 0.077 Loaded shared library C:\Program Files\Java\jdk-21.0.10\bin\jsvml.dll
Event: 0.165 Loaded shared library C:\Program Files\Java\jdk-21.0.10\bin\zip.dll
Event: 0.172 Loaded shared library C:\Program Files\Java\jdk-21.0.10\bin\instrument.dll
Event: 0.180 Loaded shared library C:\Program Files\Java\jdk-21.0.10\bin\net.dll
Event: 0.184 Loaded shared library C:\Program Files\Java\jdk-21.0.10\bin\nio.dll
Event: 0.188 Loaded shared library C:\Program Files\Java\jdk-21.0.10\bin\zip.dll
Event: 0.803 Loaded shared library C:\Program Files\Java\jdk-21.0.10\bin\jimage.dll
Event: 1.366 Loaded shared library C:\Program Files\Java\jdk-21.0.10\bin\verify.dll
Event: 1.454 Loaded shared library C:\Users\ASUS\.gradle\native\660c5614fbf4a5f2a75b1949f50a0caf5cd603558e7d8a26e50b933a0cfb79d1\windows-amd64\native-platform.dll
Event: 1.483 Loaded shared library C:\Users\ASUS\.gradle\native\0.2.8\x86_64-windows-gnu\gradle-fileevents.dll
Event: 4.560 Loaded shared library C:\Program Files\Java\jdk-21.0.10\bin\management.dll
Event: 4.564 Loaded shared library C:\Program Files\Java\jdk-21.0.10\bin\management_ext.dll
Event: 4.956 Loaded shared library C:\Program Files\Java\jdk-21.0.10\bin\extnet.dll
Event: 5.566 Loaded shared library C:\Program Files\Java\jdk-21.0.10\bin\sunmscapi.dll

Deoptimization events (20 events):
Event: 12.853 Thread 0x0000025e92a3fb20 Uncommon trap: trap_request=0xffffffde fr.pc=0x0000025e87ae0b48 relative=0x00000000000001a8
Event: 12.853 Thread 0x0000025e92a3fb20 Uncommon trap: reason=class_check action=maybe_recompile pc=0x0000025e87ae0b48 method=java.lang.String.equals(Ljava/lang/Object;)Z @ 8 c2
Event: 12.853 Thread 0x0000025e92a3fb20 DEOPT PACKING pc=0x0000025e87ae0b48 sp=0x0000008af54f9280
Event: 12.853 Thread 0x0000025e92a3fb20 DEOPT UNPACKING pc=0x0000025e875846a2 sp=0x0000008af54f9218 mode 2
Event: 13.428 Thread 0x0000025e92a3fb20 Uncommon trap: trap_request=0xffffffbe fr.pc=0x0000025e87d00b60 relative=0x0000000000001000
Event: 13.429 Thread 0x0000025e92a3fb20 Uncommon trap: reason=profile_predicate action=maybe_recompile pc=0x0000025e87d00b60 method=java.lang.invoke.InvokerBytecodeGenerator.<init>(Ljava/lang/String;Ljava/lang/String;Ljava/lang/invoke/LambdaForm;Ljava/lang/invoke/MethodType;)V @ 33 c2
Event: 13.429 Thread 0x0000025e92a3fb20 DEOPT PACKING pc=0x0000025e87d00b60 sp=0x0000008af54f8cf0
Event: 13.429 Thread 0x0000025e92a3fb20 DEOPT UNPACKING pc=0x0000025e875846a2 sp=0x0000008af54f8ca0 mode 2
Event: 13.429 Thread 0x0000025e92a3fb20 Uncommon trap: trap_request=0xffffffbe fr.pc=0x0000025e87d00b60 relative=0x0000000000001000
Event: 13.429 Thread 0x0000025e92a3fb20 Uncommon trap: reason=profile_predicate action=maybe_recompile pc=0x0000025e87d00b60 method=java.lang.invoke.InvokerBytecodeGenerator.<init>(Ljava/lang/String;Ljava/lang/String;Ljava/lang/invoke/LambdaForm;Ljava/lang/invoke/MethodType;)V @ 33 c2
Event: 13.429 Thread 0x0000025e92a3fb20 DEOPT PACKING pc=0x0000025e87d00b60 sp=0x0000008af54f8d00
Event: 13.429 Thread 0x0000025e92a3fb20 DEOPT UNPACKING pc=0x0000025e875846a2 sp=0x0000008af54f8cb0 mode 2
Event: 13.430 Thread 0x0000025e92a3fb20 Uncommon trap: trap_request=0xffffffbe fr.pc=0x0000025e87d00b60 relative=0x0000000000001000
Event: 13.430 Thread 0x0000025e92a3fb20 Uncommon trap: reason=profile_predicate action=maybe_recompile pc=0x0000025e87d00b60 method=java.lang.invoke.InvokerBytecodeGenerator.<init>(Ljava/lang/String;Ljava/lang/String;Ljava/lang/invoke/LambdaForm;Ljava/lang/invoke/MethodType;)V @ 33 c2
Event: 13.430 Thread 0x0000025e92a3fb20 DEOPT PACKING pc=0x0000025e87d00b60 sp=0x0000008af54f8ce0
Event: 13.430 Thread 0x0000025e92a3fb20 DEOPT UNPACKING pc=0x0000025e875846a2 sp=0x0000008af54f8c90 mode 2
Event: 13.430 Thread 0x0000025e92a3fb20 Uncommon trap: trap_request=0xffffffbe fr.pc=0x0000025e87d00b60 relative=0x0000000000001000
Event: 13.430 Thread 0x0000025e92a3fb20 Uncommon trap: reason=profile_predicate action=maybe_recompile pc=0x0000025e87d00b60 method=java.lang.invoke.InvokerBytecodeGenerator.<init>(Ljava/lang/String;Ljava/lang/String;Ljava/lang/invoke/LambdaForm;Ljava/lang/invoke/MethodType;)V @ 33 c2
Event: 13.430 Thread 0x0000025e92a3fb20 DEOPT PACKING pc=0x0000025e87d00b60 sp=0x0000008af54f9100
Event: 13.430 Thread 0x0000025e92a3fb20 DEOPT UNPACKING pc=0x0000025e875846a2 sp=0x0000008af54f90b0 mode 2

Classes loaded (20 events):
Event: 12.015 Loading class java/util/concurrent/locks/ReentrantReadWriteLock$NonfairSync
Event: 12.015 Loading class java/util/concurrent/locks/ReentrantReadWriteLock$Sync
Event: 12.016 Loading class java/util/concurrent/locks/ReentrantReadWriteLock$Sync done
Event: 12.016 Loading class java/util/concurrent/locks/ReentrantReadWriteLock$NonfairSync done
Event: 12.016 Loading class java/util/concurrent/locks/ReentrantReadWriteLock$Sync$ThreadLocalHoldCounter
Event: 12.016 Loading class java/util/concurrent/locks/ReentrantReadWriteLock$Sync$ThreadLocalHoldCounter done
Event: 12.016 Loading class java/util/concurrent/locks/ReentrantReadWriteLock$ReadLock
Event: 12.017 Loading class java/util/concurrent/locks/ReentrantReadWriteLock$ReadLock done
Event: 12.017 Loading class java/util/concurrent/locks/ReentrantReadWriteLock$WriteLock
Event: 12.017 Loading class java/util/concurrent/locks/ReentrantReadWriteLock$WriteLock done
Event: 13.216 Loading class java/lang/invoke/SerializedLambda
Event: 13.216 Loading class java/lang/invoke/SerializedLambda done
Event: 13.348 Loading class java/lang/reflect/AnnotatedType
Event: 13.348 Loading class java/lang/reflect/AnnotatedType done
Event: 13.373 Loading class sun/reflect/generics/tree/IntSignature
Event: 13.373 Loading class sun/reflect/generics/tree/IntSignature done
Event: 13.373 Loading class sun/reflect/generics/tree/ArrayTypeSignature
Event: 13.373 Loading class sun/reflect/generics/tree/ArrayTypeSignature done
Event: 13.390 Loading class java/lang/SafeVarargs
Event: 13.390 Loading class java/lang/SafeVarargs done

Classes unloaded (0 events):
No events

Classes redefined (0 events):
No events

Internal exceptions (20 events):
Event: 11.495 Thread 0x0000025e92a3fb20 Exception <a 'java/lang/NoSuchMethodError'{0x00000000eb92c0d8}: 'void java.lang.invoke.DirectMethodHandle$Holder.invokeVirtual(java.lang.Object, java.lang.Object)'> (0x00000000eb92c0d8) 
thrown [s\open\src\hotspot\share\interpreter\linkResolver.cpp, line 773]
Event: 11.843 Thread 0x0000025e92a3fb20 Exception <a 'java/lang/NoSuchMethodError'{0x00000000eb67a090}: static Lorg/gradle/tooling/internal/consumer/connection/InternalPhasedActionAdapter;.<clinit>()V> (0x00000000eb67a090) 
thrown [s\open\src\hotspot\share\prims\jni.cpp, line 1111]
Event: 11.868 Thread 0x0000025e92a3fb20 Exception <a 'java/lang/NoSuchMethodError'{0x00000000eb6ab700}: static Lorg/gradle/tooling/internal/consumer/connection/InternalBuildActionAdapter;.<clinit>()V> (0x00000000eb6ab700) 
thrown [s\open\src\hotspot\share\prims\jni.cpp, line 1111]
Event: 11.955 Thread 0x0000025e92a3fb20 Exception <a 'java/lang/NoSuchMethodError'{0x00000000eb423eb8}: static Lorg/gradle/tooling/internal/consumer/versioning/VersionDetails;.<clinit>()V> (0x00000000eb423eb8) 
thrown [s\open\src\hotspot\share\prims\jni.cpp, line 1111]
Event: 11.956 Thread 0x0000025e92a3fb20 Exception <a 'java/lang/NoSuchMethodError'{0x00000000eb426b40}: static Lorg/gradle/tooling/internal/consumer/versioning/VersionDetails$R26VersionDetails;.<clinit>()V> (0x00000000eb426b40) 
thrown [s\open\src\hotspot\share\prims\jni.cpp, line 1111]
Event: 11.956 Thread 0x0000025e92a3fb20 Exception <a 'java/lang/NoSuchMethodError'{0x00000000eb4281d8}: static Lorg/gradle/tooling/internal/consumer/versioning/VersionDetails$R28VersionDetails;.<clinit>()V> (0x00000000eb4281d8) 
thrown [s\open\src\hotspot\share\prims\jni.cpp, line 1111]
Event: 11.956 Thread 0x0000025e92a3fb20 Exception <a 'java/lang/NoSuchMethodError'{0x00000000eb429780}: static Lorg/gradle/tooling/internal/consumer/versioning/VersionDetails$R35VersionDetails;.<clinit>()V> (0x00000000eb429780) 
thrown [s\open\src\hotspot\share\prims\jni.cpp, line 1111]
Event: 11.956 Thread 0x0000025e92a3fb20 Exception <a 'java/lang/NoSuchMethodError'{0x00000000eb42aef0}: static Lorg/gradle/tooling/internal/consumer/versioning/VersionDetails$R44VersionDetails;.<clinit>()V> (0x00000000eb42aef0) 
thrown [s\open\src\hotspot\share\prims\jni.cpp, line 1111]
Event: 11.956 Thread 0x0000025e92a3fb20 Exception <a 'java/lang/NoSuchMethodError'{0x00000000eb42c598}: static Lorg/gradle/tooling/internal/consumer/versioning/VersionDetails$R48VersionDetails;.<clinit>()V> (0x00000000eb42c598) 
thrown [s\open\src\hotspot\share\prims\jni.cpp, line 1111]
Event: 11.957 Thread 0x0000025e92a3fb20 Exception <a 'java/lang/NoSuchMethodError'{0x00000000eb42dae0}: static Lorg/gradle/tooling/internal/consumer/versioning/VersionDetails$R51VersionDetails;.<clinit>()V> (0x00000000eb42dae0) 
thrown [s\open\src\hotspot\share\prims\jni.cpp, line 1111]
Event: 11.960 Thread 0x0000025e92a3fb20 Exception <a 'java/lang/NoSuchMethodError'{0x00000000eb43fe90}: static [Lorg/gradle/tooling/BuildAction;.<clinit>()V> (0x00000000eb43fe90) 
thrown [s\open\src\hotspot\share\prims\jni.cpp, line 1111]
Event: 11.963 Thread 0x0000025e92a3fb20 Exception <a 'java/lang/NoSuchMethodError'{0x00000000eb4504d8}: static Lorg/eclipse/buildship/core/internal/workspace/TellGradleToRunSynchronizationTasks;.<clinit>()V> (0x00000000eb4504d8) 
thrown [s\open\src\hotspot\share\prims\jni.cpp, line 1111]
Event: 11.973 Thread 0x0000025e92a3fb20 Exception <a 'java/lang/NoSuchMethodError'{0x00000000eb474520}: 'java.lang.Object java.lang.invoke.DirectMethodHandle$Holder.newInvokeSpecial(java.lang.Object, java.lang.Object, java.lang.Object, int)'> (0x00000000eb474520) 
thrown [s\open\src\hotspot\share\interpreter\linkResolver.cpp, line 773]
Event: 11.974 Thread 0x0000025e92a3fb20 Exception <a 'java/lang/NoSuchMethodError'{0x00000000eb478ba8}: 'java.lang.Object java.lang.invoke.DirectMethodHandle$Holder.invokeSpecial(java.lang.Object, java.lang.Object, java.lang.Object, java.lang.Object, int)'> (0x00000000eb478ba8) 
thrown [s\open\src\hotspot\share\interpreter\linkResolver.cpp, line 773]
Event: 11.974 Thread 0x0000025e92a3fb20 Exception <a 'java/lang/NoSuchMethodError'{0x00000000eb47ca60}: 'java.lang.Object java.lang.invoke.Invokers$Holder.linkToTargetMethod(java.lang.Object, java.lang.Object, int, java.lang.Object)'> (0x00000000eb47ca60) 
thrown [s\open\src\hotspot\share\interpreter\linkResolver.cpp, line 773]
Event: 12.373 Thread 0x0000025e92a3fb20 Exception <a 'java/lang/NoSuchMethodError'{0x00000000ead81040}: 'void java.lang.invoke.DirectMethodHandle$Holder.invokeInterface(java.lang.Object, java.lang.Object, java.lang.Object, java.lang.Object, java.lang.Object)'> (0x00000000ead81040) 
thrown [s\open\src\hotspot\share\interpreter\linkResolver.cpp, line 773]
Event: 12.759 Thread 0x0000025e92a3fb20 Exception <a 'java/lang/NoSuchMethodError'{0x00000000ea66f2b0}: 'java.lang.Object java.lang.invoke.DirectMethodHandle$Holder.invokeStaticInit(java.lang.Object, java.lang.Object, java.lang.Object)'> (0x00000000ea66f2b0) 
thrown [s\open\src\hotspot\share\interpreter\linkResolver.cpp, line 773]
Event: 12.996 Thread 0x0000025e92a3fb20 Exception <a 'java/lang/NoSuchMethodError'{0x00000000ea3bfee0}: 'java.lang.Object java.lang.invoke.DirectMethodHandle$Holder.invokeSpecialIFC(java.lang.Object, java.lang.Object, java.lang.Object, java.lang.Object)'> (0x00000000ea3bfee0) 
thrown [s\open\src\hotspot\share\interpreter\linkResolver.cpp, line 773]
Event: 13.236 Thread 0x0000025e92a3fb20 Exception <a 'java/lang/NoSuchMethodError'{0x00000000e9e5f5d8}: 'java.lang.Object java.lang.invoke.DirectMethodHandle$Holder.invokeVirtual(java.lang.Object, java.lang.Object, java.lang.Object, java.lang.Object, java.lang.Object, java.lang.Object, java.lang.Object, java.lang.Object, java.lang.Object, java.lang.Object, java.lang.Object, java.lang.Object, java.lang.Object, java.lang.Object, java.lang.Object, java.lang.Object, java.lang.Object, java.lang.Object, java.lang.Object, java.lang.Object, java.lang.Ob
Event: 13.237 Thread 0x0000025e92a3fb20 Exception <a 'java/lang/NoSuchMethodError'{0x00000000e9e660d8}: 'java.lang.Object java.lang.invoke.DelegatingMethodHandle$Holder.reinvoke_L(java.lang.Object, java.lang.Object, java.lang.Object, java.lang.Object, java.lang.Object, java.lang.Object, java.lang.Object, java.lang.Object, java.lang.Object, java.lang.Object, java.lang.Object, java.lang.Object, java.lang.Object, java.lang.Object, java.lang.Object, java.lang.Object, java.lang.Object, java.lang.Object, java.lang.Object, java.lang.Object, java.lang.O

ZGC Phase Switch (0 events):
No events

VM Operations (20 events):
Event: 10.895 Executing VM operation: HandshakeAllThreads (Deoptimize)
Event: 10.896 Executing VM operation: HandshakeAllThreads (Deoptimize) done
Event: 11.272 Executing VM operation: HandshakeAllThreads (Deoptimize)
Event: 11.272 Executing VM operation: HandshakeAllThreads (Deoptimize) done
Event: 11.272 Executing VM operation: Cleanup
Event: 11.272 Executing VM operation: Cleanup done
Event: 11.274 Executing VM operation: HandshakeAllThreads (Deoptimize)
Event: 11.274 Executing VM operation: HandshakeAllThreads (Deoptimize) done
Event: 11.474 Executing VM operation: HandshakeAllThreads (Deoptimize)
Event: 11.474 Executing VM operation: HandshakeAllThreads (Deoptimize) done
Event: 11.639 Executing VM operation: HandshakeAllThreads (Deoptimize)
Event: 11.639 Executing VM operation: HandshakeAllThreads (Deoptimize) done
Event: 12.645 Executing VM operation: Cleanup
Event: 12.646 Executing VM operation: Cleanup done
Event: 12.776 Executing VM operation: HandshakeAllThreads (Deoptimize)
Event: 12.776 Executing VM operation: HandshakeAllThreads (Deoptimize) done
Event: 13.360 Executing VM operation: HandshakeAllThreads (Deoptimize)
Event: 13.360 Executing VM operation: HandshakeAllThreads (Deoptimize) done
Event: 14.369 Executing VM operation: Cleanup
Event: 14.369 Executing VM operation: Cleanup done

Events (20 events):
Event: 6.118 Thread 0x0000025ead0e4f80 Thread exited: 0x0000025ead0e4f80
Event: 7.233 Thread 0x0000025eacc35f30 Thread added: 0x0000025eacc35f30
Event: 7.255 Thread 0x0000025eacc358a0 Thread added: 0x0000025eacc358a0
Event: 7.328 Thread 0x0000025ead0e5d20 Thread added: 0x0000025ead0e5d20
Event: 7.440 Thread 0x0000025eacc33140 Thread added: 0x0000025eacc33140
Event: 9.906 Thread 0x0000025ead0e5d20 Thread exited: 0x0000025ead0e5d20
Event: 10.124 Thread 0x0000025ead0e5d20 Thread added: 0x0000025ead0e5d20
Event: 10.222 Thread 0x0000025eaece0020 Thread added: 0x0000025eaece0020
Event: 10.271 Thread 0x0000025eaece1a60 Thread added: 0x0000025eaece1a60
Event: 10.361 Thread 0x0000025ead0e5d20 Thread exited: 0x0000025ead0e5d20
Event: 10.911 Thread 0x0000025eaece06b0 Thread added: 0x0000025eaece06b0
Event: 11.101 Thread 0x0000025eaece20f0 Thread added: 0x0000025eaece20f0
Event: 11.120 Thread 0x0000025eaece2e10 Thread added: 0x0000025eaece2e10
Event: 11.283 Thread 0x0000025ead0e63f0 Thread added: 0x0000025ead0e63f0
Event: 11.343 Thread 0x0000025eaecdf990 Thread added: 0x0000025eaecdf990
Event: 11.343 Thread 0x0000025eaece3b30 Thread added: 0x0000025eaece3b30
Event: 11.344 Thread 0x0000025eaece4850 Thread added: 0x0000025eaece4850
Event: 11.619 Thread 0x0000025ead0e48b0 Thread added: 0x0000025ead0e48b0
Event: 12.925 Thread 0x0000025eaece4ee0 Thread added: 0x0000025eaece4ee0
Event: 13.144 Thread 0x0000025eaece5570 Thread added: 0x0000025eaece5570


Dynamic libraries:
0x00007ff7fb750000 - 0x00007ff7fb760000 	C:\Program Files\Java\jdk-21.0.10\bin\java.exe
0x00007ffeddec0000 - 0x00007ffede127000 	C:\WINDOWS\SYSTEM32\ntdll.dll
0x00007ffedce30000 - 0x00007ffedcef9000 	C:\WINDOWS\System32\KERNEL32.DLL
0x00007ffedaa20000 - 0x00007ffedae17000 	C:\WINDOWS\System32\KERNELBASE.dll
0x00007ffedb050000 - 0x00007ffedb19b000 	C:\WINDOWS\System32\ucrtbase.dll
0x00007ffe5c810000 - 0x00007ffe5c82e000 	C:\Program Files\Java\jdk-21.0.10\bin\VCRUNTIME140.dll
0x00007ffeca7c0000 - 0x00007ffeca7d9000 	C:\Program Files\Java\jdk-21.0.10\bin\jli.dll
0x00007ffedbfd0000 - 0x00007ffedc086000 	C:\WINDOWS\System32\ADVAPI32.dll
0x00007ffedc8c0000 - 0x00007ffedc969000 	C:\WINDOWS\System32\msvcrt.dll
0x00007ffedcf60000 - 0x00007ffedd007000 	C:\WINDOWS\System32\sechost.dll
0x00007ffeddd60000 - 0x00007ffedde78000 	C:\WINDOWS\System32\RPCRT4.dll
0x00007ffedbd40000 - 0x00007ffedbf06000 	C:\WINDOWS\System32\USER32.dll
0x00007ffec7c50000 - 0x00007ffec7ee2000 	C:\WINDOWS\WinSxS\amd64_microsoft.windows.common-controls_6595b64144ccf1df_6.0.26100.8457_none_3e0b2faee331e92d\COMCTL32.dll
0x00007ffedb020000 - 0x00007ffedb047000 	C:\WINDOWS\System32\win32u.dll
0x00007ffedd760000 - 0x00007ffedd78b000 	C:\WINDOWS\System32\GDI32.dll
0x00007ffeda8f0000 - 0x00007ffedaa1c000 	C:\WINDOWS\System32\gdi32full.dll
0x00007ffedaeb0000 - 0x00007ffedaf53000 	C:\WINDOWS\System32\msvcp_win.dll
0x00007ffece350000 - 0x00007ffece35b000 	C:\WINDOWS\SYSTEM32\VERSION.dll
0x00007ffedd820000 - 0x00007ffedd852000 	C:\WINDOWS\System32\IMM32.DLL
0x00007ffed3b50000 - 0x00007ffed3b5c000 	C:\Program Files\Java\jdk-21.0.10\bin\vcruntime140_1.dll
0x00007ffeb6b40000 - 0x00007ffeb6bcd000 	C:\Program Files\Java\jdk-21.0.10\bin\msvcp140.dll
0x00007ffe5c830000 - 0x00007ffe5d557000 	C:\Program Files\Java\jdk-21.0.10\bin\server\jvm.dll
0x00007ffedd790000 - 0x00007ffedd810000 	C:\WINDOWS\System32\WS2_32.dll
0x00007ffeda750000 - 0x00007ffeda7ae000 	C:\WINDOWS\SYSTEM32\POWRPROF.dll
0x00007ffed05e0000 - 0x00007ffed0616000 	C:\WINDOWS\SYSTEM32\WINMM.dll
0x00007ffeda730000 - 0x00007ffeda744000 	C:\WINDOWS\SYSTEM32\UMPDC.dll
0x00007ffed9680000 - 0x00007ffed969b000 	C:\WINDOWS\SYSTEM32\kernel.appcore.dll
0x00007ffe65000000 - 0x00007ffe6500a000 	C:\Program Files\Java\jdk-21.0.10\bin\jimage.dll
0x00007ffed8a20000 - 0x00007ffed8c62000 	C:\WINDOWS\SYSTEM32\DBGHELP.DLL
0x00007ffedd860000 - 0x00007ffeddbe3000 	C:\WINDOWS\System32\combase.dll
0x00007ffedcaa0000 - 0x00007ffedcb79000 	C:\WINDOWS\System32\OLEAUT32.dll
0x00007ffeb3bd0000 - 0x00007ffeb3c0b000 	C:\WINDOWS\SYSTEM32\dbgcore.DLL
0x00007ffedbb90000 - 0x00007ffedbc38000 	C:\WINDOWS\System32\bcryptPrimitives.dll
0x00007ffeca790000 - 0x00007ffeca7a0000 	C:\Program Files\Java\jdk-21.0.10\bin\instrument.dll
0x00007ffe5c7a0000 - 0x00007ffe5c7c1000 	C:\Program Files\Java\jdk-21.0.10\bin\java.dll
0x00007ffedc090000 - 0x00007ffedc7fe000 	C:\WINDOWS\System32\SHELL32.dll
0x00007ffedb1a0000 - 0x00007ffedba0c000 	C:\WINDOWS\System32\windows.storage.dll
0x00007ffedc9a0000 - 0x00007ffedca96000 	C:\WINDOWS\System32\SHCORE.dll
0x00007ffedbf10000 - 0x00007ffedbf76000 	C:\WINDOWS\System32\shlwapi.dll
0x00007ffeda810000 - 0x00007ffeda839000 	C:\WINDOWS\SYSTEM32\profapi.dll
0x00007ffe5c6c0000 - 0x00007ffe5c797000 	C:\Program Files\Java\jdk-21.0.10\bin\jsvml.dll
0x00007ffed3b90000 - 0x00007ffed3ba8000 	C:\Program Files\Java\jdk-21.0.10\bin\zip.dll
0x00007ffe5c6a0000 - 0x00007ffe5c6b1000 	C:\Program Files\Java\jdk-21.0.10\bin\net.dll
0x00007ffed0430000 - 0x00007ffed0559000 	C:\WINDOWS\SYSTEM32\WINHTTP.dll
0x00007ffed9bf0000 - 0x00007ffed9c5c000 	C:\WINDOWS\system32\mswsock.dll
0x00007ffe5c680000 - 0x00007ffe5c696000 	C:\Program Files\Java\jdk-21.0.10\bin\nio.dll
0x00007ffe5b780000 - 0x00007ffe5b790000 	C:\Program Files\Java\jdk-21.0.10\bin\verify.dll
0x00007ffed3af0000 - 0x00007ffed3b17000 	C:\Users\ASUS\.gradle\native\660c5614fbf4a5f2a75b1949f50a0caf5cd603558e7d8a26e50b933a0cfb79d1\windows-amd64\native-platform.dll
0x00007ffeb4280000 - 0x00007ffeb42f7000 	C:\Users\ASUS\.gradle\native\0.2.8\x86_64-windows-gnu\gradle-fileevents.dll
0x00007ffed3bc0000 - 0x00007ffed3bca000 	C:\Program Files\Java\jdk-21.0.10\bin\management.dll
0x00007ffed3bb0000 - 0x00007ffed3bbc000 	C:\Program Files\Java\jdk-21.0.10\bin\management_ext.dll
0x00007ffedcb80000 - 0x00007ffedcb88000 	C:\WINDOWS\System32\PSAPI.DLL
0x00007ffed90e0000 - 0x00007ffed9112000 	C:\WINDOWS\SYSTEM32\IPHLPAPI.DLL
0x00007ffeddd50000 - 0x00007ffeddd5a000 	C:\WINDOWS\System32\NSI.dll
0x00007ffe5b770000 - 0x00007ffe5b779000 	C:\Program Files\Java\jdk-21.0.10\bin\extnet.dll
0x00007ffed9ed0000 - 0x00007ffed9eeb000 	C:\WINDOWS\SYSTEM32\CRYPTSP.dll
0x00007ffed95e0000 - 0x00007ffed9619000 	C:\WINDOWS\system32\rsaenh.dll
0x00007ffed9ca0000 - 0x00007ffed9cd3000 	C:\WINDOWS\SYSTEM32\USERENV.dll
0x00007ffeda7e0000 - 0x00007ffeda80a000 	C:\WINDOWS\SYSTEM32\bcrypt.dll
0x00007ffed9ef0000 - 0x00007ffed9efc000 	C:\WINDOWS\SYSTEM32\CRYPTBASE.dll
0x00007ffed7cf0000 - 0x00007ffed7cfe000 	C:\Program Files\Java\jdk-21.0.10\bin\sunmscapi.dll
0x00007ffedba10000 - 0x00007ffedbb88000 	C:\WINDOWS\System32\CRYPT32.dll
0x00007ffeda0f0000 - 0x00007ffeda120000 	C:\WINDOWS\SYSTEM32\ncrypt.dll
0x00007ffeda0a0000 - 0x00007ffeda0df000 	C:\WINDOWS\SYSTEM32\NTASN1.dll
0x00007ffe92d90000 - 0x00007ffe92d98000 	C:\WINDOWS\system32\wshunix.dll

dbghelp: loaded successfully - version: 4.0.5 - missing functions: none
symbol engine: initialized successfully - sym options: 0x614 - pdb path: .;C:\Program Files\Java\jdk-21.0.10\bin;C:\WINDOWS\SYSTEM32;C:\WINDOWS\WinSxS\amd64_microsoft.windows.common-controls_6595b64144ccf1df_6.0.26100.8457_none_3e0b2faee331e92d;C:\Program Files\Java\jdk-21.0.10\bin\server;C:\Users\ASUS\.gradle\native\660c5614fbf4a5f2a75b1949f50a0caf5cd603558e7d8a26e50b933a0cfb79d1\windows-amd64;C:\Users\ASUS\.gradle\native\0.2.8\x86_64-windows-gnu

VM Arguments:
jvm_args: --add-opens=java.base/java.lang=ALL-UNNAMED --add-opens=java.base/java.lang.invoke=ALL-UNNAMED --add-opens=java.base/java.util=ALL-UNNAMED --add-opens=java.prefs/java.util.prefs=ALL-UNNAMED --add-exports=jdk.compiler/com.sun.tools.javac.api=ALL-UNNAMED --add-exports=jdk.compiler/com.sun.tools.javac.util=ALL-UNNAMED --add-opens=java.base/java.util=ALL-UNNAMED --add-opens=java.prefs/java.util.prefs=ALL-UNNAMED --add-opens=java.base/java.nio.charset=ALL-UNNAMED --add-opens=java.base/java.net=ALL-UNNAMED --add-opens=java.base/java.util.concurrent=ALL-UNNAMED --add-opens=java.base/java.util.concurrent.atomic=ALL-UNNAMED --add-opens=java.xml/javax.xml.namespace=ALL-UNNAMED --add-opens=java.base/java.time=ALL-UNNAMED -XX:MaxMetaspaceSize=384m -XX:+HeapDumpOnOutOfMemoryError -Xms256m -Xmx512m -Dfile.encoding=UTF-8 -Duser.country=ID -Duser.language=id -Duser.variant -javaagent:C:\Users\ASUS\.gradle\wrapper\dists\gradle-9.2.0-bin\11i5gvueggl8a5cioxuftxrik\gradle-9.2.0\lib\agents\gradle-instrumentation-agent-9.2.0.jar 
java_command: org.gradle.launcher.daemon.bootstrap.GradleDaemon 9.2.0
java_class_path (initial): C:\Users\ASUS\.gradle\wrapper\dists\gradle-9.2.0-bin\11i5gvueggl8a5cioxuftxrik\gradle-9.2.0\lib\gradle-daemon-main-9.2.0.jar
Launcher Type: SUN_STANDARD

[Global flags]
     intx CICompilerCount                          = 4                                         {product} {ergonomic}
   size_t CompressedClassSpaceSize                 = 335544320                                 {product} {ergonomic}
     uint ConcGCThreads                            = 2                                         {product} {ergonomic}
     uint G1ConcRefinementThreads                  = 8                                         {product} {ergonomic}
   size_t G1HeapRegionSize                         = 1048576                                   {product} {ergonomic}
    uintx GCDrainStackTargetSize                   = 64                                        {product} {ergonomic}
     bool HeapDumpOnOutOfMemoryError               = true                                   {manageable} {command line}
   size_t InitialHeapSize                          = 268435456                                 {product} {command line}
   size_t MarkStackSize                            = 4194304                                   {product} {ergonomic}
   size_t MaxHeapSize                              = 536870912                                 {product} {command line}
   size_t MaxMetaspaceSize                         = 402653184                                 {product} {command line}
   size_t MaxNewSize                               = 321912832                                 {product} {ergonomic}
   size_t MinHeapDeltaBytes                        = 1048576                                   {product} {ergonomic}
   size_t MinHeapSize                              = 268435456                                 {product} {command line}
    uintx NonNMethodCodeHeapSize                   = 5839372                                {pd product} {ergonomic}
    uintx NonProfiledCodeHeapSize                  = 122909434                              {pd product} {ergonomic}
    uintx ProfiledCodeHeapSize                     = 122909434                              {pd product} {ergonomic}
    uintx ReservedCodeCacheSize                    = 251658240                              {pd product} {ergonomic}
     bool SegmentedCodeCache                       = true                                      {product} {ergonomic}
   size_t SoftMaxHeapSize                          = 536870912                              {manageable} {ergonomic}
     bool UseCompressedOops                        = true                           {product lp64_product} {ergonomic}
     bool UseG1GC                                  = true                                      {product} {ergonomic}
     bool UseLargePagesIndividualAllocation        = false                                  {pd product} {ergonomic}

Logging:
Log output configuration:
 #0: stdout all=warning uptime,level,tags foldmultilines=false
 #1: stderr all=off uptime,level,tags foldmultilines=false

Environment Variables:
JAVA_HOME=C:\Program Files\Java\jdk-21.0.10
PATH=C:\Program Files\Common Files\Oracle\Java\javapath;C:\WINDOWS\system32;C:\WINDOWS;C:\WINDOWS\System32\Wbem;C:\WINDOWS\System32\WindowsPowerShell\v1.0\;C:\WINDOWS\System32\OpenSSH\;C:\Program Files\Git\cmd;C:\Program Files\Java\jdk-21.0.10\bin;C:\Program Files\nodejs\;C:\Users\ASUS\AppData\Local\Microsoft\WindowsApps;C:\Users\ASUS\AppData\Local\Programs\Microsoft VS Code\bin;C:\Users\ASUS\AppData\Roaming\npm
USERNAME=ASUS
OS=Windows_NT
PROCESSOR_IDENTIFIER=AMD64 Family 23 Model 160 Stepping 0, AuthenticAMD
TMP=C:\Users\ASUS\AppData\Local\Temp
TEMP=C:\Users\ASUS\AppData\Local\Temp




Periodic native trim disabled

---------------  S Y S T E M  ---------------

OS:
 Windows 11 , 64 bit Build 26100 (10.0.26100.8328)
OS uptime: 3 days 2:43 hours

CPU: total 8 (initial active 8) (8 cores per cpu, 2 threads per core) family 23 model 160 stepping 0 microcode 0x8a00006, cx8, cmov, fxsr, ht, mmx, 3dnowpref, sse, sse2, sse3, ssse3, sse4a, sse4.1, sse4.2, popcnt, lzcnt, tsc, tscinvbit, avx, avx2, aes, clmul, bmi1, bmi2, adx, sha, fma, vzeroupper, clflush, clflushopt, rdtscp, rdpid, f16c
Processor Information for all 8 processors :
  Max Mhz: 2801, Current Mhz: 2483, Mhz Limit: 2801

Memory: 4k page, system-wide physical 7455M (775M free)
TotalPageFile size 29983M (AvailPageFile size 86M)
current process WorkingSet (physical memory assigned to process): 270M, peak: 273M
current process commit charge ("private bytes"): 443M, peak: 447M

vm_info: Java HotSpot(TM) 64-Bit Server VM (21.0.10+8-LTS-217) for windows-amd64 JRE (21.0.10+8-LTS-217), built on 2025-12-18T14:59:28Z by "mach5run" with MS VC++ 17.13 (VS2022)

END.
