#
# There is insufficient memory for the Java Runtime Environment to continue.
# Native memory allocation (malloc) failed to allocate 1388336 bytes for Chunk::new
# Possible reasons:
#   The system is out of physical RAM or swap space
#   The process is running with CompressedOops enabled, and the Java Heap may be blocking the growth of the native heap
# Possible solutions:
#   Reduce memory load on the system
#   Increase physical memory or swap space
#   Check if swap backing store is full
#   Decrease Java heap size (-Xmx/-Xms)
#   Decrease number of Java threads
#   Decrease Java thread stack sizes (-Xss)
#   Set larger code cache with -XX:ReservedCodeCacheSize=
#   JVM is running with Unscaled Compressed Oops mode in which the Java heap is
#     placed in the first 4GB address space. The Java Heap base address is the
#     maximum limit for the native heap growth. Please use -XX:HeapBaseMinAddress
#     to set the Java Heap base and to place the Java Heap above 4GB virtual address.
# This output file may be truncated or incomplete.
#
#  Out of Memory Error (arena.cpp:168), pid=5248, tid=27992
#
# JRE version: Java(TM) SE Runtime Environment (21.0.10+8) (build 21.0.10+8-LTS-217)
# Java VM: Java HotSpot(TM) 64-Bit Server VM (21.0.10+8-LTS-217, mixed mode, sharing, tiered, compressed oops, compressed class ptrs, g1 gc, windows-amd64)
# No core dump will be written. Minidumps are not enabled by default on client versions of Windows
#

---------------  S U M M A R Y ------------

Command Line: --add-opens=java.base/java.lang=ALL-UNNAMED --add-opens=java.base/java.lang.invoke=ALL-UNNAMED --add-opens=java.base/java.util=ALL-UNNAMED --add-opens=java.prefs/java.util.prefs=ALL-UNNAMED --add-exports=jdk.compiler/com.sun.tools.javac.api=ALL-UNNAMED --add-exports=jdk.compiler/com.sun.tools.javac.util=ALL-UNNAMED --add-opens=java.base/java.util=ALL-UNNAMED --add-opens=java.prefs/java.util.prefs=ALL-UNNAMED --add-opens=java.base/java.nio.charset=ALL-UNNAMED --add-opens=java.base/java.net=ALL-UNNAMED --add-opens=java.base/java.util.concurrent=ALL-UNNAMED --add-opens=java.base/java.util.concurrent.atomic=ALL-UNNAMED --add-opens=java.xml/javax.xml.namespace=ALL-UNNAMED --add-opens=java.base/java.time=ALL-UNNAMED -XX:MaxMetaspaceSize=384m -XX:+HeapDumpOnOutOfMemoryError -Xms256m -Xmx512m -Dfile.encoding=UTF-8 -Duser.country=ID -Duser.language=id -Duser.variant -javaagent:C:\Users\ASUS\.gradle\wrapper\dists\gradle-9.2.0-bin\11i5gvueggl8a5cioxuftxrik\gradle-9.2.0\lib\agents\gradle-instrumentation-agent-9.2.0.jar org.gradle.launcher.daemon.bootstrap.GradleDaemon 9.2.0

Host: AMD Ryzen 5 7520U with Radeon Graphics         , 8 cores, 7G,  Windows 11 , 64 bit Build 26100 (10.0.26100.8328)
Time: Fri May 29 16:03:36 2026 W. Australia Standard Time elapsed time: 17.871037 seconds (0d 0h 0m 17s)

---------------  T H R E A D  ---------------

Current thread (0x000001da7ed14700):  JavaThread "C2 CompilerThread0" daemon [_thread_in_native, id=27992, stack(0x0000005b18800000,0x0000005b18900000) (1024K)]


Current CompileTask:
C2:  17871 3927   !   4       java.net.URLClassLoader::findClass (47 bytes)

Stack: [0x0000005b18800000,0x0000005b18900000]
Native frames: (J=compiled Java code, j=interpreted, Vv=VM code, C=native code)
V  [jvm.dll+0x6d0b59]
V  [jvm.dll+0x85fd56]
V  [jvm.dll+0x86224e]
V  [jvm.dll+0x862923]
V  [jvm.dll+0x282a16]
V  [jvm.dll+0xc662d]
V  [jvm.dll+0xc6b71]
V  [jvm.dll+0x3bbb21]
V  [jvm.dll+0x1e36e2]
V  [jvm.dll+0x24b4c3]
V  [jvm.dll+0x24a94f]
V  [jvm.dll+0x1cacfe]
V  [jvm.dll+0x25a629]
V  [jvm.dll+0x258bb5]
V  [jvm.dll+0x3f4da1]
V  [jvm.dll+0x80a83d]
V  [jvm.dll+0x6cf3fd]
C  [ucrtbase.dll+0x37b0]
C  [KERNEL32.DLL+0x2e957]
C  [ntdll.dll+0x427c]


---------------  P R O C E S S  ---------------

Threads class SMR info:
_java_thread_list=0x000001da7ede23b0, length=36, elements={
0x000001da7103a860, 0x000001da7ebf5fa0, 0x000001da7ebf6610, 0x000001da7ebfd720,
0x000001da7ebfdd90, 0x000001da7ebfe400, 0x000001da7ed14090, 0x000001da7ed14700,
0x000001da7ed26dd0, 0x000001da7ef16570, 0x000001da7efbd630, 0x000001da285220e0,
0x000001da2876c670, 0x000001da7ee7c600, 0x000001da7f6ab490, 0x000001da7f0c88f0,
0x000001da7efe4a80, 0x000001da283f91a0, 0x000001da283f8b10, 0x000001da283f9830,
0x000001da283fabe0, 0x000001da283f9ec0, 0x000001da283fa550, 0x000001da283fb270,
0x000001da2b842f10, 0x000001da2b8435a0, 0x000001da2b842880, 0x000001da2b843c30,
0x000001da2b8442c0, 0x000001da2b844950, 0x000001da2b845670, 0x000001da2b8421f0,
0x000001da2b845d00, 0x000001da2b847740, 0x000001da2b847dd0, 0x000001da2b44c300
}

Java Threads: ( => current thread )
  0x000001da7103a860 JavaThread "main"                              [_thread_blocked, id=1020, stack(0x0000005b17a00000,0x0000005b17b00000) (1024K)]
  0x000001da7ebf5fa0 JavaThread "Reference Handler"          daemon [_thread_blocked, id=24556, stack(0x0000005b18200000,0x0000005b18300000) (1024K)]
  0x000001da7ebf6610 JavaThread "Finalizer"                  daemon [_thread_blocked, id=14288, stack(0x0000005b18300000,0x0000005b18400000) (1024K)]
  0x000001da7ebfd720 JavaThread "Signal Dispatcher"          daemon [_thread_blocked, id=31572, stack(0x0000005b18400000,0x0000005b18500000) (1024K)]
  0x000001da7ebfdd90 JavaThread "Attach Listener"            daemon [_thread_blocked, id=15812, stack(0x0000005b18500000,0x0000005b18600000) (1024K)]
  0x000001da7ebfe400 JavaThread "Service Thread"             daemon [_thread_blocked, id=3036, stack(0x0000005b18600000,0x0000005b18700000) (1024K)]
  0x000001da7ed14090 JavaThread "Monitor Deflation Thread"   daemon [_thread_blocked, id=16228, stack(0x0000005b18700000,0x0000005b18800000) (1024K)]
=>0x000001da7ed14700 JavaThread "C2 CompilerThread0"         daemon [_thread_in_native, id=27992, stack(0x0000005b18800000,0x0000005b18900000) (1024K)]
  0x000001da7ed26dd0 JavaThread "C1 CompilerThread0"         daemon [_thread_blocked, id=28796, stack(0x0000005b18900000,0x0000005b18a00000) (1024K)]
  0x000001da7ef16570 JavaThread "Common-Cleaner"             daemon [_thread_blocked, id=29676, stack(0x0000005b18a00000,0x0000005b18b00000) (1024K)]
  0x000001da7efbd630 JavaThread "Notification Thread"        daemon [_thread_blocked, id=22056, stack(0x0000005b18b00000,0x0000005b18c00000) (1024K)]
  0x000001da285220e0 JavaThread "Daemon health stats"               [_thread_blocked, id=9392, stack(0x0000005b18c00000,0x0000005b18d00000) (1024K)]
  0x000001da2876c670 JavaThread "Incoming local TCP Connector on port 51794"        [_thread_in_native, id=28552, stack(0x0000005b19200000,0x0000005b19300000) (1024K)]
  0x000001da7ee7c600 JavaThread "Daemon periodic checks"            [_thread_blocked, id=16356, stack(0x0000005b19300000,0x0000005b19400000) (1024K)]
  0x000001da7f6ab490 JavaThread "Daemon"                            [_thread_blocked, id=22728, stack(0x0000005b19400000,0x0000005b19500000) (1024K)]
  0x000001da7f0c88f0 JavaThread "Handler for socket connection from /127.0.0.1:51794 to /127.0.0.1:51795"        [_thread_in_native, id=20636, stack(0x0000005b19500000,0x0000005b19600000) (1024K)]
  0x000001da7efe4a80 JavaThread "Cancel handler"                    [_thread_blocked, id=25328, stack(0x0000005b19600000,0x0000005b19700000) (1024K)]
  0x000001da283f91a0 JavaThread "Daemon worker"                     [_thread_in_vm, id=2524, stack(0x0000005b19700000,0x0000005b19800000) (1024K)]
  0x000001da283f8b10 JavaThread "Asynchronous log dispatcher for DefaultDaemonConnection: socket connection from /127.0.0.1:51794 to /127.0.0.1:51795"        [_thread_blocked, id=2948, stack(0x0000005b19800000,0x0000005b19900000) (1024K)]
  0x000001da283f9830 JavaThread "Stdin handler"                     [_thread_blocked, id=10828, stack(0x0000005b19900000,0x0000005b19a00000) (1024K)]
  0x000001da283fabe0 JavaThread "Daemon client event forwarder"        [_thread_blocked, id=27004, stack(0x0000005b19a00000,0x0000005b19b00000) (1024K)]
  0x000001da283f9ec0 JavaThread "Cache worker for journal cache (C:\Users\ASUS\.gradle\caches\journal-1)"        [_thread_blocked, id=7076, stack(0x0000005b19b00000,0x0000005b19c00000) (1024K)]
  0x000001da283fa550 JavaThread "File lock request listener"        [_thread_in_native, id=25184, stack(0x0000005b19c00000,0x0000005b19d00000) (1024K)]
  0x000001da283fb270 JavaThread "Cache worker for file hash cache (C:\Users\ASUS\.gradle\caches\9.2.0\fileHashes)"        [_thread_blocked, id=23920, stack(0x0000005b19d00000,0x0000005b19e00000) (1024K)]
  0x000001da2b842f10 JavaThread "File lock release action executor"        [_thread_blocked, id=22696, stack(0x0000005b1a200000,0x0000005b1a300000) (1024K)]
  0x000001da2b8435a0 JavaThread "Cache worker for file hash cache (C:\CozyTheHotel\.gradle\9.2.0\fileHashes)"        [_thread_blocked, id=19092, stack(0x0000005b1a300000,0x0000005b1a400000) (1024K)]
  0x000001da2b842880 JavaThread "Cache worker for Build Output Cleanup Cache (C:\CozyTheHotel\.gradle\buildOutputCleanup)"        [_thread_blocked, id=21376, stack(0x0000005b1a400000,0x0000005b1a500000) (1024K)]
  0x000001da2b843c30 JavaThread "File watcher server"        daemon [_thread_in_native, id=22808, stack(0x0000005b1a000000,0x0000005b1a100000) (1024K)]
  0x000001da2b8442c0 JavaThread "File watcher consumer"      daemon [_thread_blocked, id=32612, stack(0x0000005b1a500000,0x0000005b1a600000) (1024K)]
  0x000001da2b844950 JavaThread "Cache worker for checksums cache (C:\CozyTheHotel\.gradle\9.2.0\checksums)"        [_thread_blocked, id=17892, stack(0x0000005b1a600000,0x0000005b1a700000) (1024K)]
  0x000001da2b845670 JavaThread "Cache worker for file content cache (C:\Users\ASUS\.gradle\caches\9.2.0\fileContent)"        [_thread_blocked, id=32040, stack(0x0000005b1a700000,0x0000005b1a800000) (1024K)]
  0x000001da2b8421f0 JavaThread "Cache worker for cache directory md-supplier (C:\Users\ASUS\.gradle\caches\9.2.0\md-supplier)"        [_thread_blocked, id=30952, stack(0x0000005b1a800000,0x0000005b1a900000) (1024K)]
  0x000001da2b845d00 JavaThread "Cache worker for cache directory md-rule (C:\Users\ASUS\.gradle\caches\9.2.0\md-rule)"        [_thread_blocked, id=22828, stack(0x0000005b1a900000,0x0000005b1aa00000) (1024K)]
  0x000001da2b847740 JavaThread "jar transforms"                    [_thread_blocked, id=29764, stack(0x0000005b1aa00000,0x0000005b1ab00000) (1024K)]
  0x000001da2b847dd0 JavaThread "jar transforms Thread 2"           [_thread_blocked, id=28432, stack(0x0000005b1ab00000,0x0000005b1ac00000) (1024K)]
  0x000001da2b44c300 JavaThread "C2 CompilerThread1"         daemon [_thread_in_native, id=6284, stack(0x0000005b1ac00000,0x0000005b1ad00000) (1024K)]
Total: 36

Other Threads:
  0x000001da7ebdb3b0 VMThread "VM Thread"                           [id=10284, stack(0x0000005b18100000,0x0000005b18200000) (1024K)]
  0x000001da7ebce7e0 WatcherThread "VM Periodic Task Thread"        [id=15520, stack(0x0000005b18000000,0x0000005b18100000) (1024K)]
  0x000001da71065cb0 WorkerThread "GC Thread#0"                     [id=25676, stack(0x0000005b17b00000,0x0000005b17c00000) (1024K)]
  0x000001da7f145630 WorkerThread "GC Thread#1"                     [id=12544, stack(0x0000005b18d00000,0x0000005b18e00000) (1024K)]
  0x000001da7f1459e0 WorkerThread "GC Thread#2"                     [id=26588, stack(0x0000005b18e00000,0x0000005b18f00000) (1024K)]
  0x000001da7f10e660 WorkerThread "GC Thread#3"                     [id=30036, stack(0x0000005b18f00000,0x0000005b19000000) (1024K)]
  0x000001da7f10ea10 WorkerThread "GC Thread#4"                     [id=6868, stack(0x0000005b19000000,0x0000005b19100000) (1024K)]
  0x000001da7f040960 WorkerThread "GC Thread#5"                     [id=22680, stack(0x0000005b19100000,0x0000005b19200000) (1024K)]
  0x000001da298b37c0 WorkerThread "GC Thread#6"                     [id=792, stack(0x0000005b19e00000,0x0000005b19f00000) (1024K)]
  0x000001da298b3b70 WorkerThread "GC Thread#7"                     [id=16872, stack(0x0000005b19f00000,0x0000005b1a000000) (1024K)]
  0x000001da7106b3c0 ConcurrentGCThread "G1 Main Marker"            [id=10164, stack(0x0000005b17c00000,0x0000005b17d00000) (1024K)]
  0x000001da7106e2b0 WorkerThread "G1 Conc#0"                       [id=21888, stack(0x0000005b17d00000,0x0000005b17e00000) (1024K)]
  0x000001da29ae82a0 WorkerThread "G1 Conc#1"                       [id=20356, stack(0x0000005b1a100000,0x0000005b1a200000) (1024K)]
  0x000001da7ea9d630 ConcurrentGCThread "G1 Refine#0"               [id=28520, stack(0x0000005b17e00000,0x0000005b17f00000) (1024K)]
  0x000001da7ea9fa80 ConcurrentGCThread "G1 Service"                [id=24112, stack(0x0000005b17f00000,0x0000005b18000000) (1024K)]
Total: 15

Threads with active compile tasks:
C2 CompilerThread0    17938 3927   !   4       java.net.URLClassLoader::findClass (47 bytes)
C2 CompilerThread1    17938 3921   !   4       java.lang.ClassLoader::loadClass (121 bytes)
Total: 2

VM state: not at safepoint (normal execution)

VM Mutex/Monitor currently owned by a thread: None

Heap address: 0x00000000e0000000, size: 512 MB, Compressed Oops mode: 32-bit

CDS archive(s) mapped at: [0x000001da0f000000-0x000001da0fc90000-0x000001da0fc90000), size 13172736, SharedBaseAddress: 0x000001da0f000000, ArchiveRelocationMode: 1.
Compressed class space mapped at: 0x000001da10000000-0x000001da24000000, reserved size: 335544320
Narrow klass base: 0x000001da0f000000, Narrow klass shift: 0, Narrow klass range: 0x100000000

GC Precious Log:
 CardTable entry size: 512
 Card Set container configuration: InlinePtr #cards 5 size 8 Array Of Cards #cards 12 size 40 Howl #buckets 4 coarsen threshold 1843 Howl Bitmap #cards 512 size 80 coarsen threshold 460 Card regions per heap region 1 cards per card region 2048
 CPUs: 8 total, 8 available
 Memory: 7455M
 Large Page Support: Disabled
 NUMA Support: Disabled
 Compressed Oops: Enabled (32-bit)
 Heap Region Size: 1M
 Heap Min Capacity: 256M
 Heap Initial Capacity: 256M
 Heap Max Capacity: 512M
 Pre-touch: Disabled
 Parallel Workers: 8
 Concurrent Workers: 2
 Concurrent Refinement Workers: 8
 Periodic GC: Disabled

Heap:
 garbage-first heap   total 262144K, used 36298K [0x00000000e0000000, 0x0000000100000000)
  region size 1024K, 25 young (25600K), 18 survivors (18432K)
 Metaspace       used 35681K, committed 37120K, reserved 393216K
  class space    used 5079K, committed 5760K, reserved 327680K

Heap Regions: E=young(eden), S=young(survivor), O=old, HS=humongous(starts), HC=humongous(continues), CS=collection set, F=free, TAMS=top-at-mark-start, PB=parsable bottom
|   0|0x00000000e0000000, 0x00000000e0100000, 0x00000000e0100000|100%|HS|  |TAMS 0x00000000e0000000| PB 0x00000000e0000000| Complete 
|   1|0x00000000e0100000, 0x00000000e0200000, 0x00000000e0200000|100%|HC|  |TAMS 0x00000000e0100000| PB 0x00000000e0100000| Complete 
|   2|0x00000000e0200000, 0x00000000e0300000, 0x00000000e0300000|100%|HC|  |TAMS 0x00000000e0200000| PB 0x00000000e0200000| Complete 
|   3|0x00000000e0300000, 0x00000000e0400000, 0x00000000e0400000|100%|HC|  |TAMS 0x00000000e0300000| PB 0x00000000e0300000| Complete 
|   4|0x00000000e0400000, 0x00000000e0500000, 0x00000000e0500000|100%| O|  |TAMS 0x00000000e0400000| PB 0x00000000e0400000| Untracked 
|   5|0x00000000e0500000, 0x00000000e0600000, 0x00000000e0600000|100%| O|  |TAMS 0x00000000e0500000| PB 0x00000000e0500000| Untracked 
|   6|0x00000000e0600000, 0x00000000e0700000, 0x00000000e0700000|100%| O|  |TAMS 0x00000000e0600000| PB 0x00000000e0600000| Untracked 
|   7|0x00000000e0700000, 0x00000000e0800000, 0x00000000e0800000|100%|HS|  |TAMS 0x00000000e0700000| PB 0x00000000e0700000| Complete 
|   8|0x00000000e0800000, 0x00000000e0800000, 0x00000000e0900000|  0%| F|  |TAMS 0x00000000e0800000| PB 0x00000000e0800000| Untracked 
|   9|0x00000000e0900000, 0x00000000e0900000, 0x00000000e0a00000|  0%| F|  |TAMS 0x00000000e0900000| PB 0x00000000e0900000| Untracked 
|  10|0x00000000e0a00000, 0x00000000e0b00000, 0x00000000e0b00000|100%| O|  |TAMS 0x00000000e0a00000| PB 0x00000000e0a00000| Untracked 
|  11|0x00000000e0b00000, 0x00000000e0c00000, 0x00000000e0c00000|100%| O|  |TAMS 0x00000000e0b00000| PB 0x00000000e0b00000| Untracked 
|  12|0x00000000e0c00000, 0x00000000e0d00000, 0x00000000e0d00000|100%| O|  |TAMS 0x00000000e0c00000| PB 0x00000000e0c00000| Untracked 
|  13|0x00000000e0d00000, 0x00000000e0e00000, 0x00000000e0e00000|100%| O|Cm|TAMS 0x00000000e0d00000| PB 0x00000000e0d00000| Complete 
|  14|0x00000000e0e00000, 0x00000000e0e9a5c0, 0x00000000e0f00000| 60%| O|  |TAMS 0x00000000e0e00000| PB 0x00000000e0e00000| Untracked 
|  15|0x00000000e0f00000, 0x00000000e0f00000, 0x00000000e1000000|  0%| F|  |TAMS 0x00000000e0f00000| PB 0x00000000e0f00000| Untracked 
|  16|0x00000000e1000000, 0x00000000e1000000, 0x00000000e1100000|  0%| F|  |TAMS 0x00000000e1000000| PB 0x00000000e1000000| Untracked 
|  17|0x00000000e1100000, 0x00000000e1100000, 0x00000000e1200000|  0%| F|  |TAMS 0x00000000e1100000| PB 0x00000000e1100000| Untracked 
|  18|0x00000000e1200000, 0x00000000e1200000, 0x00000000e1300000|  0%| F|  |TAMS 0x00000000e1200000| PB 0x00000000e1200000| Untracked 
|  19|0x00000000e1300000, 0x00000000e1300000, 0x00000000e1400000|  0%| F|  |TAMS 0x00000000e1300000| PB 0x00000000e1300000| Untracked 
|  20|0x00000000e1400000, 0x00000000e1400000, 0x00000000e1500000|  0%| F|  |TAMS 0x00000000e1400000| PB 0x00000000e1400000| Untracked 
|  21|0x00000000e1500000, 0x00000000e1500000, 0x00000000e1600000|  0%| F|  |TAMS 0x00000000e1500000| PB 0x00000000e1500000| Untracked 
|  22|0x00000000e1600000, 0x00000000e1600000, 0x00000000e1700000|  0%| F|  |TAMS 0x00000000e1600000| PB 0x00000000e1600000| Untracked 
|  23|0x00000000e1700000, 0x00000000e1700000, 0x00000000e1800000|  0%| F|  |TAMS 0x00000000e1700000| PB 0x00000000e1700000| Untracked 
|  24|0x00000000e1800000, 0x00000000e1800000, 0x00000000e1900000|  0%| F|  |TAMS 0x00000000e1800000| PB 0x00000000e1800000| Untracked 
|  25|0x00000000e1900000, 0x00000000e1900000, 0x00000000e1a00000|  0%| F|  |TAMS 0x00000000e1900000| PB 0x00000000e1900000| Untracked 
|  26|0x00000000e1a00000, 0x00000000e1a00000, 0x00000000e1b00000|  0%| F|  |TAMS 0x00000000e1a00000| PB 0x00000000e1a00000| Untracked 
|  27|0x00000000e1b00000, 0x00000000e1b00000, 0x00000000e1c00000|  0%| F|  |TAMS 0x00000000e1b00000| PB 0x00000000e1b00000| Untracked 
|  28|0x00000000e1c00000, 0x00000000e1c00000, 0x00000000e1d00000|  0%| F|  |TAMS 0x00000000e1c00000| PB 0x00000000e1c00000| Untracked 
|  29|0x00000000e1d00000, 0x00000000e1d00000, 0x00000000e1e00000|  0%| F|  |TAMS 0x00000000e1d00000| PB 0x00000000e1d00000| Untracked 
|  30|0x00000000e1e00000, 0x00000000e1e00000, 0x00000000e1f00000|  0%| F|  |TAMS 0x00000000e1e00000| PB 0x00000000e1e00000| Untracked 
|  31|0x00000000e1f00000, 0x00000000e1f00000, 0x00000000e2000000|  0%| F|  |TAMS 0x00000000e1f00000| PB 0x00000000e1f00000| Untracked 
|  32|0x00000000e2000000, 0x00000000e2000000, 0x00000000e2100000|  0%| F|  |TAMS 0x00000000e2000000| PB 0x00000000e2000000| Untracked 
|  33|0x00000000e2100000, 0x00000000e2100000, 0x00000000e2200000|  0%| F|  |TAMS 0x00000000e2100000| PB 0x00000000e2100000| Untracked 
|  34|0x00000000e2200000, 0x00000000e2200000, 0x00000000e2300000|  0%| F|  |TAMS 0x00000000e2200000| PB 0x00000000e2200000| Untracked 
|  35|0x00000000e2300000, 0x00000000e2300000, 0x00000000e2400000|  0%| F|  |TAMS 0x00000000e2300000| PB 0x00000000e2300000| Untracked 
|  36|0x00000000e2400000, 0x00000000e2400000, 0x00000000e2500000|  0%| F|  |TAMS 0x00000000e2400000| PB 0x00000000e2400000| Untracked 
|  37|0x00000000e2500000, 0x00000000e2500000, 0x00000000e2600000|  0%| F|  |TAMS 0x00000000e2500000| PB 0x00000000e2500000| Untracked 
|  38|0x00000000e2600000, 0x00000000e2600000, 0x00000000e2700000|  0%| F|  |TAMS 0x00000000e2600000| PB 0x00000000e2600000| Untracked 
|  39|0x00000000e2700000, 0x00000000e2700000, 0x00000000e2800000|  0%| F|  |TAMS 0x00000000e2700000| PB 0x00000000e2700000| Untracked 
|  40|0x00000000e2800000, 0x00000000e2800000, 0x00000000e2900000|  0%| F|  |TAMS 0x00000000e2800000| PB 0x00000000e2800000| Untracked 
|  41|0x00000000e2900000, 0x00000000e2900000, 0x00000000e2a00000|  0%| F|  |TAMS 0x00000000e2900000| PB 0x00000000e2900000| Untracked 
|  42|0x00000000e2a00000, 0x00000000e2a00000, 0x00000000e2b00000|  0%| F|  |TAMS 0x00000000e2a00000| PB 0x00000000e2a00000| Untracked 
|  43|0x00000000e2b00000, 0x00000000e2b00000, 0x00000000e2c00000|  0%| F|  |TAMS 0x00000000e2b00000| PB 0x00000000e2b00000| Untracked 
|  44|0x00000000e2c00000, 0x00000000e2c00000, 0x00000000e2d00000|  0%| F|  |TAMS 0x00000000e2c00000| PB 0x00000000e2c00000| Untracked 
|  45|0x00000000e2d00000, 0x00000000e2d00000, 0x00000000e2e00000|  0%| F|  |TAMS 0x00000000e2d00000| PB 0x00000000e2d00000| Untracked 
|  46|0x00000000e2e00000, 0x00000000e2e00000, 0x00000000e2f00000|  0%| F|  |TAMS 0x00000000e2e00000| PB 0x00000000e2e00000| Untracked 
|  47|0x00000000e2f00000, 0x00000000e2f00000, 0x00000000e3000000|  0%| F|  |TAMS 0x00000000e2f00000| PB 0x00000000e2f00000| Untracked 
|  48|0x00000000e3000000, 0x00000000e3000000, 0x00000000e3100000|  0%| F|  |TAMS 0x00000000e3000000| PB 0x00000000e3000000| Untracked 
|  49|0x00000000e3100000, 0x00000000e3100000, 0x00000000e3200000|  0%| F|  |TAMS 0x00000000e3100000| PB 0x00000000e3100000| Untracked 
|  50|0x00000000e3200000, 0x00000000e3200000, 0x00000000e3300000|  0%| F|  |TAMS 0x00000000e3200000| PB 0x00000000e3200000| Untracked 
|  51|0x00000000e3300000, 0x00000000e3300000, 0x00000000e3400000|  0%| F|  |TAMS 0x00000000e3300000| PB 0x00000000e3300000| Untracked 
|  52|0x00000000e3400000, 0x00000000e3400000, 0x00000000e3500000|  0%| F|  |TAMS 0x00000000e3400000| PB 0x00000000e3400000| Untracked 
|  53|0x00000000e3500000, 0x00000000e3500000, 0x00000000e3600000|  0%| F|  |TAMS 0x00000000e3500000| PB 0x00000000e3500000| Untracked 
|  54|0x00000000e3600000, 0x00000000e3600000, 0x00000000e3700000|  0%| F|  |TAMS 0x00000000e3600000| PB 0x00000000e3600000| Untracked 
|  55|0x00000000e3700000, 0x00000000e3700000, 0x00000000e3800000|  0%| F|  |TAMS 0x00000000e3700000| PB 0x00000000e3700000| Untracked 
|  56|0x00000000e3800000, 0x00000000e3800000, 0x00000000e3900000|  0%| F|  |TAMS 0x00000000e3800000| PB 0x00000000e3800000| Untracked 
|  57|0x00000000e3900000, 0x00000000e3900000, 0x00000000e3a00000|  0%| F|  |TAMS 0x00000000e3900000| PB 0x00000000e3900000| Untracked 
|  58|0x00000000e3a00000, 0x00000000e3a00000, 0x00000000e3b00000|  0%| F|  |TAMS 0x00000000e3a00000| PB 0x00000000e3a00000| Untracked 
|  59|0x00000000e3b00000, 0x00000000e3b00000, 0x00000000e3c00000|  0%| F|  |TAMS 0x00000000e3b00000| PB 0x00000000e3b00000| Untracked 
|  60|0x00000000e3c00000, 0x00000000e3c00000, 0x00000000e3d00000|  0%| F|  |TAMS 0x00000000e3c00000| PB 0x00000000e3c00000| Untracked 
|  61|0x00000000e3d00000, 0x00000000e3d00000, 0x00000000e3e00000|  0%| F|  |TAMS 0x00000000e3d00000| PB 0x00000000e3d00000| Untracked 
|  62|0x00000000e3e00000, 0x00000000e3e00000, 0x00000000e3f00000|  0%| F|  |TAMS 0x00000000e3e00000| PB 0x00000000e3e00000| Untracked 
|  63|0x00000000e3f00000, 0x00000000e3f00000, 0x00000000e4000000|  0%| F|  |TAMS 0x00000000e3f00000| PB 0x00000000e3f00000| Untracked 
|  64|0x00000000e4000000, 0x00000000e4000000, 0x00000000e4100000|  0%| F|  |TAMS 0x00000000e4000000| PB 0x00000000e4000000| Untracked 
|  65|0x00000000e4100000, 0x00000000e4100000, 0x00000000e4200000|  0%| F|  |TAMS 0x00000000e4100000| PB 0x00000000e4100000| Untracked 
|  66|0x00000000e4200000, 0x00000000e4200000, 0x00000000e4300000|  0%| F|  |TAMS 0x00000000e4200000| PB 0x00000000e4200000| Untracked 
|  67|0x00000000e4300000, 0x00000000e4300000, 0x00000000e4400000|  0%| F|  |TAMS 0x00000000e4300000| PB 0x00000000e4300000| Untracked 
|  68|0x00000000e4400000, 0x00000000e4400000, 0x00000000e4500000|  0%| F|  |TAMS 0x00000000e4400000| PB 0x00000000e4400000| Untracked 
|  69|0x00000000e4500000, 0x00000000e4500000, 0x00000000e4600000|  0%| F|  |TAMS 0x00000000e4500000| PB 0x00000000e4500000| Untracked 
|  70|0x00000000e4600000, 0x00000000e4600000, 0x00000000e4700000|  0%| F|  |TAMS 0x00000000e4600000| PB 0x00000000e4600000| Untracked 
|  71|0x00000000e4700000, 0x00000000e4700000, 0x00000000e4800000|  0%| F|  |TAMS 0x00000000e4700000| PB 0x00000000e4700000| Untracked 
|  72|0x00000000e4800000, 0x00000000e4800000, 0x00000000e4900000|  0%| F|  |TAMS 0x00000000e4800000| PB 0x00000000e4800000| Untracked 
|  73|0x00000000e4900000, 0x00000000e4900000, 0x00000000e4a00000|  0%| F|  |TAMS 0x00000000e4900000| PB 0x00000000e4900000| Untracked 
|  74|0x00000000e4a00000, 0x00000000e4a00000, 0x00000000e4b00000|  0%| F|  |TAMS 0x00000000e4a00000| PB 0x00000000e4a00000| Untracked 
|  75|0x00000000e4b00000, 0x00000000e4b00000, 0x00000000e4c00000|  0%| F|  |TAMS 0x00000000e4b00000| PB 0x00000000e4b00000| Untracked 
|  76|0x00000000e4c00000, 0x00000000e4c00000, 0x00000000e4d00000|  0%| F|  |TAMS 0x00000000e4c00000| PB 0x00000000e4c00000| Untracked 
|  77|0x00000000e4d00000, 0x00000000e4d00000, 0x00000000e4e00000|  0%| F|  |TAMS 0x00000000e4d00000| PB 0x00000000e4d00000| Untracked 
|  78|0x00000000e4e00000, 0x00000000e4e00000, 0x00000000e4f00000|  0%| F|  |TAMS 0x00000000e4e00000| PB 0x00000000e4e00000| Untracked 
|  79|0x00000000e4f00000, 0x00000000e4f00000, 0x00000000e5000000|  0%| F|  |TAMS 0x00000000e4f00000| PB 0x00000000e4f00000| Untracked 
|  80|0x00000000e5000000, 0x00000000e5000000, 0x00000000e5100000|  0%| F|  |TAMS 0x00000000e5000000| PB 0x00000000e5000000| Untracked 
|  81|0x00000000e5100000, 0x00000000e5100000, 0x00000000e5200000|  0%| F|  |TAMS 0x00000000e5100000| PB 0x00000000e5100000| Untracked 
|  82|0x00000000e5200000, 0x00000000e5200000, 0x00000000e5300000|  0%| F|  |TAMS 0x00000000e5200000| PB 0x00000000e5200000| Untracked 
|  83|0x00000000e5300000, 0x00000000e5300000, 0x00000000e5400000|  0%| F|  |TAMS 0x00000000e5300000| PB 0x00000000e5300000| Untracked 
|  84|0x00000000e5400000, 0x00000000e5400000, 0x00000000e5500000|  0%| F|  |TAMS 0x00000000e5400000| PB 0x00000000e5400000| Untracked 
|  85|0x00000000e5500000, 0x00000000e5500000, 0x00000000e5600000|  0%| F|  |TAMS 0x00000000e5500000| PB 0x00000000e5500000| Untracked 
|  86|0x00000000e5600000, 0x00000000e5600000, 0x00000000e5700000|  0%| F|  |TAMS 0x00000000e5600000| PB 0x00000000e5600000| Untracked 
|  87|0x00000000e5700000, 0x00000000e5700000, 0x00000000e5800000|  0%| F|  |TAMS 0x00000000e5700000| PB 0x00000000e5700000| Untracked 
|  88|0x00000000e5800000, 0x00000000e5800000, 0x00000000e5900000|  0%| F|  |TAMS 0x00000000e5800000| PB 0x00000000e5800000| Untracked 
|  89|0x00000000e5900000, 0x00000000e5900000, 0x00000000e5a00000|  0%| F|  |TAMS 0x00000000e5900000| PB 0x00000000e5900000| Untracked 
|  90|0x00000000e5a00000, 0x00000000e5a00000, 0x00000000e5b00000|  0%| F|  |TAMS 0x00000000e5a00000| PB 0x00000000e5a00000| Untracked 
|  91|0x00000000e5b00000, 0x00000000e5b00000, 0x00000000e5c00000|  0%| F|  |TAMS 0x00000000e5b00000| PB 0x00000000e5b00000| Untracked 
|  92|0x00000000e5c00000, 0x00000000e5c00000, 0x00000000e5d00000|  0%| F|  |TAMS 0x00000000e5c00000| PB 0x00000000e5c00000| Untracked 
|  93|0x00000000e5d00000, 0x00000000e5d00000, 0x00000000e5e00000|  0%| F|  |TAMS 0x00000000e5d00000| PB 0x00000000e5d00000| Untracked 
|  94|0x00000000e5e00000, 0x00000000e5e00000, 0x00000000e5f00000|  0%| F|  |TAMS 0x00000000e5e00000| PB 0x00000000e5e00000| Untracked 
|  95|0x00000000e5f00000, 0x00000000e5f00000, 0x00000000e6000000|  0%| F|  |TAMS 0x00000000e5f00000| PB 0x00000000e5f00000| Untracked 
|  96|0x00000000e6000000, 0x00000000e6000000, 0x00000000e6100000|  0%| F|  |TAMS 0x00000000e6000000| PB 0x00000000e6000000| Untracked 
|  97|0x00000000e6100000, 0x00000000e6100000, 0x00000000e6200000|  0%| F|  |TAMS 0x00000000e6100000| PB 0x00000000e6100000| Untracked 
|  98|0x00000000e6200000, 0x00000000e6200000, 0x00000000e6300000|  0%| F|  |TAMS 0x00000000e6200000| PB 0x00000000e6200000| Untracked 
|  99|0x00000000e6300000, 0x00000000e6300000, 0x00000000e6400000|  0%| F|  |TAMS 0x00000000e6300000| PB 0x00000000e6300000| Untracked 
| 100|0x00000000e6400000, 0x00000000e6400000, 0x00000000e6500000|  0%| F|  |TAMS 0x00000000e6400000| PB 0x00000000e6400000| Untracked 
| 101|0x00000000e6500000, 0x00000000e6500000, 0x00000000e6600000|  0%| F|  |TAMS 0x00000000e6500000| PB 0x00000000e6500000| Untracked 
| 102|0x00000000e6600000, 0x00000000e6600000, 0x00000000e6700000|  0%| F|  |TAMS 0x00000000e6600000| PB 0x00000000e6600000| Untracked 
| 103|0x00000000e6700000, 0x00000000e6700000, 0x00000000e6800000|  0%| F|  |TAMS 0x00000000e6700000| PB 0x00000000e6700000| Untracked 
| 104|0x00000000e6800000, 0x00000000e6800000, 0x00000000e6900000|  0%| F|  |TAMS 0x00000000e6800000| PB 0x00000000e6800000| Untracked 
| 105|0x00000000e6900000, 0x00000000e6900000, 0x00000000e6a00000|  0%| F|  |TAMS 0x00000000e6900000| PB 0x00000000e6900000| Untracked 
| 106|0x00000000e6a00000, 0x00000000e6a00000, 0x00000000e6b00000|  0%| F|  |TAMS 0x00000000e6a00000| PB 0x00000000e6a00000| Untracked 
| 107|0x00000000e6b00000, 0x00000000e6b00000, 0x00000000e6c00000|  0%| F|  |TAMS 0x00000000e6b00000| PB 0x00000000e6b00000| Untracked 
| 108|0x00000000e6c00000, 0x00000000e6c00000, 0x00000000e6d00000|  0%| F|  |TAMS 0x00000000e6c00000| PB 0x00000000e6c00000| Untracked 
| 109|0x00000000e6d00000, 0x00000000e6d00000, 0x00000000e6e00000|  0%| F|  |TAMS 0x00000000e6d00000| PB 0x00000000e6d00000| Untracked 
| 110|0x00000000e6e00000, 0x00000000e6e00000, 0x00000000e6f00000|  0%| F|  |TAMS 0x00000000e6e00000| PB 0x00000000e6e00000| Untracked 
| 111|0x00000000e6f00000, 0x00000000e6f00000, 0x00000000e7000000|  0%| F|  |TAMS 0x00000000e6f00000| PB 0x00000000e6f00000| Untracked 
| 112|0x00000000e7000000, 0x00000000e7000000, 0x00000000e7100000|  0%| F|  |TAMS 0x00000000e7000000| PB 0x00000000e7000000| Untracked 
| 113|0x00000000e7100000, 0x00000000e7100000, 0x00000000e7200000|  0%| F|  |TAMS 0x00000000e7100000| PB 0x00000000e7100000| Untracked 
| 114|0x00000000e7200000, 0x00000000e7200000, 0x00000000e7300000|  0%| F|  |TAMS 0x00000000e7200000| PB 0x00000000e7200000| Untracked 
| 115|0x00000000e7300000, 0x00000000e7300000, 0x00000000e7400000|  0%| F|  |TAMS 0x00000000e7300000| PB 0x00000000e7300000| Untracked 
| 116|0x00000000e7400000, 0x00000000e74d8340, 0x00000000e7500000| 84%| S|CS|TAMS 0x00000000e7400000| PB 0x00000000e7400000| Complete 
| 117|0x00000000e7500000, 0x00000000e7600000, 0x00000000e7600000|100%| S|CS|TAMS 0x00000000e7500000| PB 0x00000000e7500000| Complete 
| 118|0x00000000e7600000, 0x00000000e7700000, 0x00000000e7700000|100%| S|CS|TAMS 0x00000000e7600000| PB 0x00000000e7600000| Complete 
| 119|0x00000000e7700000, 0x00000000e7800000, 0x00000000e7800000|100%| S|CS|TAMS 0x00000000e7700000| PB 0x00000000e7700000| Complete 
| 120|0x00000000e7800000, 0x00000000e7900000, 0x00000000e7900000|100%| S|CS|TAMS 0x00000000e7800000| PB 0x00000000e7800000| Complete 
| 121|0x00000000e7900000, 0x00000000e7a00000, 0x00000000e7a00000|100%| S|CS|TAMS 0x00000000e7900000| PB 0x00000000e7900000| Complete 
| 122|0x00000000e7a00000, 0x00000000e7b00000, 0x00000000e7b00000|100%| S|CS|TAMS 0x00000000e7a00000| PB 0x00000000e7a00000| Complete 
| 123|0x00000000e7b00000, 0x00000000e7c00000, 0x00000000e7c00000|100%| S|CS|TAMS 0x00000000e7b00000| PB 0x00000000e7b00000| Complete 
| 124|0x00000000e7c00000, 0x00000000e7d00000, 0x00000000e7d00000|100%| S|CS|TAMS 0x00000000e7c00000| PB 0x00000000e7c00000| Complete 
| 125|0x00000000e7d00000, 0x00000000e7e00000, 0x00000000e7e00000|100%| S|CS|TAMS 0x00000000e7d00000| PB 0x00000000e7d00000| Complete 
| 126|0x00000000e7e00000, 0x00000000e7f00000, 0x00000000e7f00000|100%| S|CS|TAMS 0x00000000e7e00000| PB 0x00000000e7e00000| Complete 
| 127|0x00000000e7f00000, 0x00000000e8000000, 0x00000000e8000000|100%| S|CS|TAMS 0x00000000e7f00000| PB 0x00000000e7f00000| Complete 
| 128|0x00000000e8000000, 0x00000000e8100000, 0x00000000e8100000|100%| S|CS|TAMS 0x00000000e8000000| PB 0x00000000e8000000| Complete 
| 129|0x00000000e8100000, 0x00000000e8200000, 0x00000000e8200000|100%| S|CS|TAMS 0x00000000e8100000| PB 0x00000000e8100000| Complete 
| 130|0x00000000e8200000, 0x00000000e8300000, 0x00000000e8300000|100%| S|CS|TAMS 0x00000000e8200000| PB 0x00000000e8200000| Complete 
| 131|0x00000000e8300000, 0x00000000e8400000, 0x00000000e8400000|100%| S|CS|TAMS 0x00000000e8300000| PB 0x00000000e8300000| Complete 
| 132|0x00000000e8400000, 0x00000000e8500000, 0x00000000e8500000|100%| S|CS|TAMS 0x00000000e8400000| PB 0x00000000e8400000| Complete 
| 133|0x00000000e8500000, 0x00000000e8600000, 0x00000000e8600000|100%| S|CS|TAMS 0x00000000e8500000| PB 0x00000000e8500000| Complete 
| 134|0x00000000e8600000, 0x00000000e8600000, 0x00000000e8700000|  0%| F|  |TAMS 0x00000000e8600000| PB 0x00000000e8600000| Untracked 
| 135|0x00000000e8700000, 0x00000000e8700000, 0x00000000e8800000|  0%| F|  |TAMS 0x00000000e8700000| PB 0x00000000e8700000| Untracked 
| 136|0x00000000e8800000, 0x00000000e8800000, 0x00000000e8900000|  0%| F|  |TAMS 0x00000000e8800000| PB 0x00000000e8800000| Untracked 
| 137|0x00000000e8900000, 0x00000000e8900000, 0x00000000e8a00000|  0%| F|  |TAMS 0x00000000e8900000| PB 0x00000000e8900000| Untracked 
| 138|0x00000000e8a00000, 0x00000000e8a00000, 0x00000000e8b00000|  0%| F|  |TAMS 0x00000000e8a00000| PB 0x00000000e8a00000| Untracked 
| 139|0x00000000e8b00000, 0x00000000e8b00000, 0x00000000e8c00000|  0%| F|  |TAMS 0x00000000e8b00000| PB 0x00000000e8b00000| Untracked 
| 140|0x00000000e8c00000, 0x00000000e8c00000, 0x00000000e8d00000|  0%| F|  |TAMS 0x00000000e8c00000| PB 0x00000000e8c00000| Untracked 
| 141|0x00000000e8d00000, 0x00000000e8d00000, 0x00000000e8e00000|  0%| F|  |TAMS 0x00000000e8d00000| PB 0x00000000e8d00000| Untracked 
| 142|0x00000000e8e00000, 0x00000000e8e00000, 0x00000000e8f00000|  0%| F|  |TAMS 0x00000000e8e00000| PB 0x00000000e8e00000| Untracked 
| 143|0x00000000e8f00000, 0x00000000e8f00000, 0x00000000e9000000|  0%| F|  |TAMS 0x00000000e8f00000| PB 0x00000000e8f00000| Untracked 
| 144|0x00000000e9000000, 0x00000000e9000000, 0x00000000e9100000|  0%| F|  |TAMS 0x00000000e9000000| PB 0x00000000e9000000| Untracked 
| 145|0x00000000e9100000, 0x00000000e9100000, 0x00000000e9200000|  0%| F|  |TAMS 0x00000000e9100000| PB 0x00000000e9100000| Untracked 
| 146|0x00000000e9200000, 0x00000000e9200000, 0x00000000e9300000|  0%| F|  |TAMS 0x00000000e9200000| PB 0x00000000e9200000| Untracked 
| 147|0x00000000e9300000, 0x00000000e9300000, 0x00000000e9400000|  0%| F|  |TAMS 0x00000000e9300000| PB 0x00000000e9300000| Untracked 
| 148|0x00000000e9400000, 0x00000000e9400000, 0x00000000e9500000|  0%| F|  |TAMS 0x00000000e9400000| PB 0x00000000e9400000| Untracked 
| 149|0x00000000e9500000, 0x00000000e9500000, 0x00000000e9600000|  0%| F|  |TAMS 0x00000000e9500000| PB 0x00000000e9500000| Untracked 
| 150|0x00000000e9600000, 0x00000000e9600000, 0x00000000e9700000|  0%| F|  |TAMS 0x00000000e9600000| PB 0x00000000e9600000| Untracked 
| 151|0x00000000e9700000, 0x00000000e9700000, 0x00000000e9800000|  0%| F|  |TAMS 0x00000000e9700000| PB 0x00000000e9700000| Untracked 
| 152|0x00000000e9800000, 0x00000000e9800000, 0x00000000e9900000|  0%| F|  |TAMS 0x00000000e9800000| PB 0x00000000e9800000| Untracked 
| 153|0x00000000e9900000, 0x00000000e9900000, 0x00000000e9a00000|  0%| F|  |TAMS 0x00000000e9900000| PB 0x00000000e9900000| Untracked 
| 154|0x00000000e9a00000, 0x00000000e9a00000, 0x00000000e9b00000|  0%| F|  |TAMS 0x00000000e9a00000| PB 0x00000000e9a00000| Untracked 
| 155|0x00000000e9b00000, 0x00000000e9b00000, 0x00000000e9c00000|  0%| F|  |TAMS 0x00000000e9b00000| PB 0x00000000e9b00000| Untracked 
| 156|0x00000000e9c00000, 0x00000000e9c00000, 0x00000000e9d00000|  0%| F|  |TAMS 0x00000000e9c00000| PB 0x00000000e9c00000| Untracked 
| 157|0x00000000e9d00000, 0x00000000e9d00000, 0x00000000e9e00000|  0%| F|  |TAMS 0x00000000e9d00000| PB 0x00000000e9d00000| Untracked 
| 158|0x00000000e9e00000, 0x00000000e9e00000, 0x00000000e9f00000|  0%| F|  |TAMS 0x00000000e9e00000| PB 0x00000000e9e00000| Untracked 
| 159|0x00000000e9f00000, 0x00000000e9f00000, 0x00000000ea000000|  0%| F|  |TAMS 0x00000000e9f00000| PB 0x00000000e9f00000| Untracked 
| 160|0x00000000ea000000, 0x00000000ea000000, 0x00000000ea100000|  0%| F|  |TAMS 0x00000000ea000000| PB 0x00000000ea000000| Untracked 
| 161|0x00000000ea100000, 0x00000000ea100000, 0x00000000ea200000|  0%| F|  |TAMS 0x00000000ea100000| PB 0x00000000ea100000| Untracked 
| 162|0x00000000ea200000, 0x00000000ea200000, 0x00000000ea300000|  0%| F|  |TAMS 0x00000000ea200000| PB 0x00000000ea200000| Untracked 
| 163|0x00000000ea300000, 0x00000000ea300000, 0x00000000ea400000|  0%| F|  |TAMS 0x00000000ea300000| PB 0x00000000ea300000| Untracked 
| 164|0x00000000ea400000, 0x00000000ea400000, 0x00000000ea500000|  0%| F|  |TAMS 0x00000000ea400000| PB 0x00000000ea400000| Untracked 
| 165|0x00000000ea500000, 0x00000000ea500000, 0x00000000ea600000|  0%| F|  |TAMS 0x00000000ea500000| PB 0x00000000ea500000| Untracked 
| 166|0x00000000ea600000, 0x00000000ea600000, 0x00000000ea700000|  0%| F|  |TAMS 0x00000000ea600000| PB 0x00000000ea600000| Untracked 
| 167|0x00000000ea700000, 0x00000000ea700000, 0x00000000ea800000|  0%| F|  |TAMS 0x00000000ea700000| PB 0x00000000ea700000| Untracked 
| 168|0x00000000ea800000, 0x00000000ea800000, 0x00000000ea900000|  0%| F|  |TAMS 0x00000000ea800000| PB 0x00000000ea800000| Untracked 
| 169|0x00000000ea900000, 0x00000000ea900000, 0x00000000eaa00000|  0%| F|  |TAMS 0x00000000ea900000| PB 0x00000000ea900000| Untracked 
| 170|0x00000000eaa00000, 0x00000000eaa00000, 0x00000000eab00000|  0%| F|  |TAMS 0x00000000eaa00000| PB 0x00000000eaa00000| Untracked 
| 171|0x00000000eab00000, 0x00000000eab00000, 0x00000000eac00000|  0%| F|  |TAMS 0x00000000eab00000| PB 0x00000000eab00000| Untracked 
| 172|0x00000000eac00000, 0x00000000eac00000, 0x00000000ead00000|  0%| F|  |TAMS 0x00000000eac00000| PB 0x00000000eac00000| Untracked 
| 173|0x00000000ead00000, 0x00000000ead00000, 0x00000000eae00000|  0%| F|  |TAMS 0x00000000ead00000| PB 0x00000000ead00000| Untracked 
| 174|0x00000000eae00000, 0x00000000eae00000, 0x00000000eaf00000|  0%| F|  |TAMS 0x00000000eae00000| PB 0x00000000eae00000| Untracked 
| 175|0x00000000eaf00000, 0x00000000eaf00000, 0x00000000eb000000|  0%| F|  |TAMS 0x00000000eaf00000| PB 0x00000000eaf00000| Untracked 
| 176|0x00000000eb000000, 0x00000000eb000000, 0x00000000eb100000|  0%| F|  |TAMS 0x00000000eb000000| PB 0x00000000eb000000| Untracked 
| 177|0x00000000eb100000, 0x00000000eb100000, 0x00000000eb200000|  0%| F|  |TAMS 0x00000000eb100000| PB 0x00000000eb100000| Untracked 
| 178|0x00000000eb200000, 0x00000000eb200000, 0x00000000eb300000|  0%| F|  |TAMS 0x00000000eb200000| PB 0x00000000eb200000| Untracked 
| 179|0x00000000eb300000, 0x00000000eb300000, 0x00000000eb400000|  0%| F|  |TAMS 0x00000000eb300000| PB 0x00000000eb300000| Untracked 
| 180|0x00000000eb400000, 0x00000000eb400000, 0x00000000eb500000|  0%| F|  |TAMS 0x00000000eb400000| PB 0x00000000eb400000| Untracked 
| 181|0x00000000eb500000, 0x00000000eb500000, 0x00000000eb600000|  0%| F|  |TAMS 0x00000000eb500000| PB 0x00000000eb500000| Untracked 
| 182|0x00000000eb600000, 0x00000000eb600000, 0x00000000eb700000|  0%| F|  |TAMS 0x00000000eb600000| PB 0x00000000eb600000| Untracked 
| 183|0x00000000eb700000, 0x00000000eb700000, 0x00000000eb800000|  0%| F|  |TAMS 0x00000000eb700000| PB 0x00000000eb700000| Untracked 
| 184|0x00000000eb800000, 0x00000000eb800000, 0x00000000eb900000|  0%| F|  |TAMS 0x00000000eb800000| PB 0x00000000eb800000| Untracked 
| 185|0x00000000eb900000, 0x00000000eb900000, 0x00000000eba00000|  0%| F|  |TAMS 0x00000000eb900000| PB 0x00000000eb900000| Untracked 
| 186|0x00000000eba00000, 0x00000000eba00000, 0x00000000ebb00000|  0%| F|  |TAMS 0x00000000eba00000| PB 0x00000000eba00000| Untracked 
| 187|0x00000000ebb00000, 0x00000000ebb00000, 0x00000000ebc00000|  0%| F|  |TAMS 0x00000000ebb00000| PB 0x00000000ebb00000| Untracked 
| 188|0x00000000ebc00000, 0x00000000ebc00000, 0x00000000ebd00000|  0%| F|  |TAMS 0x00000000ebc00000| PB 0x00000000ebc00000| Untracked 
| 189|0x00000000ebd00000, 0x00000000ebd00000, 0x00000000ebe00000|  0%| F|  |TAMS 0x00000000ebd00000| PB 0x00000000ebd00000| Untracked 
| 190|0x00000000ebe00000, 0x00000000ebe00000, 0x00000000ebf00000|  0%| F|  |TAMS 0x00000000ebe00000| PB 0x00000000ebe00000| Untracked 
| 191|0x00000000ebf00000, 0x00000000ebf00000, 0x00000000ec000000|  0%| F|  |TAMS 0x00000000ebf00000| PB 0x00000000ebf00000| Untracked 
| 192|0x00000000ec000000, 0x00000000ec000000, 0x00000000ec100000|  0%| F|  |TAMS 0x00000000ec000000| PB 0x00000000ec000000| Untracked 
| 193|0x00000000ec100000, 0x00000000ec100000, 0x00000000ec200000|  0%| F|  |TAMS 0x00000000ec100000| PB 0x00000000ec100000| Untracked 
| 194|0x00000000ec200000, 0x00000000ec200000, 0x00000000ec300000|  0%| F|  |TAMS 0x00000000ec200000| PB 0x00000000ec200000| Untracked 
| 195|0x00000000ec300000, 0x00000000ec300000, 0x00000000ec400000|  0%| F|  |TAMS 0x00000000ec300000| PB 0x00000000ec300000| Untracked 
| 196|0x00000000ec400000, 0x00000000ec400000, 0x00000000ec500000|  0%| F|  |TAMS 0x00000000ec400000| PB 0x00000000ec400000| Untracked 
| 197|0x00000000ec500000, 0x00000000ec500000, 0x00000000ec600000|  0%| F|  |TAMS 0x00000000ec500000| PB 0x00000000ec500000| Untracked 
| 198|0x00000000ec600000, 0x00000000ec600000, 0x00000000ec700000|  0%| F|  |TAMS 0x00000000ec600000| PB 0x00000000ec600000| Untracked 
| 199|0x00000000ec700000, 0x00000000ec700000, 0x00000000ec800000|  0%| F|  |TAMS 0x00000000ec700000| PB 0x00000000ec700000| Untracked 
| 200|0x00000000ec800000, 0x00000000ec800000, 0x00000000ec900000|  0%| F|  |TAMS 0x00000000ec800000| PB 0x00000000ec800000| Untracked 
| 201|0x00000000ec900000, 0x00000000ec900000, 0x00000000eca00000|  0%| F|  |TAMS 0x00000000ec900000| PB 0x00000000ec900000| Untracked 
| 202|0x00000000eca00000, 0x00000000eca00000, 0x00000000ecb00000|  0%| F|  |TAMS 0x00000000eca00000| PB 0x00000000eca00000| Untracked 
| 203|0x00000000ecb00000, 0x00000000ecb00000, 0x00000000ecc00000|  0%| F|  |TAMS 0x00000000ecb00000| PB 0x00000000ecb00000| Untracked 
| 204|0x00000000ecc00000, 0x00000000ecc00000, 0x00000000ecd00000|  0%| F|  |TAMS 0x00000000ecc00000| PB 0x00000000ecc00000| Untracked 
| 205|0x00000000ecd00000, 0x00000000ecd00000, 0x00000000ece00000|  0%| F|  |TAMS 0x00000000ecd00000| PB 0x00000000ecd00000| Untracked 
| 206|0x00000000ece00000, 0x00000000ece00000, 0x00000000ecf00000|  0%| F|  |TAMS 0x00000000ece00000| PB 0x00000000ece00000| Untracked 
| 207|0x00000000ecf00000, 0x00000000ecf00000, 0x00000000ed000000|  0%| F|  |TAMS 0x00000000ecf00000| PB 0x00000000ecf00000| Untracked 
| 208|0x00000000ed000000, 0x00000000ed000000, 0x00000000ed100000|  0%| F|  |TAMS 0x00000000ed000000| PB 0x00000000ed000000| Untracked 
| 209|0x00000000ed100000, 0x00000000ed100000, 0x00000000ed200000|  0%| F|  |TAMS 0x00000000ed100000| PB 0x00000000ed100000| Untracked 
| 210|0x00000000ed200000, 0x00000000ed200000, 0x00000000ed300000|  0%| F|  |TAMS 0x00000000ed200000| PB 0x00000000ed200000| Untracked 
| 211|0x00000000ed300000, 0x00000000ed300000, 0x00000000ed400000|  0%| F|  |TAMS 0x00000000ed300000| PB 0x00000000ed300000| Untracked 
| 212|0x00000000ed400000, 0x00000000ed400000, 0x00000000ed500000|  0%| F|  |TAMS 0x00000000ed400000| PB 0x00000000ed400000| Untracked 
| 213|0x00000000ed500000, 0x00000000ed500000, 0x00000000ed600000|  0%| F|  |TAMS 0x00000000ed500000| PB 0x00000000ed500000| Untracked 
| 214|0x00000000ed600000, 0x00000000ed600000, 0x00000000ed700000|  0%| F|  |TAMS 0x00000000ed600000| PB 0x00000000ed600000| Untracked 
| 215|0x00000000ed700000, 0x00000000ed700000, 0x00000000ed800000|  0%| F|  |TAMS 0x00000000ed700000| PB 0x00000000ed700000| Untracked 
| 216|0x00000000ed800000, 0x00000000ed800000, 0x00000000ed900000|  0%| F|  |TAMS 0x00000000ed800000| PB 0x00000000ed800000| Untracked 
| 217|0x00000000ed900000, 0x00000000ed900000, 0x00000000eda00000|  0%| F|  |TAMS 0x00000000ed900000| PB 0x00000000ed900000| Untracked 
| 218|0x00000000eda00000, 0x00000000eda00000, 0x00000000edb00000|  0%| F|  |TAMS 0x00000000eda00000| PB 0x00000000eda00000| Untracked 
| 219|0x00000000edb00000, 0x00000000edb00000, 0x00000000edc00000|  0%| F|  |TAMS 0x00000000edb00000| PB 0x00000000edb00000| Untracked 
| 220|0x00000000edc00000, 0x00000000edc00000, 0x00000000edd00000|  0%| F|  |TAMS 0x00000000edc00000| PB 0x00000000edc00000| Untracked 
| 221|0x00000000edd00000, 0x00000000edd00000, 0x00000000ede00000|  0%| F|  |TAMS 0x00000000edd00000| PB 0x00000000edd00000| Untracked 
| 222|0x00000000ede00000, 0x00000000ede00000, 0x00000000edf00000|  0%| F|  |TAMS 0x00000000ede00000| PB 0x00000000ede00000| Untracked 
| 223|0x00000000edf00000, 0x00000000edf00000, 0x00000000ee000000|  0%| F|  |TAMS 0x00000000edf00000| PB 0x00000000edf00000| Untracked 
| 224|0x00000000ee000000, 0x00000000ee000000, 0x00000000ee100000|  0%| F|  |TAMS 0x00000000ee000000| PB 0x00000000ee000000| Untracked 
| 225|0x00000000ee100000, 0x00000000ee100000, 0x00000000ee200000|  0%| F|  |TAMS 0x00000000ee100000| PB 0x00000000ee100000| Untracked 
| 226|0x00000000ee200000, 0x00000000ee200000, 0x00000000ee300000|  0%| F|  |TAMS 0x00000000ee200000| PB 0x00000000ee200000| Untracked 
| 227|0x00000000ee300000, 0x00000000ee300000, 0x00000000ee400000|  0%| F|  |TAMS 0x00000000ee300000| PB 0x00000000ee300000| Untracked 
| 228|0x00000000ee400000, 0x00000000ee400000, 0x00000000ee500000|  0%| F|  |TAMS 0x00000000ee400000| PB 0x00000000ee400000| Untracked 
| 229|0x00000000ee500000, 0x00000000ee500000, 0x00000000ee600000|  0%| F|  |TAMS 0x00000000ee500000| PB 0x00000000ee500000| Untracked 
| 230|0x00000000ee600000, 0x00000000ee600000, 0x00000000ee700000|  0%| F|  |TAMS 0x00000000ee600000| PB 0x00000000ee600000| Untracked 
| 231|0x00000000ee700000, 0x00000000ee700000, 0x00000000ee800000|  0%| F|  |TAMS 0x00000000ee700000| PB 0x00000000ee700000| Untracked 
| 232|0x00000000ee800000, 0x00000000ee800000, 0x00000000ee900000|  0%| F|  |TAMS 0x00000000ee800000| PB 0x00000000ee800000| Untracked 
| 233|0x00000000ee900000, 0x00000000ee900000, 0x00000000eea00000|  0%| F|  |TAMS 0x00000000ee900000| PB 0x00000000ee900000| Untracked 
| 234|0x00000000eea00000, 0x00000000eea00000, 0x00000000eeb00000|  0%| F|  |TAMS 0x00000000eea00000| PB 0x00000000eea00000| Untracked 
| 235|0x00000000eeb00000, 0x00000000eeb00000, 0x00000000eec00000|  0%| F|  |TAMS 0x00000000eeb00000| PB 0x00000000eeb00000| Untracked 
| 236|0x00000000eec00000, 0x00000000eec00000, 0x00000000eed00000|  0%| F|  |TAMS 0x00000000eec00000| PB 0x00000000eec00000| Untracked 
| 237|0x00000000eed00000, 0x00000000eed00000, 0x00000000eee00000|  0%| F|  |TAMS 0x00000000eed00000| PB 0x00000000eed00000| Untracked 
| 238|0x00000000eee00000, 0x00000000eee00000, 0x00000000eef00000|  0%| F|  |TAMS 0x00000000eee00000| PB 0x00000000eee00000| Untracked 
| 239|0x00000000eef00000, 0x00000000eef00000, 0x00000000ef000000|  0%| F|  |TAMS 0x00000000eef00000| PB 0x00000000eef00000| Untracked 
| 240|0x00000000ef000000, 0x00000000ef000000, 0x00000000ef100000|  0%| F|  |TAMS 0x00000000ef000000| PB 0x00000000ef000000| Untracked 
| 241|0x00000000ef100000, 0x00000000ef100000, 0x00000000ef200000|  0%| F|  |TAMS 0x00000000ef100000| PB 0x00000000ef100000| Untracked 
| 242|0x00000000ef200000, 0x00000000ef200000, 0x00000000ef300000|  0%| F|  |TAMS 0x00000000ef200000| PB 0x00000000ef200000| Untracked 
| 243|0x00000000ef300000, 0x00000000ef300000, 0x00000000ef400000|  0%| F|  |TAMS 0x00000000ef300000| PB 0x00000000ef300000| Untracked 
| 244|0x00000000ef400000, 0x00000000ef400000, 0x00000000ef500000|  0%| F|  |TAMS 0x00000000ef400000| PB 0x00000000ef400000| Untracked 
| 245|0x00000000ef500000, 0x00000000ef500000, 0x00000000ef600000|  0%| F|  |TAMS 0x00000000ef500000| PB 0x00000000ef500000| Untracked 
| 246|0x00000000ef600000, 0x00000000ef600000, 0x00000000ef700000|  0%| F|  |TAMS 0x00000000ef600000| PB 0x00000000ef600000| Untracked 
| 247|0x00000000ef700000, 0x00000000ef700000, 0x00000000ef800000|  0%| F|  |TAMS 0x00000000ef700000| PB 0x00000000ef700000| Untracked 
| 248|0x00000000ef800000, 0x00000000ef800000, 0x00000000ef900000|  0%| F|  |TAMS 0x00000000ef800000| PB 0x00000000ef800000| Untracked 
| 249|0x00000000ef900000, 0x00000000ef980000, 0x00000000efa00000| 50%| E|  |TAMS 0x00000000ef900000| PB 0x00000000ef900000| Complete 
| 250|0x00000000efa00000, 0x00000000efb00000, 0x00000000efb00000|100%| E|CS|TAMS 0x00000000efa00000| PB 0x00000000efa00000| Complete 
| 251|0x00000000efb00000, 0x00000000efc00000, 0x00000000efc00000|100%| E|CS|TAMS 0x00000000efb00000| PB 0x00000000efb00000| Complete 
| 252|0x00000000efc00000, 0x00000000efd00000, 0x00000000efd00000|100%| E|CS|TAMS 0x00000000efc00000| PB 0x00000000efc00000| Complete 
| 253|0x00000000efd00000, 0x00000000efe00000, 0x00000000efe00000|100%| E|CS|TAMS 0x00000000efd00000| PB 0x00000000efd00000| Complete 
| 254|0x00000000efe00000, 0x00000000eff00000, 0x00000000eff00000|100%| E|CS|TAMS 0x00000000efe00000| PB 0x00000000efe00000| Complete 
| 255|0x00000000eff00000, 0x00000000f0000000, 0x00000000f0000000|100%| E|  |TAMS 0x00000000eff00000| PB 0x00000000eff00000| Complete 

Card table byte_map: [0x000001da7b850000,0x000001da7b950000] _byte_map_base: 0x000001da7b150000

Marking Bits: (CMBitMap*) 0x000001da710662d0
 Bits: [0x000001da7b950000, 0x000001da7c150000)

Polling page: 0x000001da71310000

Metaspace:

Usage:
  Non-class:     29.92 MB used.
      Class:      4.96 MB used.
       Both:     34.88 MB used.

Virtual space:
  Non-class space:       64.00 MB reserved,      30.62 MB ( 48%) committed,  1 nodes.
      Class space:      320.00 MB reserved,       5.62 MB (  2%) committed,  1 nodes.
             Both:      384.00 MB reserved,      36.25 MB (  9%) committed. 

Chunk freelists:
   Non-Class:  641.00 KB
       Class:  10.23 MB
        Both:  10.85 MB

MaxMetaspaceSize: 384.00 MB
CompressedClassSpaceSize: 320.00 MB
Initial GC threshold: 21.00 MB
Current GC threshold: 58.88 MB
CDS: on
 - commit_granule_bytes: 65536.
 - commit_granule_words: 8192.
 - virtual_space_node_default_size: 8388608.
 - enlarge_chunks_in_place: 1.
 - use_allocation_guard: 0.


Internal statistics:

num_allocs_failed_limit: 6.
num_arena_births: 2408.
num_arena_deaths: 0.
num_vsnodes_births: 2.
num_vsnodes_deaths: 0.
num_space_committed: 580.
num_space_uncommitted: 0.
num_chunks_returned_to_freelist: 6.
num_chunks_taken_from_freelist: 4120.
num_chunk_merges: 6.
num_chunk_splits: 2661.
num_chunks_enlarged: 1624.
num_inconsistent_stats: 0.

CodeHeap 'non-profiled nmethods': size=120000Kb used=2004Kb max_used=2300Kb free=117995Kb
 bounds [0x000001da07ad0000, 0x000001da07d40000, 0x000001da0f000000]
CodeHeap 'profiled nmethods': size=120000Kb used=6859Kb max_used=7978Kb free=113141Kb
 bounds [0x000001da00000000, 0x000001da007d0000, 0x000001da07530000]
CodeHeap 'non-nmethods': size=5760Kb used=1919Kb max_used=1919Kb free=3840Kb
 bounds [0x000001da07530000, 0x000001da077a0000, 0x000001da07ad0000]
 total_blobs=4217 nmethods=3532 adapters=589
 compilation: enabled
              stopped_count=0, restarted_count=0
 full_count=0

Compilation events (20 events):
Event: 16.836 Thread 0x000001da7ed26dd0 nmethod 3981 0x000001da00150510 code [0x000001da001506e0, 0x000001da00150a58]
Event: 16.836 Thread 0x000001da7ed26dd0 3982       3       java.util.Spliterators::spliterator (16 bytes)
Event: 16.836 Thread 0x000001da7ed26dd0 nmethod 3982 0x000001da00045d90 code [0x000001da00045f60, 0x000001da00046370]
Event: 16.836 Thread 0x000001da7ed26dd0 3984       3       java.util.Spliterators$IteratorSpliterator::<init> (39 bytes)
Event: 16.837 Thread 0x000001da7ed26dd0 nmethod 3984 0x000001da00070590 code [0x000001da00070740, 0x000001da00070990]
Event: 16.837 Thread 0x000001da7ed26dd0 3985       3       java.util.Set::spliterator (6 bytes)
Event: 16.837 Thread 0x000001da7ed26dd0 nmethod 3985 0x000001da0015b010 code [0x000001da0015b1e0, 0x000001da0015b570]
Event: 16.837 Thread 0x000001da7ed26dd0 3987       3       org.codehaus.groovy.vmplugin.v9.Java9::isOpen (21 bytes)
Event: 16.838 Thread 0x000001da7ed26dd0 nmethod 3987 0x000001da0000f790 code [0x000001da0000f9e0, 0x000001da00010380]
Event: 16.838 Thread 0x000001da7ed26dd0 3988       3       org.codehaus.groovy.vmplugin.v9.Java9$$Lambda/0x000001da105bfcc0::<init> (10 bytes)
Event: 16.838 Thread 0x000001da7ed26dd0 nmethod 3988 0x000001da0001c290 code [0x000001da0001c440, 0x000001da0001c5f8]
Event: 16.839 Thread 0x000001da7ed26dd0 3990       1       java.lang.module.ModuleDescriptor$Opens::source (5 bytes)
Event: 16.839 Thread 0x000001da7ed26dd0 nmethod 3990 0x000001da07b56710 code [0x000001da07b568a0, 0x000001da07b56968]
Event: 16.839 Thread 0x000001da7ed26dd0 3991       3       org.codehaus.groovy.vmplugin.v9.Java9::isExported (21 bytes)
Event: 16.840 Thread 0x000001da7ed26dd0 nmethod 3991 0x000001da00044a90 code [0x000001da00044ce0, 0x000001da00045680]
Event: 16.840 Thread 0x000001da7ed26dd0 3992       3       org.codehaus.groovy.vmplugin.v9.Java9$$Lambda/0x000001da105c4000::<init> (10 bytes)
Event: 16.840 Thread 0x000001da7ed26dd0 nmethod 3992 0x000001da00021190 code [0x000001da00021340, 0x000001da000214f8]
Event: 16.848 Thread 0x000001da7ed26dd0 3997       2       java.lang.invoke.DirectMethodHandle::getFunction (53 bytes)
Event: 16.849 Thread 0x000001da7ed26dd0 nmethod 3997 0x000001da00075d90 code [0x000001da00075f40, 0x000001da00076190]
Event: 17.018 Thread 0x000001da7ed26dd0 3998       2       javax.management.ObjectName::construct (1135 bytes)

GC Heap History (10 events):
Event: 0.917 GC heap before
{Heap before GC invocations=0 (full 0):
 garbage-first heap   total 262144K, used 22528K [0x00000000e0000000, 0x0000000100000000)
  region size 1024K, 23 young (23552K), 0 survivors (0K)
 Metaspace       used 873K, committed 1024K, reserved 393216K
  class space    used 67K, committed 128K, reserved 327680K
}
Event: 0.921 GC heap after
{Heap after GC invocations=1 (full 0):
 garbage-first heap   total 262144K, used 1668K [0x00000000e0000000, 0x0000000100000000)
  region size 1024K, 2 young (2048K), 2 survivors (2048K)
 Metaspace       used 873K, committed 1024K, reserved 393216K
  class space    used 67K, committed 128K, reserved 327680K
}
Event: 2.744 GC heap before
{Heap before GC invocations=1 (full 0):
 garbage-first heap   total 262144K, used 41604K [0x00000000e0000000, 0x0000000100000000)
  region size 1024K, 38 young (38912K), 2 survivors (2048K)
 Metaspace       used 4602K, committed 4736K, reserved 393216K
  class space    used 566K, committed 640K, reserved 327680K
}
Event: 2.751 GC heap after
{Heap after GC invocations=2 (full 0):
 garbage-first heap   total 262144K, used 11300K [0x00000000e0000000, 0x0000000100000000)
  region size 1024K, 5 young (5120K), 5 survivors (5120K)
 Metaspace       used 4602K, committed 4736K, reserved 393216K
  class space    used 566K, committed 640K, reserved 327680K
}
Event: 8.593 GC heap before
{Heap before GC invocations=2 (full 0):
 garbage-first heap   total 262144K, used 117796K [0x00000000e0000000, 0x0000000100000000)
  region size 1024K, 108 young (110592K), 5 survivors (5120K)
 Metaspace       used 16230K, committed 16704K, reserved 393216K
  class space    used 2138K, committed 2368K, reserved 327680K
}
Event: 8.615 GC heap after
{Heap after GC invocations=3 (full 0):
 garbage-first heap   total 262144K, used 21993K [0x00000000e0000000, 0x0000000100000000)
  region size 1024K, 14 young (14336K), 14 survivors (14336K)
 Metaspace       used 16230K, committed 16704K, reserved 393216K
  class space    used 2138K, committed 2368K, reserved 327680K
}
Event: 9.912 GC heap before
{Heap before GC invocations=3 (full 0):
 garbage-first heap   total 262144K, used 52713K [0x00000000e0000000, 0x0000000100000000)
  region size 1024K, 44 young (45056K), 14 survivors (14336K)
 Metaspace       used 20897K, committed 21504K, reserved 393216K
  class space    used 2779K, committed 3072K, reserved 327680K
}
Event: 9.925 GC heap after
{Heap after GC invocations=4 (full 0):
 garbage-first heap   total 262144K, used 24097K [0x00000000e0000000, 0x0000000100000000)
  region size 1024K, 11 young (11264K), 11 survivors (11264K)
 Metaspace       used 20897K, committed 21504K, reserved 393216K
  class space    used 2779K, committed 3072K, reserved 327680K
}
Event: 16.387 GC heap before
{Heap before GC invocations=5 (full 0):
 garbage-first heap   total 262144K, used 135713K [0x00000000e0000000, 0x0000000100000000)
  region size 1024K, 122 young (124928K), 11 survivors (11264K)
 Metaspace       used 34574K, committed 35968K, reserved 393216K
  class space    used 5001K, committed 5696K, reserved 327680K
}
Event: 16.403 GC heap after
{Heap after GC invocations=6 (full 0):
 garbage-first heap   total 262144K, used 31178K [0x00000000e0000000, 0x0000000100000000)
  region size 1024K, 18 young (18432K), 18 survivors (18432K)
 Metaspace       used 34574K, committed 35968K, reserved 393216K
  class space    used 5001K, committed 5696K, reserved 327680K
}

Dll operation events (15 events):
Event: 0.021 Loaded shared library C:\Program Files\Java\jdk-21.0.10\bin\java.dll
Event: 0.087 Loaded shared library C:\Program Files\Java\jdk-21.0.10\bin\jsvml.dll
Event: 0.200 Loaded shared library C:\Program Files\Java\jdk-21.0.10\bin\zip.dll
Event: 0.209 Loaded shared library C:\Program Files\Java\jdk-21.0.10\bin\instrument.dll
Event: 0.220 Loaded shared library C:\Program Files\Java\jdk-21.0.10\bin\net.dll
Event: 0.223 Loaded shared library C:\Program Files\Java\jdk-21.0.10\bin\nio.dll
Event: 0.229 Loaded shared library C:\Program Files\Java\jdk-21.0.10\bin\zip.dll
Event: 0.926 Loaded shared library C:\Program Files\Java\jdk-21.0.10\bin\jimage.dll
Event: 1.439 Loaded shared library C:\Program Files\Java\jdk-21.0.10\bin\verify.dll
Event: 1.523 Loaded shared library C:\Users\ASUS\.gradle\native\660c5614fbf4a5f2a75b1949f50a0caf5cd603558e7d8a26e50b933a0cfb79d1\windows-amd64\native-platform.dll
Event: 1.551 Loaded shared library C:\Users\ASUS\.gradle\native\0.2.8\x86_64-windows-gnu\gradle-fileevents.dll
Event: 4.806 Loaded shared library C:\Program Files\Java\jdk-21.0.10\bin\management.dll
Event: 4.812 Loaded shared library C:\Program Files\Java\jdk-21.0.10\bin\management_ext.dll
Event: 5.274 Loaded shared library C:\Program Files\Java\jdk-21.0.10\bin\extnet.dll
Event: 6.537 Loaded shared library C:\Program Files\Java\jdk-21.0.10\bin\sunmscapi.dll

Deoptimization events (20 events):
Event: 16.076 Thread 0x000001da283f91a0 DEOPT PACKING pc=0x000001da07b40484 sp=0x0000005b197f5180
Event: 16.076 Thread 0x000001da283f91a0 DEOPT UNPACKING pc=0x000001da075846a2 sp=0x0000005b197f5180 mode 2
Event: 16.183 Thread 0x000001da283f91a0 DEOPT PACKING pc=0x000001da0052d3c1 sp=0x0000005b197f7de0
Event: 16.183 Thread 0x000001da283f91a0 DEOPT UNPACKING pc=0x000001da07584e42 sp=0x0000005b197f72e0 mode 0
Event: 16.245 Thread 0x000001da283f91a0 Uncommon trap: trap_request=0xffffffde fr.pc=0x000001da07cf79bc relative=0x0000000000000adc
Event: 16.245 Thread 0x000001da283f91a0 Uncommon trap: reason=class_check action=maybe_recompile pc=0x000001da07cf79bc method=java.io.BufferedInputStream.implRead([BII)I @ 100 c2
Event: 16.245 Thread 0x000001da283f91a0 DEOPT PACKING pc=0x000001da07cf79bc sp=0x0000005b197f80c0
Event: 16.245 Thread 0x000001da283f91a0 DEOPT UNPACKING pc=0x000001da075846a2 sp=0x0000005b197f8088 mode 2
Event: 16.245 Thread 0x000001da283f91a0 Uncommon trap: trap_request=0xffffffde fr.pc=0x000001da07cf79bc relative=0x0000000000000adc
Event: 16.245 Thread 0x000001da283f91a0 Uncommon trap: reason=class_check action=maybe_recompile pc=0x000001da07cf79bc method=java.io.BufferedInputStream.implRead([BII)I @ 100 c2
Event: 16.245 Thread 0x000001da283f91a0 DEOPT PACKING pc=0x000001da07cf79bc sp=0x0000005b197f80c0
Event: 16.245 Thread 0x000001da283f91a0 DEOPT UNPACKING pc=0x000001da075846a2 sp=0x0000005b197f8088 mode 2
Event: 16.246 Thread 0x000001da283f91a0 Uncommon trap: trap_request=0xffffffde fr.pc=0x000001da07cf79bc relative=0x0000000000000adc
Event: 16.246 Thread 0x000001da283f91a0 Uncommon trap: reason=class_check action=maybe_recompile pc=0x000001da07cf79bc method=java.io.BufferedInputStream.implRead([BII)I @ 100 c2
Event: 16.246 Thread 0x000001da283f91a0 DEOPT PACKING pc=0x000001da07cf79bc sp=0x0000005b197f80c0
Event: 16.246 Thread 0x000001da283f91a0 DEOPT UNPACKING pc=0x000001da075846a2 sp=0x0000005b197f8088 mode 2
Event: 16.246 Thread 0x000001da283f91a0 Uncommon trap: trap_request=0xffffffde fr.pc=0x000001da07cf79bc relative=0x0000000000000adc
Event: 16.246 Thread 0x000001da283f91a0 Uncommon trap: reason=class_check action=maybe_recompile pc=0x000001da07cf79bc method=java.io.BufferedInputStream.implRead([BII)I @ 100 c2
Event: 16.246 Thread 0x000001da283f91a0 DEOPT PACKING pc=0x000001da07cf79bc sp=0x0000005b197f7fd0
Event: 16.246 Thread 0x000001da283f91a0 DEOPT UNPACKING pc=0x000001da075846a2 sp=0x0000005b197f7f98 mode 2

Classes loaded (20 events):
Event: 16.239 Loading class java/util/OptionalLong
Event: 16.239 Loading class java/util/OptionalLong done
Event: 16.343 Loading class java/security/AccessControlException
Event: 16.343 Loading class java/security/AccessControlException done
Event: 16.414 Loading class java/util/concurrent/LinkedBlockingDeque$Itr
Event: 16.415 Loading class java/util/concurrent/LinkedBlockingDeque$AbstractItr
Event: 16.415 Loading class java/util/concurrent/LinkedBlockingDeque$AbstractItr done
Event: 16.415 Loading class java/util/concurrent/LinkedBlockingDeque$Itr done
Event: 16.546 Loading class java/lang/ArrayIndexOutOfBoundsException
Event: 16.546 Loading class java/lang/ArrayIndexOutOfBoundsException done
Event: 16.580 Loading class java/util/LinkedList$ListItr
Event: 16.581 Loading class java/util/LinkedList$ListItr done
Event: 16.745 Loading class java/lang/reflect/GenericSignatureFormatError
Event: 16.745 Loading class java/lang/ClassFormatError
Event: 16.746 Loading class java/lang/ClassFormatError done
Event: 16.746 Loading class java/lang/reflect/GenericSignatureFormatError done
Event: 16.746 Loading class java/lang/reflect/MalformedParameterizedTypeException
Event: 16.746 Loading class java/lang/reflect/MalformedParameterizedTypeException done
Event: 16.782 Loading class java/lang/IllegalCallerException
Event: 16.782 Loading class java/lang/IllegalCallerException done

Classes unloaded (0 events):
No events

Classes redefined (0 events):
No events

Internal exceptions (20 events):
Event: 14.668 Thread 0x000001da283f91a0 Exception <a 'java/lang/NoSuchMethodError'{0x00000000ea2fd5b8}: 'java.lang.Object java.lang.invoke.DelegatingMethodHandle$Holder.reinvoke_L(java.lang.Object, java.lang.Object, java.lang.Object, java.lang.Object, java.lang.Object, java.lang.Object, java.lang.Object, java.lang.Object, java.lang.Object, java.lang.Object, java.lang.Object, java.lang.Object, java.lang.Object, java.lang.Object, java.lang.Object)'> (0x00000000ea2fd5b8) 
thrown [s\open\src\hotspot\share\interpreter\linkResolver.cpp, line 773]
Event: 14.977 Thread 0x000001da283f91a0 Exception <a 'java/lang/NoSuchMethodError'{0x00000000e9ba6570}: 'java.lang.Object java.lang.invoke.DelegatingMethodHandle$Holder.reinvoke_L(java.lang.Object, java.lang.Object, java.lang.Object, java.lang.Object, java.lang.Object, java.lang.Object, java.lang.Object, java.lang.Object, java.lang.Object, java.lang.Object, java.lang.Object, java.lang.Object, java.lang.Object, java.lang.Object, java.lang.Object, java.lang.Object, java.lang.Object, java.lang.Object, java.lang.Object, java.lang.Object, java.lang.O
Event: 15.014 Thread 0x000001da283f91a0 Exception <a 'java/lang/NoSuchMethodError'{0x00000000e9a8ba28}: 'java.lang.Object java.lang.invoke.DirectMethodHandle$Holder.invokeStatic(java.lang.Object, java.lang.Object, java.lang.Object, java.lang.Object, java.lang.Object, java.lang.Object, java.lang.Object, java.lang.Object, java.lang.Object, java.lang.Object, java.lang.Object, java.lang.Object, java.lang.Object, java.lang.Object, java.lang.Object, java.lang.Object, java.lang.Object, java.lang.Object, java.lang.Object, java.lang.Object, java.lang.Obj
Event: 15.020 Thread 0x000001da283f91a0 Exception <a 'java/lang/NoSuchMethodError'{0x00000000e9ac14f0}: 'java.lang.Object java.lang.invoke.DirectMethodHandle$Holder.invokeStatic(java.lang.Object, java.lang.Object, java.lang.Object, java.lang.Object, java.lang.Object, java.lang.Object, java.lang.Object, java.lang.Object, java.lang.Object, java.lang.Object, java.lang.Object, java.lang.Object, java.lang.Object, java.lang.Object, java.lang.Object, java.lang.Object, java.lang.Object, java.lang.Object, java.lang.Object, java.lang.Object, java.lang.Obj
Event: 15.024 Thread 0x000001da283f91a0 Exception <a 'java/lang/NoSuchMethodError'{0x00000000e9af8500}: 'java.lang.Object java.lang.invoke.DirectMethodHandle$Holder.invokeStatic(java.lang.Object, java.lang.Object, java.lang.Object, java.lang.Object, java.lang.Object, java.lang.Object, java.lang.Object, java.lang.Object, java.lang.Object, java.lang.Object, java.lang.Object, java.lang.Object, java.lang.Object, java.lang.Object, java.lang.Object, java.lang.Object, java.lang.Object, java.lang.Object, java.lang.Object, java.lang.Object, java.lang.Obj
Event: 15.028 Thread 0x000001da283f91a0 Exception <a 'java/lang/NoSuchMethodError'{0x00000000e9930f18}: 'java.lang.Object java.lang.invoke.DirectMethodHandle$Holder.invokeStatic(java.lang.Object, java.lang.Object, java.lang.Object, java.lang.Object, java.lang.Object, java.lang.Object, java.lang.Object, java.lang.Object, java.lang.Object, java.lang.Object, java.lang.Object, java.lang.Object, java.lang.Object, java.lang.Object, java.lang.Object, java.lang.Object, java.lang.Object, java.lang.Object, java.lang.Object, java.lang.Object, java.lang.Obj
Event: 15.033 Thread 0x000001da283f91a0 Exception <a 'java/lang/NoSuchMethodError'{0x00000000e996c798}: 'java.lang.Object java.lang.invoke.DirectMethodHandle$Holder.invokeStatic(java.lang.Object, java.lang.Object, java.lang.Object, java.lang.Object, java.lang.Object, java.lang.Object, java.lang.Object, java.lang.Object, java.lang.Object, java.lang.Object, java.lang.Object, java.lang.Object, java.lang.Object, java.lang.Object, java.lang.Object, java.lang.Object, java.lang.Object, java.lang.Object, java.lang.Object, java.lang.Object, java.lang.Obj
Event: 15.036 Thread 0x000001da283f91a0 Exception <a 'java/lang/NoSuchMethodError'{0x00000000e99aa060}: 'java.lang.Object java.lang.invoke.DirectMethodHandle$Holder.invokeStatic(java.lang.Object, java.lang.Object, java.lang.Object, java.lang.Object, java.lang.Object, java.lang.Object, java.lang.Object, java.lang.Object, java.lang.Object, java.lang.Object, java.lang.Object, java.lang.Object, java.lang.Object, java.lang.Object, java.lang.Object, java.lang.Object, java.lang.Object, java.lang.Object, java.lang.Object, java.lang.Object, java.lang.Obj
Event: 15.145 Thread 0x000001da283f91a0 Exception <a 'java/lang/NoSuchMethodError'{0x00000000e964bd38}: 'java.lang.Object java.lang.invoke.DirectMethodHandle$Holder.newInvokeSpecial(java.lang.Object, java.lang.Object, java.lang.Object, java.lang.Object, java.lang.Object, java.lang.Object, java.lang.Object, java.lang.Object, java.lang.Object)'> (0x00000000e964bd38) 
thrown [s\open\src\hotspot\share\interpreter\linkResolver.cpp, line 773]
Event: 15.309 Thread 0x000001da283f91a0 Exception <a 'java/lang/IncompatibleClassChangeError'{0x00000000e94ded18}: Found class java.lang.Object, but interface was expected> (0x00000000e94ded18) 
thrown [s\open\src\hotspot\share\interpreter\linkResolver.cpp, line 840]
Event: 15.377 Thread 0x000001da283f91a0 Exception <a 'java/lang/NoSuchMethodError'{0x00000000e9266688}: 'java.lang.Object java.lang.invoke.DirectMethodHandle$Holder.newInvokeSpecial(java.lang.Object, java.lang.Object, long)'> (0x00000000e9266688) 
thrown [s\open\src\hotspot\share\interpreter\linkResolver.cpp, line 773]
Event: 15.378 Thread 0x000001da283f91a0 Exception <a 'java/lang/NoSuchMethodError'{0x00000000e926acc0}: 'java.lang.Object java.lang.invoke.Invokers$Holder.linkToTargetMethod(java.lang.Object, long, java.lang.Object)'> (0x00000000e926acc0) 
thrown [s\open\src\hotspot\share\interpreter\linkResolver.cpp, line 773]
Event: 15.659 Thread 0x000001da283f91a0 Exception <a 'java/lang/NoSuchMethodError'{0x00000000e90720f8}: 'int java.lang.invoke.DirectMethodHandle$Holder.invokeInterface(java.lang.Object, java.lang.Object)'> (0x00000000e90720f8) 
thrown [s\open\src\hotspot\share\interpreter\linkResolver.cpp, line 773]
Event: 15.700 Thread 0x000001da283f91a0 Exception <a 'java/lang/NoSuchMethodError'{0x00000000e90f71f0}: 'java.lang.Object java.lang.invoke.DirectMethodHandle$Holder.invokeVirtual(java.lang.Object, java.lang.Object, int)'> (0x00000000e90f71f0) 
thrown [s\open\src\hotspot\share\interpreter\linkResolver.cpp, line 773]
Event: 15.759 Thread 0x000001da283f91a0 Exception <a 'java/lang/NoSuchMethodError'{0x00000000e8fa8a70}: 'java.lang.Object java.lang.invoke.DirectMethodHandle$Holder.newInvokeSpecial(java.lang.Object, java.lang.Object, int, java.lang.Object)'> (0x00000000e8fa8a70) 
thrown [s\open\src\hotspot\share\interpreter\linkResolver.cpp, line 773]
Event: 15.759 Thread 0x000001da283f91a0 Exception <a 'java/lang/NoSuchMethodError'{0x00000000e8fad370}: 'java.lang.Object java.lang.invoke.DirectMethodHandle$Holder.invokeSpecial(java.lang.Object, java.lang.Object, java.lang.Object, int, java.lang.Object)'> (0x00000000e8fad370) 
thrown [s\open\src\hotspot\share\interpreter\linkResolver.cpp, line 773]
Event: 16.054 Thread 0x000001da283f91a0 Exception <a 'java/lang/NoSuchMethodError'{0x00000000e8df1fc0}: 'void java.lang.invoke.DirectMethodHandle$Holder.invokeInterface(java.lang.Object, java.lang.Object, java.lang.Object, java.lang.Object, java.lang.Object, java.lang.Object, java.lang.Object)'> (0x00000000e8df1fc0) 
thrown [s\open\src\hotspot\share\interpreter\linkResolver.cpp, line 773]
Event: 16.054 Thread 0x000001da283f91a0 Exception <a 'java/lang/NoSuchMethodError'{0x00000000e8df6b68}: 'void java.lang.invoke.DelegatingMethodHandle$Holder.reinvoke_L(java.lang.Object, java.lang.Object, java.lang.Object, java.lang.Object, java.lang.Object, java.lang.Object, java.lang.Object)'> (0x00000000e8df6b68) 
thrown [s\open\src\hotspot\share\interpreter\linkResolver.cpp, line 773]
Event: 16.792 Thread 0x000001da283f91a0 Exception <a 'java/lang/NoSuchMethodError'{0x00000000efb152d8}: 'void java.lang.invoke.DirectMethodHandle$Holder.invokeStaticInit(java.lang.Object, java.lang.Object, java.lang.Object)'> (0x00000000efb152d8) 
thrown [s\open\src\hotspot\share\interpreter\linkResolver.cpp, line 773]
Event: 16.848 Thread 0x000001da283f91a0 Exception <a 'java/lang/NoSuchMethodError'{0x00000000efb8eef8}: 'int java.lang.invoke.DirectMethodHandle$Holder.invokeStaticInit(java.lang.Object, java.lang.Object, java.lang.Object, java.lang.Object)'> (0x00000000efb8eef8) 
thrown [s\open\src\hotspot\share\interpreter\linkResolver.cpp, line 773]

ZGC Phase Switch (0 events):
No events

VM Operations (20 events):
Event: 15.316 Executing VM operation: HandshakeAllThreads (Deoptimize) done
Event: 15.376 Executing VM operation: HandshakeAllThreads (Deoptimize)
Event: 15.376 Executing VM operation: HandshakeAllThreads (Deoptimize) done
Event: 15.378 Executing VM operation: HandshakeAllThreads (Deoptimize)
Event: 15.378 Executing VM operation: HandshakeAllThreads (Deoptimize) done
Event: 16.066 Executing VM operation: HandshakeAllThreads (Deoptimize)
Event: 16.066 Executing VM operation: HandshakeAllThreads (Deoptimize) done
Event: 16.066 Executing VM operation: Cleanup
Event: 16.066 Executing VM operation: Cleanup done
Event: 16.067 Executing VM operation: HandshakeAllThreads (Deoptimize)
Event: 16.067 Executing VM operation: HandshakeAllThreads (Deoptimize) done
Event: 16.344 Executing VM operation: HandshakeAllThreads (Deoptimize)
Event: 16.344 Executing VM operation: HandshakeAllThreads (Deoptimize) done
Event: 16.387 Executing VM operation: CollectForMetadataAllocation (Metadata GC Threshold)
Event: 16.413 Executing VM operation: CollectForMetadataAllocation (Metadata GC Threshold) done
Event: 16.419 Executing VM operation: G1PauseRemark
Event: 16.478 Executing VM operation: G1PauseRemark done
Event: 16.481 Executing VM operation: G1PauseCleanup
Event: 16.516 Executing VM operation: G1PauseCleanup done
Event: 17.522 Executing VM operation: Cleanup

Events (20 events):
Event: 16.440 Thread 0x000001da7ebdb3b0 flushing nmethod 0x000001da0029fd90
Event: 16.440 Thread 0x000001da7ebdb3b0 flushing nmethod 0x000001da002ed490
Event: 16.440 Thread 0x000001da7ebdb3b0 flushing nmethod 0x000001da00305c90
Event: 16.440 Thread 0x000001da7ebdb3b0 flushing nmethod 0x000001da00335890
Event: 16.440 Thread 0x000001da7ebdb3b0 flushing nmethod 0x000001da00336e90
Event: 16.440 Thread 0x000001da7ebdb3b0 flushing nmethod 0x000001da00338790
Event: 16.440 Thread 0x000001da7ebdb3b0 flushing nmethod 0x000001da00338e10
Event: 16.440 Thread 0x000001da7ebdb3b0 flushing nmethod 0x000001da0033d210
Event: 16.440 Thread 0x000001da7ebdb3b0 flushing nmethod 0x000001da0033f690
Event: 16.440 Thread 0x000001da7ebdb3b0 flushing nmethod 0x000001da00340490
Event: 16.440 Thread 0x000001da7ebdb3b0 flushing nmethod 0x000001da003cd490
Event: 16.440 Thread 0x000001da7ebdb3b0 flushing nmethod 0x000001da003cf810
Event: 16.440 Thread 0x000001da7ebdb3b0 flushing nmethod 0x000001da003d1790
Event: 16.440 Thread 0x000001da7ebdb3b0 flushing nmethod 0x000001da003d3290
Event: 16.440 Thread 0x000001da7ebdb3b0 flushing nmethod 0x000001da003ef590
Event: 16.440 Thread 0x000001da7ebdb3b0 flushing nmethod 0x000001da0046e510
Event: 16.440 Thread 0x000001da7ebdb3b0 flushing nmethod 0x000001da00471510
Event: 16.440 Thread 0x000001da7ebdb3b0 flushing nmethod 0x000001da00471f10
Event: 16.440 Thread 0x000001da7ebdb3b0 flushing nmethod 0x000001da00472410
Event: 16.440 Thread 0x000001da7ebdb3b0 flushing nmethod 0x000001da00598a10


Dynamic libraries:
0x00007ff7fb750000 - 0x00007ff7fb760000 	C:\Program Files\Java\jdk-21.0.10\bin\java.exe
0x00007ffeddec0000 - 0x00007ffede127000 	C:\WINDOWS\SYSTEM32\ntdll.dll
0x00007ffedce30000 - 0x00007ffedcef9000 	C:\WINDOWS\System32\KERNEL32.DLL
0x00007ffedaa20000 - 0x00007ffedae17000 	C:\WINDOWS\System32\KERNELBASE.dll
0x00007ffedb050000 - 0x00007ffedb19b000 	C:\WINDOWS\System32\ucrtbase.dll
0x00007ffe5c810000 - 0x00007ffe5c82e000 	C:\Program Files\Java\jdk-21.0.10\bin\VCRUNTIME140.dll
0x00007ffeca7c0000 - 0x00007ffeca7d9000 	C:\Program Files\Java\jdk-21.0.10\bin\jli.dll
0x00007ffedbfd0000 - 0x00007ffedc086000 	C:\WINDOWS\System32\ADVAPI32.dll
0x00007ffedc8c0000 - 0x00007ffedc969000 	C:\WINDOWS\System32\msvcrt.dll
0x00007ffedcf60000 - 0x00007ffedd007000 	C:\WINDOWS\System32\sechost.dll
0x00007ffeddd60000 - 0x00007ffedde78000 	C:\WINDOWS\System32\RPCRT4.dll
0x00007ffedbd40000 - 0x00007ffedbf06000 	C:\WINDOWS\System32\USER32.dll
0x00007ffec7c50000 - 0x00007ffec7ee2000 	C:\WINDOWS\WinSxS\amd64_microsoft.windows.common-controls_6595b64144ccf1df_6.0.26100.8457_none_3e0b2faee331e92d\COMCTL32.dll
0x00007ffedb020000 - 0x00007ffedb047000 	C:\WINDOWS\System32\win32u.dll
0x00007ffedd760000 - 0x00007ffedd78b000 	C:\WINDOWS\System32\GDI32.dll
0x00007ffeda8f0000 - 0x00007ffedaa1c000 	C:\WINDOWS\System32\gdi32full.dll
0x00007ffedaeb0000 - 0x00007ffedaf53000 	C:\WINDOWS\System32\msvcp_win.dll
0x00007ffece350000 - 0x00007ffece35b000 	C:\WINDOWS\SYSTEM32\VERSION.dll
0x00007ffedd820000 - 0x00007ffedd852000 	C:\WINDOWS\System32\IMM32.DLL
0x00007ffed3b50000 - 0x00007ffed3b5c000 	C:\Program Files\Java\jdk-21.0.10\bin\vcruntime140_1.dll
0x00007ffeb6b40000 - 0x00007ffeb6bcd000 	C:\Program Files\Java\jdk-21.0.10\bin\msvcp140.dll
0x00007ffe5c830000 - 0x00007ffe5d557000 	C:\Program Files\Java\jdk-21.0.10\bin\server\jvm.dll
0x00007ffedd790000 - 0x00007ffedd810000 	C:\WINDOWS\System32\WS2_32.dll
0x00007ffeda750000 - 0x00007ffeda7ae000 	C:\WINDOWS\SYSTEM32\POWRPROF.dll
0x00007ffed05e0000 - 0x00007ffed0616000 	C:\WINDOWS\SYSTEM32\WINMM.dll
0x00007ffeda730000 - 0x00007ffeda744000 	C:\WINDOWS\SYSTEM32\UMPDC.dll
0x00007ffed9680000 - 0x00007ffed969b000 	C:\WINDOWS\SYSTEM32\kernel.appcore.dll
0x00007ffe65000000 - 0x00007ffe6500a000 	C:\Program Files\Java\jdk-21.0.10\bin\jimage.dll
0x00007ffed8a20000 - 0x00007ffed8c62000 	C:\WINDOWS\SYSTEM32\DBGHELP.DLL
0x00007ffedd860000 - 0x00007ffeddbe3000 	C:\WINDOWS\System32\combase.dll
0x00007ffedcaa0000 - 0x00007ffedcb79000 	C:\WINDOWS\System32\OLEAUT32.dll
0x00007ffeb3bd0000 - 0x00007ffeb3c0b000 	C:\WINDOWS\SYSTEM32\dbgcore.DLL
0x00007ffedbb90000 - 0x00007ffedbc38000 	C:\WINDOWS\System32\bcryptPrimitives.dll
0x00007ffeca790000 - 0x00007ffeca7a0000 	C:\Program Files\Java\jdk-21.0.10\bin\instrument.dll
0x00007ffe5c7a0000 - 0x00007ffe5c7c1000 	C:\Program Files\Java\jdk-21.0.10\bin\java.dll
0x00007ffedc090000 - 0x00007ffedc7fe000 	C:\WINDOWS\System32\SHELL32.dll
0x00007ffedb1a0000 - 0x00007ffedba0c000 	C:\WINDOWS\System32\windows.storage.dll
0x00007ffedc9a0000 - 0x00007ffedca96000 	C:\WINDOWS\System32\SHCORE.dll
0x00007ffedbf10000 - 0x00007ffedbf76000 	C:\WINDOWS\System32\shlwapi.dll
0x00007ffeda810000 - 0x00007ffeda839000 	C:\WINDOWS\SYSTEM32\profapi.dll
0x00007ffe5c6c0000 - 0x00007ffe5c797000 	C:\Program Files\Java\jdk-21.0.10\bin\jsvml.dll
0x00007ffed3b90000 - 0x00007ffed3ba8000 	C:\Program Files\Java\jdk-21.0.10\bin\zip.dll
0x00007ffe5c6a0000 - 0x00007ffe5c6b1000 	C:\Program Files\Java\jdk-21.0.10\bin\net.dll
0x00007ffed0430000 - 0x00007ffed0559000 	C:\WINDOWS\SYSTEM32\WINHTTP.dll
0x00007ffed9bf0000 - 0x00007ffed9c5c000 	C:\WINDOWS\system32\mswsock.dll
0x00007ffe5c680000 - 0x00007ffe5c696000 	C:\Program Files\Java\jdk-21.0.10\bin\nio.dll
0x00007ffe5b780000 - 0x00007ffe5b790000 	C:\Program Files\Java\jdk-21.0.10\bin\verify.dll
0x00007ffed3af0000 - 0x00007ffed3b17000 	C:\Users\ASUS\.gradle\native\660c5614fbf4a5f2a75b1949f50a0caf5cd603558e7d8a26e50b933a0cfb79d1\windows-amd64\native-platform.dll
0x00007ffeb4280000 - 0x00007ffeb42f7000 	C:\Users\ASUS\.gradle\native\0.2.8\x86_64-windows-gnu\gradle-fileevents.dll
0x00007ffed3bc0000 - 0x00007ffed3bca000 	C:\Program Files\Java\jdk-21.0.10\bin\management.dll
0x00007ffed3bb0000 - 0x00007ffed3bbc000 	C:\Program Files\Java\jdk-21.0.10\bin\management_ext.dll
0x00007ffedcb80000 - 0x00007ffedcb88000 	C:\WINDOWS\System32\PSAPI.DLL
0x00007ffed90e0000 - 0x00007ffed9112000 	C:\WINDOWS\SYSTEM32\IPHLPAPI.DLL
0x00007ffeddd50000 - 0x00007ffeddd5a000 	C:\WINDOWS\System32\NSI.dll
0x00007ffe5b770000 - 0x00007ffe5b779000 	C:\Program Files\Java\jdk-21.0.10\bin\extnet.dll
0x00007ffed9ed0000 - 0x00007ffed9eeb000 	C:\WINDOWS\SYSTEM32\CRYPTSP.dll
0x00007ffed95e0000 - 0x00007ffed9619000 	C:\WINDOWS\system32\rsaenh.dll
0x00007ffed9ca0000 - 0x00007ffed9cd3000 	C:\WINDOWS\SYSTEM32\USERENV.dll
0x00007ffeda7e0000 - 0x00007ffeda80a000 	C:\WINDOWS\SYSTEM32\bcrypt.dll
0x00007ffed9ef0000 - 0x00007ffed9efc000 	C:\WINDOWS\SYSTEM32\CRYPTBASE.dll
0x00007ffed7cf0000 - 0x00007ffed7cfe000 	C:\Program Files\Java\jdk-21.0.10\bin\sunmscapi.dll
0x00007ffedba10000 - 0x00007ffedbb88000 	C:\WINDOWS\System32\CRYPT32.dll
0x00007ffeda0f0000 - 0x00007ffeda120000 	C:\WINDOWS\SYSTEM32\ncrypt.dll
0x00007ffeda0a0000 - 0x00007ffeda0df000 	C:\WINDOWS\SYSTEM32\NTASN1.dll
0x00007ffe92d90000 - 0x00007ffe92d98000 	C:\WINDOWS\system32\wshunix.dll

dbghelp: loaded successfully - version: 4.0.5 - missing functions: none
symbol engine: initialized successfully - sym options: 0x614 - pdb path: .;C:\Program Files\Java\jdk-21.0.10\bin;C:\WINDOWS\SYSTEM32;C:\WINDOWS\WinSxS\amd64_microsoft.windows.common-controls_6595b64144ccf1df_6.0.26100.8457_none_3e0b2faee331e92d;C:\Program Files\Java\jdk-21.0.10\bin\server;C:\Users\ASUS\.gradle\native\660c5614fbf4a5f2a75b1949f50a0caf5cd603558e7d8a26e50b933a0cfb79d1\windows-amd64;C:\Users\ASUS\.gradle\native\0.2.8\x86_64-windows-gnu

VM Arguments:
jvm_args: --add-opens=java.base/java.lang=ALL-UNNAMED --add-opens=java.base/java.lang.invoke=ALL-UNNAMED --add-opens=java.base/java.util=ALL-UNNAMED --add-opens=java.prefs/java.util.prefs=ALL-UNNAMED --add-exports=jdk.compiler/com.sun.tools.javac.api=ALL-UNNAMED --add-exports=jdk.compiler/com.sun.tools.javac.util=ALL-UNNAMED --add-opens=java.base/java.util=ALL-UNNAMED --add-opens=java.prefs/java.util.prefs=ALL-UNNAMED --add-opens=java.base/java.nio.charset=ALL-UNNAMED --add-opens=java.base/java.net=ALL-UNNAMED --add-opens=java.base/java.util.concurrent=ALL-UNNAMED --add-opens=java.base/java.util.concurrent.atomic=ALL-UNNAMED --add-opens=java.xml/javax.xml.namespace=ALL-UNNAMED --add-opens=java.base/java.time=ALL-UNNAMED -XX:MaxMetaspaceSize=384m -XX:+HeapDumpOnOutOfMemoryError -Xms256m -Xmx512m -Dfile.encoding=UTF-8 -Duser.country=ID -Duser.language=id -Duser.variant -javaagent:C:\Users\ASUS\.gradle\wrapper\dists\gradle-9.2.0-bin\11i5gvueggl8a5cioxuftxrik\gradle-9.2.0\lib\agents\gradle-instrumentation-agent-9.2.0.jar 
java_command: org.gradle.launcher.daemon.bootstrap.GradleDaemon 9.2.0
java_class_path (initial): C:\Users\ASUS\.gradle\wrapper\dists\gradle-9.2.0-bin\11i5gvueggl8a5cioxuftxrik\gradle-9.2.0\lib\gradle-daemon-main-9.2.0.jar
Launcher Type: SUN_STANDARD

[Global flags]
     intx CICompilerCount                          = 4                                         {product} {ergonomic}
   size_t CompressedClassSpaceSize                 = 335544320                                 {product} {ergonomic}
     uint ConcGCThreads                            = 2                                         {product} {ergonomic}
     uint G1ConcRefinementThreads                  = 8                                         {product} {ergonomic}
   size_t G1HeapRegionSize                         = 1048576                                   {product} {ergonomic}
    uintx GCDrainStackTargetSize                   = 64                                        {product} {ergonomic}
     bool HeapDumpOnOutOfMemoryError               = true                                   {manageable} {command line}
   size_t InitialHeapSize                          = 268435456                                 {product} {command line}
   size_t MarkStackSize                            = 4194304                                   {product} {ergonomic}
   size_t MaxHeapSize                              = 536870912                                 {product} {command line}
   size_t MaxMetaspaceSize                         = 402653184                                 {product} {command line}
   size_t MaxNewSize                               = 321912832                                 {product} {ergonomic}
   size_t MinHeapDeltaBytes                        = 1048576                                   {product} {ergonomic}
   size_t MinHeapSize                              = 268435456                                 {product} {command line}
    uintx NonNMethodCodeHeapSize                   = 5839372                                {pd product} {ergonomic}
    uintx NonProfiledCodeHeapSize                  = 122909434                              {pd product} {ergonomic}
    uintx ProfiledCodeHeapSize                     = 122909434                              {pd product} {ergonomic}
    uintx ReservedCodeCacheSize                    = 251658240                              {pd product} {ergonomic}
     bool SegmentedCodeCache                       = true                                      {product} {ergonomic}
   size_t SoftMaxHeapSize                          = 536870912                              {manageable} {ergonomic}
     bool UseCompressedOops                        = true                           {product lp64_product} {ergonomic}
     bool UseG1GC                                  = true                                      {product} {ergonomic}
     bool UseLargePagesIndividualAllocation        = false                                  {pd product} {ergonomic}

Logging:
Log output configuration:
 #0: stdout all=warning uptime,level,tags foldmultilines=false
 #1: stderr all=off uptime,level,tags foldmultilines=false

Environment Variables:
JAVA_HOME=C:\Program Files\Java\jdk-21.0.10
PATH=C:\Program Files\Common Files\Oracle\Java\javapath;C:\WINDOWS\system32;C:\WINDOWS;C:\WINDOWS\System32\Wbem;C:\WINDOWS\System32\WindowsPowerShell\v1.0\;C:\WINDOWS\System32\OpenSSH\;C:\Program Files\Git\cmd;C:\Program Files\Java\jdk-21.0.10\bin;C:\Program Files\nodejs\;C:\Users\ASUS\AppData\Local\Microsoft\WindowsApps;C:\Users\ASUS\AppData\Local\Programs\Microsoft VS Code\bin;C:\Users\ASUS\AppData\Roaming\npm
USERNAME=ASUS
OS=Windows_NT
PROCESSOR_IDENTIFIER=AMD64 Family 23 Model 160 Stepping 0, AuthenticAMD
TMP=C:\Users\ASUS\AppData\Local\Temp
TEMP=C:\Users\ASUS\AppData\Local\Temp




Periodic native trim disabled

---------------  S Y S T E M  ---------------

OS:
 Windows 11 , 64 bit Build 26100 (10.0.26100.8328)
OS uptime: 3 days 2:44 hours

CPU: total 8 (initial active 8) (8 cores per cpu, 2 threads per core) family 23 model 160 stepping 0 microcode 0x8a00006, cx8, cmov, fxsr, ht, mmx, 3dnowpref, sse, sse2, sse3, ssse3, sse4a, sse4.1, sse4.2, popcnt, lzcnt, tsc, tscinvbit, avx, avx2, aes, clmul, bmi1, bmi2, adx, sha, fma, vzeroupper, clflush, clflushopt, rdtscp, rdpid, f16c
Processor Information for all 8 processors :
  Max Mhz: 2801, Current Mhz: 2483, Mhz Limit: 2801

Memory: 4k page, system-wide physical 7455M (319M free)
TotalPageFile size 29983M (AvailPageFile size 1M)
current process WorkingSet (physical memory assigned to process): 301M, peak: 301M
current process commit charge ("private bytes"): 470M, peak: 472M

vm_info: Java HotSpot(TM) 64-Bit Server VM (21.0.10+8-LTS-217) for windows-amd64 JRE (21.0.10+8-LTS-217), built on 2025-12-18T14:59:28Z by "mach5run" with MS VC++ 17.13 (VS2022)

END.
